2023-12-27 00:50:52 - verbose: Arguments:
2023-12-27 00:50:52 - verbose:   C:\ProgramData\cocos\editors\Creator\3.7.4\CocosCreator.exe: true
2023-12-27 00:50:52 - verbose:   project: D:\cocos_projects\physics_education_game
2023-12-27 00:50:52 - verbose:   can-show-upgrade-dialog: true
2023-12-27 00:50:52 - verbose:   dev: false
2023-12-27 00:50:52 - verbose:   home: C:\Users\AKA_CAI\.CocosCreator
2023-12-27 00:50:52 - verbose:  
2023-12-27 00:50:57 - verbose: [Package] menu@1.0.0 enable
2023-12-27 00:50:57 - verbose: [Package] profile@1.0.0 enable
2023-12-27 00:50:57 - verbose: [Package] project@1.0.4 enable
2023-12-27 00:50:57 - verbose: [Package] messages@1.0.0 enable
2023-12-27 00:50:57 - verbose: [Package] program@1.0.3 enable
2023-12-27 00:50:57 - verbose: [Package] tester@1.0.0 enable
2023-12-27 00:50:57 - verbose: [Package] information@1.0.0 enable
2023-12-27 00:50:57 - verbose: [Package] preferences@1.0.0 enable
2023-12-27 00:51:04 - log: Load engine in C:\ProgramData\cocos\editors\Creator\3.7.4\resources\resources\3d\engine
2023-12-27 00:51:07 - log: Register native engine in C:\ProgramData\cocos\editors\Creator\3.7.4\resources\resources\3d\engine\native
2023-12-27 00:51:07 - verbose: [Package] engine@1.0.7 enable
2023-12-27 00:51:08 - verbose: [Package] programming@1.0.0 enable
2023-12-27 00:51:08 - verbose: [Package] device@1.0.1 enable
2023-12-27 00:51:08 - verbose: [Package] ui-kit@1.0.1 enable
2023-12-27 00:51:09 - verbose: [Package] asset-db@1.0.0 enable
2023-12-27 00:51:09 - verbose: [Package] scene@1.0.0 enable
2023-12-27 00:51:09 - verbose: [Package] server@1.0.0 enable
2023-12-27 00:51:09 - verbose: [Package] utils@1.0.0 enable
2023-12-27 00:51:26 - error: [Programming] {hidden(::PackerDriver::)} Failed to load import map at project://: Error: EISDIR: illegal operation on a directory, read[Programming] {hidden(::PackerDriver::)} Failed to load import map at project://: Error: EISDIR: illegal operation on a directory, read  
at PackerDriverLogger.error (C:\ProgramData\cocos\editors\Creator\3.7.4\resources\app.asar\builtin\programming\dist\packer-driver\logger.ccc:1:961)  
at querySharedSettings (C:\ProgramData\cocos\editors\Creator\3.7.4\resources\app.asar\builtin\programming\dist\shared\query-shared-settings.ccc:1:891)  
at async Function._createIncrementalRecord (C:\ProgramData\cocos\editors\Creator\3.7.4\resources\app.asar\builtin\programming\dist\packer-driver\packer-driver.ccc:1:7602)  
at async Function.create (C:\ProgramData\cocos\editors\Creator\3.7.4\resources\app.asar\builtin\programming\dist\packer-driver\packer-driver.ccc:1:2289)  
at async C:\ProgramData\cocos\editors\Creator\3.7.4\resources\app.asar\builtin\programming\dist\worker\messages.ccc:1:1998
2023-12-27 00:51:26 - verbose: [Package] preview@1.0.1 enable
2023-12-27 00:51:26 - verbose: [Package] animator@1.0.0 enable
2023-12-27 00:51:26 - verbose: [Build-plugin] register pkg scene: 3ms
2023-12-27 00:51:26 - verbose: Builder PluginManager init: 3ms
2023-12-27 00:51:26 - verbose: [Package] builder@1.3.5 enable
2023-12-27 00:51:26 - verbose: [Package] shortcuts@1.0.1 enable
2023-12-27 00:51:26 - verbose: [Package] animation-graph@1.0.0 enable
2023-12-27 00:51:26 - verbose: [Package] about@1.0.0 enable
2023-12-27 00:51:26 - verbose: [Package] assets@1.0.0 enable
2023-12-27 00:51:27 - verbose: [Package] console@1.0.0 enable
2023-12-27 00:51:27 - verbose: [Package] crash-reporter@1.0.0 enable
2023-12-27 00:51:27 - verbose: [Package] extension@3.1.1 enable
2023-12-27 00:51:27 - verbose: [Package] hierarchy@1.0.0 enable
2023-12-27 00:51:27 - verbose: [Package] inspector@1.0.0 enable
2023-12-27 00:51:28 - verbose: [Package] light-probe@1.0.4 enable
2023-12-27 00:51:28 - verbose: [Package] lightmap@1.0.4 enable
2023-12-27 00:51:28 - verbose: [Package] node-library@1.0.1 enable
2023-12-27 00:51:28 - verbose: [Package] package-asset@1.0.1 enable
2023-12-27 00:51:28 - verbose: [Package] process@1.0.0 enable
2023-12-27 00:51:28 - verbose: [Package] reference-image@1.0.0 enable
2023-12-27 00:51:28 - verbose: [Package] reflection-probe@1.0.4 enable
2023-12-27 00:51:28 - verbose: [Package] engine-extends@1.0.0 enable
2023-12-27 00:51:28 - verbose: [Package] alipay-mini-game@1.0.1 enable
2023-12-27 00:51:28 - verbose: [Package] android@1.0.1 enable
2023-12-27 00:51:28 - verbose: [Package] bytedance-mini-game@1.0.2 enable
2023-12-27 00:51:28 - verbose: [Package] certificate@1.0.0 enable
2023-12-27 00:51:28 - verbose: [Package] channel-upload-tools@1.0.0 enable
2023-12-27 00:51:28 - verbose: [Package] fb-instant-games@1.0.0 enable
2023-12-27 00:51:28 - verbose: [Package] huawei-agc@1.0.0 enable
2023-12-27 00:51:33 - verbose: [Package] cocos-service@3.0.7 enable
2023-12-27 00:51:33 - verbose: [Build-plugin] register pkg cocos-service: 130ms
2023-12-27 00:51:33 - verbose: [Package] huawei-quick-game@1.0.1 enable
2023-12-27 00:51:33 - verbose: [Package] ios@1.0.0 enable
2023-12-27 00:51:33 - verbose: [Package] linux@1.0.0 enable
2023-12-27 00:51:33 - verbose: [Package] mac@1.0.0 enable
2023-12-27 00:51:33 - verbose: [Package] native@1.0.2 enable
2023-12-27 00:51:33 - verbose: [Build-plugin] register pkg native: 111ms
2023-12-27 00:51:33 - verbose: [Package] ohos@1.0.0 enable
2023-12-27 00:51:33 - verbose: [Build-plugin] register pkg android: 5245ms
2023-12-27 00:51:33 - verbose: [Build-plugin] register pkg alipay-mini-game: 5285ms
2023-12-27 00:51:33 - verbose: [Build-plugin] register pkg bytedance-mini-game: 5181ms
2023-12-27 00:51:33 - verbose: [Package] open-harmonyos@1.0.0 enable
2023-12-27 00:51:33 - verbose: [Package] oppo-mini-game@1.0.1 enable
2023-12-27 00:51:33 - verbose: [Package] runtime-dev-tools@1.0.0 enable
2023-12-27 00:51:33 - verbose: [Package] taobao-creative-app@1.0.0 enable
2023-12-27 00:51:33 - verbose: [Build-plugin] register pkg fb-instant-games: 5191ms
2023-12-27 00:51:33 - verbose: [Build-plugin] register pkg huawei-quick-game: 426ms
2023-12-27 00:51:33 - verbose: [Package] taobao-mini-game@1.0.0 enable
2023-12-27 00:51:33 - verbose: [Package] vivo-mini-game@1.0.1 enable
2023-12-27 00:51:33 - verbose: [Package] web-desktop@1.0.1 enable
2023-12-27 00:51:33 - verbose: [Build-plugin] register pkg huawei-agc: 5275ms
2023-12-27 00:51:33 - verbose: [Build-plugin] register pkg mac: 448ms
2023-12-27 00:51:33 - verbose: [Build-plugin] register pkg ios: 507ms
2023-12-27 00:51:33 - verbose: [Package] web-mobile@1.0.1 enable
2023-12-27 00:51:33 - verbose: [Package] wechatgame@1.0.2 enable
2023-12-27 00:51:33 - verbose: [Package] wechatprogram@1.0.2 enable
2023-12-27 00:51:33 - verbose: [Build-plugin] register pkg oppo-mini-game: 262ms
2023-12-27 00:51:33 - verbose: [Package] windows@1.0.1 enable
2023-12-27 00:51:33 - verbose: [Package] xiaomi-quick-game@1.0.1 enable
2023-12-27 00:51:33 - verbose: [Build-plugin] register pkg vivo-mini-game: 228ms
2023-12-27 00:51:33 - verbose: [Build-plugin] register pkg taobao-creative-app: 284ms
2023-12-27 00:51:34 - verbose: [Package] im-plugin@3.0.10 enable
2023-12-27 00:51:34 - verbose: [Build-plugin] register pkg taobao-mini-game: 622ms
2023-12-27 00:51:34 - verbose: [Build-plugin] register pkg web-desktop: 541ms
2023-12-27 00:51:34 - verbose: [Build-plugin] register pkg ohos: 756ms
2023-12-27 00:51:34 - verbose: [Package] placeholder@1.0.0 enable
2023-12-27 00:51:34 - verbose: [Build-plugin] register pkg wechatgame: 586ms
2023-12-27 00:51:34 - verbose: [Build-plugin] register pkg web-mobile: 621ms
2023-12-27 00:51:34 - verbose: [Build-plugin] register pkg xiaomi-quick-game: 652ms
2023-12-27 00:51:34 - verbose: [Build-plugin] register pkg windows: 801ms
2023-12-27 00:51:34 - verbose: asset-db is ready!
2023-12-27 00:51:44 - info: [Scene] [Physics][Bullet]: Using asmjs Bullet libs.
2023-12-27 00:51:44 - info: [Scene] [PHYSICS]: using builtin.
2023-12-27 00:51:45 - log: [Scene] Cocos Creator v3.7.4
2023-12-27 00:51:45 - info: [Scene] Forward render pipeline initialized.
2023-12-27 00:51:45 - warn: [Scene] The 'default' attribute of 'MScrollView.spacing' must be an arrayError: [Scene] The 'default' attribute of 'MScrollView.spacing' must be an array
    at warn (C:\ProgramData\cocos\editors\Creator\3.7.4\resources\resources\3d\engine\bin\.cache\dev\editor\bundled\index.js:169627:12)
    at warnID (C:\ProgramData\cocos\editors\Creator\3.7.4\resources\resources\3d\engine\bin\.cache\dev\editor\bundled\index.js:169846:5)
    at parseType (C:\ProgramData\cocos\editors\Creator\3.7.4\resources\resources\3d\engine\bin\.cache\dev\editor\bundled\index.js:288041:11)
    at preprocessAttrs (C:\ProgramData\cocos\editors\Creator\3.7.4\resources\resources\3d\engine\bin\.cache\dev\editor\bundled\index.js:288197:11)
    at declareProperties (C:\ProgramData\cocos\editors\Creator\3.7.4\resources\resources\3d\engine\bin\.cache\dev\editor\bundled\index.js:150838:7)
    at CCClass (C:\ProgramData\cocos\editors\Creator\3.7.4\resources\resources\3d\engine\bin\.cache\dev\editor\bundled\index.js:150875:5)
    at eval (C:\ProgramData\cocos\editors\Creator\3.7.4\resources\resources\3d\engine\bin\.cache\dev\editor\bundled\index.js:286034:21)
2023-12-27 00:51:45 - warn: [Scene] The 'default' attribute of 'MScrollView.beginSpacing' must be an arrayError: [Scene] The 'default' attribute of 'MScrollView.beginSpacing' must be an array
    at warn (C:\ProgramData\cocos\editors\Creator\3.7.4\resources\resources\3d\engine\bin\.cache\dev\editor\bundled\index.js:169627:12)
    at warnID (C:\ProgramData\cocos\editors\Creator\3.7.4\resources\resources\3d\engine\bin\.cache\dev\editor\bundled\index.js:169846:5)
    at parseType (C:\ProgramData\cocos\editors\Creator\3.7.4\resources\resources\3d\engine\bin\.cache\dev\editor\bundled\index.js:288041:11)
    at preprocessAttrs (C:\ProgramData\cocos\editors\Creator\3.7.4\resources\resources\3d\engine\bin\.cache\dev\editor\bundled\index.js:288197:11)
    at declareProperties (C:\ProgramData\cocos\editors\Creator\3.7.4\resources\resources\3d\engine\bin\.cache\dev\editor\bundled\index.js:150838:7)
    at CCClass (C:\ProgramData\cocos\editors\Creator\3.7.4\resources\resources\3d\engine\bin\.cache\dev\editor\bundled\index.js:150875:5)
    at eval (C:\ProgramData\cocos\editors\Creator\3.7.4\resources\resources\3d\engine\bin\.cache\dev\editor\bundled\index.js:286034:21)
2023-12-27 00:51:45 - warn: [Scene] The 'default' attribute of 'MScrollView.endSpacing' must be an arrayError: [Scene] The 'default' attribute of 'MScrollView.endSpacing' must be an array
    at warn (C:\ProgramData\cocos\editors\Creator\3.7.4\resources\resources\3d\engine\bin\.cache\dev\editor\bundled\index.js:169627:12)
    at warnID (C:\ProgramData\cocos\editors\Creator\3.7.4\resources\resources\3d\engine\bin\.cache\dev\editor\bundled\index.js:169846:5)
    at parseType (C:\ProgramData\cocos\editors\Creator\3.7.4\resources\resources\3d\engine\bin\.cache\dev\editor\bundled\index.js:288041:11)
    at preprocessAttrs (C:\ProgramData\cocos\editors\Creator\3.7.4\resources\resources\3d\engine\bin\.cache\dev\editor\bundled\index.js:288197:11)
    at declareProperties (C:\ProgramData\cocos\editors\Creator\3.7.4\resources\resources\3d\engine\bin\.cache\dev\editor\bundled\index.js:150838:7)
    at CCClass (C:\ProgramData\cocos\editors\Creator\3.7.4\resources\resources\3d\engine\bin\.cache\dev\editor\bundled\index.js:150875:5)
    at eval (C:\ProgramData\cocos\editors\Creator\3.7.4\resources\resources\3d\engine\bin\.cache\dev\editor\bundled\index.js:286034:21)
2023-12-27 00:51:45 - info: [Scene] [PHYSICS]: switch from builtin to bullet.
2023-12-27 00:51:45 - info: [Scene] [PHYSICS2D]: switch from builtin to box2d.
2023-12-27 00:51:47 - warn: [Scene] The 'default' attribute of 'MScrollView.spacing' must be an arrayError: [Scene] The 'default' attribute of 'MScrollView.spacing' must be an array
    at warn (C:\ProgramData\cocos\editors\Creator\3.7.4\resources\resources\3d\engine\bin\.cache\dev\editor\bundled\index.js:169627:12)
    at warnID (C:\ProgramData\cocos\editors\Creator\3.7.4\resources\resources\3d\engine\bin\.cache\dev\editor\bundled\index.js:169846:5)
    at parseType (C:\ProgramData\cocos\editors\Creator\3.7.4\resources\resources\3d\engine\bin\.cache\dev\editor\bundled\index.js:288041:11)
    at preprocessAttrs (C:\ProgramData\cocos\editors\Creator\3.7.4\resources\resources\3d\engine\bin\.cache\dev\editor\bundled\index.js:288197:11)
    at declareProperties (C:\ProgramData\cocos\editors\Creator\3.7.4\resources\resources\3d\engine\bin\.cache\dev\editor\bundled\index.js:150838:7)
    at CCClass (C:\ProgramData\cocos\editors\Creator\3.7.4\resources\resources\3d\engine\bin\.cache\dev\editor\bundled\index.js:150875:5)
    at eval (C:\ProgramData\cocos\editors\Creator\3.7.4\resources\resources\3d\engine\bin\.cache\dev\editor\bundled\index.js:286034:21)
2023-12-27 00:51:47 - warn: [Scene] The 'default' attribute of 'MScrollView.beginSpacing' must be an arrayError: [Scene] The 'default' attribute of 'MScrollView.beginSpacing' must be an array
    at warn (C:\ProgramData\cocos\editors\Creator\3.7.4\resources\resources\3d\engine\bin\.cache\dev\editor\bundled\index.js:169627:12)
    at warnID (C:\ProgramData\cocos\editors\Creator\3.7.4\resources\resources\3d\engine\bin\.cache\dev\editor\bundled\index.js:169846:5)
    at parseType (C:\ProgramData\cocos\editors\Creator\3.7.4\resources\resources\3d\engine\bin\.cache\dev\editor\bundled\index.js:288041:11)
    at preprocessAttrs (C:\ProgramData\cocos\editors\Creator\3.7.4\resources\resources\3d\engine\bin\.cache\dev\editor\bundled\index.js:288197:11)
    at declareProperties (C:\ProgramData\cocos\editors\Creator\3.7.4\resources\resources\3d\engine\bin\.cache\dev\editor\bundled\index.js:150838:7)
    at CCClass (C:\ProgramData\cocos\editors\Creator\3.7.4\resources\resources\3d\engine\bin\.cache\dev\editor\bundled\index.js:150875:5)
    at eval (C:\ProgramData\cocos\editors\Creator\3.7.4\resources\resources\3d\engine\bin\.cache\dev\editor\bundled\index.js:286034:21)
2023-12-27 00:51:47 - warn: [Scene] The 'default' attribute of 'MScrollView.endSpacing' must be an arrayError: [Scene] The 'default' attribute of 'MScrollView.endSpacing' must be an array
    at warn (C:\ProgramData\cocos\editors\Creator\3.7.4\resources\resources\3d\engine\bin\.cache\dev\editor\bundled\index.js:169627:12)
    at warnID (C:\ProgramData\cocos\editors\Creator\3.7.4\resources\resources\3d\engine\bin\.cache\dev\editor\bundled\index.js:169846:5)
    at parseType (C:\ProgramData\cocos\editors\Creator\3.7.4\resources\resources\3d\engine\bin\.cache\dev\editor\bundled\index.js:288041:11)
    at preprocessAttrs (C:\ProgramData\cocos\editors\Creator\3.7.4\resources\resources\3d\engine\bin\.cache\dev\editor\bundled\index.js:288197:11)
    at declareProperties (C:\ProgramData\cocos\editors\Creator\3.7.4\resources\resources\3d\engine\bin\.cache\dev\editor\bundled\index.js:150838:7)
    at CCClass (C:\ProgramData\cocos\editors\Creator\3.7.4\resources\resources\3d\engine\bin\.cache\dev\editor\bundled\index.js:150875:5)
    at eval (C:\ProgramData\cocos\editors\Creator\3.7.4\resources\resources\3d\engine\bin\.cache\dev\editor\bundled\index.js:286034:21)
2023-12-27 00:53:16 - info: [PreviewInEditor] 预览环境初始化完毕
2023-12-27 00:53:17 - info: [PreviewInEditor] [Physics][Bullet]: Using asmjs Bullet libs.
2023-12-27 00:53:17 - info: [PreviewInEditor] [PHYSICS]: using builtin.
2023-12-27 00:53:17 - log: [PreviewInEditor] Cocos Creator v3.7.4
2023-12-27 00:53:17 - info: [PreviewInEditor] Forward render pipeline initialized.
2023-12-27 00:53:17 - warn: [PreviewInEditor] The 'default' attribute of 'MScrollView.spacing' must be an arrayError: [PreviewInEditor] The 'default' attribute of 'MScrollView.spacing' must be an array
    at warn (C:\ProgramData\cocos\editors\Creator\3.7.4\resources\resources\3d\engine\bin\.cache\dev\editor\bundled\index.js:169627:12)
    at warnID (C:\ProgramData\cocos\editors\Creator\3.7.4\resources\resources\3d\engine\bin\.cache\dev\editor\bundled\index.js:169846:5)
    at parseType (C:\ProgramData\cocos\editors\Creator\3.7.4\resources\resources\3d\engine\bin\.cache\dev\editor\bundled\index.js:288041:11)
    at preprocessAttrs (C:\ProgramData\cocos\editors\Creator\3.7.4\resources\resources\3d\engine\bin\.cache\dev\editor\bundled\index.js:288197:11)
    at declareProperties (C:\ProgramData\cocos\editors\Creator\3.7.4\resources\resources\3d\engine\bin\.cache\dev\editor\bundled\index.js:150838:7)
    at CCClass (C:\ProgramData\cocos\editors\Creator\3.7.4\resources\resources\3d\engine\bin\.cache\dev\editor\bundled\index.js:150875:5)
    at eval (C:\ProgramData\cocos\editors\Creator\3.7.4\resources\resources\3d\engine\bin\.cache\dev\editor\bundled\index.js:286034:21)
2023-12-27 00:53:18 - warn: [PreviewInEditor] The 'default' attribute of 'MScrollView.beginSpacing' must be an arrayError: [PreviewInEditor] The 'default' attribute of 'MScrollView.beginSpacing' must be an array
    at warn (C:\ProgramData\cocos\editors\Creator\3.7.4\resources\resources\3d\engine\bin\.cache\dev\editor\bundled\index.js:169627:12)
    at warnID (C:\ProgramData\cocos\editors\Creator\3.7.4\resources\resources\3d\engine\bin\.cache\dev\editor\bundled\index.js:169846:5)
    at parseType (C:\ProgramData\cocos\editors\Creator\3.7.4\resources\resources\3d\engine\bin\.cache\dev\editor\bundled\index.js:288041:11)
    at preprocessAttrs (C:\ProgramData\cocos\editors\Creator\3.7.4\resources\resources\3d\engine\bin\.cache\dev\editor\bundled\index.js:288197:11)
    at declareProperties (C:\ProgramData\cocos\editors\Creator\3.7.4\resources\resources\3d\engine\bin\.cache\dev\editor\bundled\index.js:150838:7)
    at CCClass (C:\ProgramData\cocos\editors\Creator\3.7.4\resources\resources\3d\engine\bin\.cache\dev\editor\bundled\index.js:150875:5)
    at eval (C:\ProgramData\cocos\editors\Creator\3.7.4\resources\resources\3d\engine\bin\.cache\dev\editor\bundled\index.js:286034:21)
2023-12-27 00:53:18 - warn: [PreviewInEditor] The 'default' attribute of 'MScrollView.endSpacing' must be an arrayError: [PreviewInEditor] The 'default' attribute of 'MScrollView.endSpacing' must be an array
    at warn (C:\ProgramData\cocos\editors\Creator\3.7.4\resources\resources\3d\engine\bin\.cache\dev\editor\bundled\index.js:169627:12)
    at warnID (C:\ProgramData\cocos\editors\Creator\3.7.4\resources\resources\3d\engine\bin\.cache\dev\editor\bundled\index.js:169846:5)
    at parseType (C:\ProgramData\cocos\editors\Creator\3.7.4\resources\resources\3d\engine\bin\.cache\dev\editor\bundled\index.js:288041:11)
    at preprocessAttrs (C:\ProgramData\cocos\editors\Creator\3.7.4\resources\resources\3d\engine\bin\.cache\dev\editor\bundled\index.js:288197:11)
    at declareProperties (C:\ProgramData\cocos\editors\Creator\3.7.4\resources\resources\3d\engine\bin\.cache\dev\editor\bundled\index.js:150838:7)
    at CCClass (C:\ProgramData\cocos\editors\Creator\3.7.4\resources\resources\3d\engine\bin\.cache\dev\editor\bundled\index.js:150875:5)
    at eval (C:\ProgramData\cocos\editors\Creator\3.7.4\resources\resources\3d\engine\bin\.cache\dev\editor\bundled\index.js:286034:21)
2023-12-27 00:53:18 - info: [PreviewInEditor] [PHYSICS]: switch from builtin to bullet.
2023-12-27 00:53:18 - info: [PreviewInEditor] [PHYSICS2D]: switch from builtin to box2d.
2023-12-27 00:53:20 - log: [PreviewInEditor] TimerManager初始化完成!
2023-12-27 00:53:20 - log: [PreviewInEditor] GameManager初始化完成!
2023-12-27 00:53:20 - log: [PreviewInEditor] UIManager初始化完成!
2023-12-27 00:53:20 - log: [PreviewInEditor] 成功加载bundle包： game_tip
2023-12-27 00:53:20 - log: [PreviewInEditor] 成功加载bundle包： map
2023-12-27 00:53:20 - log: [PreviewInEditor] 成功加载asset： 100001
2023-12-27 00:53:20 - error: [PreviewInEditor] Can't add component 'cc.UITransform' because 静止的三角形 already contains the same component.Error: Can't add component 'cc.UITransform' because 静止的三角形 already contains the same component.
    at Node.eval [as _checkMultipleComp] (C:\ProgramData\cocos\editors\Creator\3.7.4\resources\resources\3d\engine\bin\.cache\dev\editor\bundled\index.js:43750:19)
    at Node.addComponent (C:\ProgramData\cocos\editors\Creator\3.7.4\resources\resources\3d\engine\bin\.cache\dev\editor\bundled\index.js:45855:18)
    at RightTriangleObject.init (file:///D:/cocos_projects/physics_education_game/temp/programming/packer-driver/targets/editor/chunks/16/file:/D:/cocos_projects/physics_education_game/assets/scripts/modules/game/game_objects/RightTriangleObject.ts:16:38)
    at ObjectFactory.getObject (file:///D:/cocos_projects/physics_education_game/temp/programming/packer-driver/targets/editor/chunks/3a/file:/D:/cocos_projects/physics_education_game/assets/scripts/modules/game/ObjectFactory.ts:48:16)
    at finishCb (file:///D:/cocos_projects/physics_education_game/temp/programming/packer-driver/targets/editor/chunks/32/file:/D:/cocos_projects/physics_education_game/assets/scripts/manager/map_manager/MapManager.ts:38:58)
    at apply (file:///D:/cocos_projects/physics_education_game/temp/programming/packer-driver/targets/editor/chunks/63/file:/D:/cocos_projects/physics_education_game/assets/scripts/manager/map_manager/MapData.ts:57:17)
    at file:///D:/cocos_projects/physics_education_game/temp/programming/packer-driver/targets/editor/chunks/9f/file:/D:/cocos_projects/physics_education_game/assets/scripts/manager/ResManager.ts:126:42
    at eval (C:\ProgramData\cocos\editors\Creator\3.7.4\resources\resources\3d\engine\bin\.cache\dev\editor\bundled\index.js:139385:9)
    at eval (C:\ProgramData\cocos\editors\Creator\3.7.4\resources\resources\3d\engine\bin\.cache\dev\editor\bundled\index.js:174025:9)
2023-12-27 00:53:21 - log: [PreviewInEditor] 成功加载asset： game_tip_view
2023-12-27 00:53:21 - log: [PreviewInEditor] 成功打开Panel： GameTip
2023-12-27 00:53:21 - log: [PreviewInEditor] 成功加载asset： game_tip_item
2023-12-27 00:53:42 - log: [PreviewInEditor] TimerManager初始化完成!
2023-12-27 00:53:42 - log: [PreviewInEditor] GameManager初始化完成!
2023-12-27 00:53:42 - log: [PreviewInEditor] UIManager初始化完成!
2023-12-27 00:53:42 - log: [PreviewInEditor] GameManager初始化完成!
2023-12-27 00:53:42 - log: [PreviewInEditor] UIManager初始化完成!
2023-12-27 00:53:42 - log: [PreviewInEditor] 成功加载bundle包： game_tip
2023-12-27 00:53:42 - log: [PreviewInEditor] 成功加载bundle包： map
2023-12-27 00:53:42 - error: [PreviewInEditor] Cannot read property 'start' of nullTypeError: Cannot read property 'start' of null
    at GameApp.apply [as onInitFinish] (file:///D:/cocos_projects/physics_education_game/temp/programming/packer-driver/targets/editor/chunks/5a/file:/D:/cocos_projects/physics_education_game/assets/scripts/GameApp.ts:51:23)
    at Function.dispatchEvent (file:///D:/cocos_projects/physics_education_game/temp/programming/packer-driver/targets/editor/chunks/1f/file:/D:/cocos_projects/physics_education_game/assets/scripts/manager/event_manager/EventManager.ts:76:36)
    at finishCb (file:///D:/cocos_projects/physics_education_game/temp/programming/packer-driver/targets/editor/chunks/32/file:/D:/cocos_projects/physics_education_game/assets/scripts/manager/map_manager/MapManager.ts:24:30)
    at apply (file:///D:/cocos_projects/physics_education_game/temp/programming/packer-driver/targets/editor/chunks/63/file:/D:/cocos_projects/physics_education_game/assets/scripts/manager/map_manager/MapData.ts:39:17)
    at ResManager.apply (file:///D:/cocos_projects/physics_education_game/temp/programming/packer-driver/targets/editor/chunks/9f/file:/D:/cocos_projects/physics_education_game/assets/scripts/manager/ResManager.ts:35:31)
    at file:///D:/cocos_projects/physics_education_game/temp/programming/packer-driver/targets/editor/chunks/9f/file:/D:/cocos_projects/physics_education_game/assets/scripts/manager/ResManager.ts:77:31
    at eval (C:\ProgramData\cocos\editors\Creator\3.7.4\resources\resources\3d\engine\bin\.cache\dev\editor\bundled\index.js:139385:9)
    at eval (C:\ProgramData\cocos\editors\Creator\3.7.4\resources\resources\3d\engine\bin\.cache\dev\editor\bundled\index.js:174025:9)
2023-12-27 00:53:42 - log: [PreviewInEditor] 成功加载bundle包： game_tip
2023-12-27 00:53:42 - log: [PreviewInEditor] 成功加载bundle包： map
2023-12-27 00:53:42 - error: [PreviewInEditor] Cannot read property 'start' of nullTypeError: Cannot read property 'start' of null
    at GameApp.apply [as onInitFinish] (file:///D:/cocos_projects/physics_education_game/temp/programming/packer-driver/targets/editor/chunks/5a/file:/D:/cocos_projects/physics_education_game/assets/scripts/GameApp.ts:51:23)
    at Function.dispatchEvent (file:///D:/cocos_projects/physics_education_game/temp/programming/packer-driver/targets/editor/chunks/1f/file:/D:/cocos_projects/physics_education_game/assets/scripts/manager/event_manager/EventManager.ts:76:36)
    at finishCb (file:///D:/cocos_projects/physics_education_game/temp/programming/packer-driver/targets/editor/chunks/32/file:/D:/cocos_projects/physics_education_game/assets/scripts/manager/map_manager/MapManager.ts:24:30)
    at apply (file:///D:/cocos_projects/physics_education_game/temp/programming/packer-driver/targets/editor/chunks/63/file:/D:/cocos_projects/physics_education_game/assets/scripts/manager/map_manager/MapData.ts:39:17)
    at ResManager.apply (file:///D:/cocos_projects/physics_education_game/temp/programming/packer-driver/targets/editor/chunks/9f/file:/D:/cocos_projects/physics_education_game/assets/scripts/manager/ResManager.ts:35:31)
    at file:///D:/cocos_projects/physics_education_game/temp/programming/packer-driver/targets/editor/chunks/9f/file:/D:/cocos_projects/physics_education_game/assets/scripts/manager/ResManager.ts:77:31
    at eval (C:\ProgramData\cocos\editors\Creator\3.7.4\resources\resources\3d\engine\bin\.cache\dev\editor\bundled\index.js:139385:9)
    at eval (C:\ProgramData\cocos\editors\Creator\3.7.4\resources\resources\3d\engine\bin\.cache\dev\editor\bundled\index.js:174025:9)
2023-12-27 00:53:42 - log: [PreviewInEditor] 成功加载asset： game_tip_view
2023-12-27 00:53:42 - log: [PreviewInEditor] 成功打开Panel： GameTip
2023-12-27 00:53:42 - log: [PreviewInEditor] 成功加载asset： game_tip_view
2023-12-27 00:53:42 - log: [PreviewInEditor] 成功打开Panel： GameTip
2023-12-27 00:53:42 - log: [PreviewInEditor] 成功加载asset： game_tip_item
2023-12-27 00:53:42 - log: [PreviewInEditor] 成功加载asset： game_tip_item
2023-12-27 00:58:56 - warn: [Scene] The 'default' attribute of 'MScrollView.spacing' must be an arrayError: [Scene] The 'default' attribute of 'MScrollView.spacing' must be an array
    at warn (C:\ProgramData\cocos\editors\Creator\3.7.4\resources\resources\3d\engine\bin\.cache\dev\editor\bundled\index.js:169627:12)
    at warnID (C:\ProgramData\cocos\editors\Creator\3.7.4\resources\resources\3d\engine\bin\.cache\dev\editor\bundled\index.js:169846:5)
    at parseType (C:\ProgramData\cocos\editors\Creator\3.7.4\resources\resources\3d\engine\bin\.cache\dev\editor\bundled\index.js:288041:11)
    at preprocessAttrs (C:\ProgramData\cocos\editors\Creator\3.7.4\resources\resources\3d\engine\bin\.cache\dev\editor\bundled\index.js:288197:11)
    at declareProperties (C:\ProgramData\cocos\editors\Creator\3.7.4\resources\resources\3d\engine\bin\.cache\dev\editor\bundled\index.js:150838:7)
    at CCClass (C:\ProgramData\cocos\editors\Creator\3.7.4\resources\resources\3d\engine\bin\.cache\dev\editor\bundled\index.js:150875:5)
    at eval (C:\ProgramData\cocos\editors\Creator\3.7.4\resources\resources\3d\engine\bin\.cache\dev\editor\bundled\index.js:286034:21)
2023-12-27 00:58:56 - warn: [Scene] The 'default' attribute of 'MScrollView.beginSpacing' must be an arrayError: [Scene] The 'default' attribute of 'MScrollView.beginSpacing' must be an array
    at warn (C:\ProgramData\cocos\editors\Creator\3.7.4\resources\resources\3d\engine\bin\.cache\dev\editor\bundled\index.js:169627:12)
    at warnID (C:\ProgramData\cocos\editors\Creator\3.7.4\resources\resources\3d\engine\bin\.cache\dev\editor\bundled\index.js:169846:5)
    at parseType (C:\ProgramData\cocos\editors\Creator\3.7.4\resources\resources\3d\engine\bin\.cache\dev\editor\bundled\index.js:288041:11)
    at preprocessAttrs (C:\ProgramData\cocos\editors\Creator\3.7.4\resources\resources\3d\engine\bin\.cache\dev\editor\bundled\index.js:288197:11)
    at declareProperties (C:\ProgramData\cocos\editors\Creator\3.7.4\resources\resources\3d\engine\bin\.cache\dev\editor\bundled\index.js:150838:7)
    at CCClass (C:\ProgramData\cocos\editors\Creator\3.7.4\resources\resources\3d\engine\bin\.cache\dev\editor\bundled\index.js:150875:5)
    at eval (C:\ProgramData\cocos\editors\Creator\3.7.4\resources\resources\3d\engine\bin\.cache\dev\editor\bundled\index.js:286034:21)
2023-12-27 00:58:56 - warn: [Scene] The 'default' attribute of 'MScrollView.endSpacing' must be an arrayError: [Scene] The 'default' attribute of 'MScrollView.endSpacing' must be an array
    at warn (C:\ProgramData\cocos\editors\Creator\3.7.4\resources\resources\3d\engine\bin\.cache\dev\editor\bundled\index.js:169627:12)
    at warnID (C:\ProgramData\cocos\editors\Creator\3.7.4\resources\resources\3d\engine\bin\.cache\dev\editor\bundled\index.js:169846:5)
    at parseType (C:\ProgramData\cocos\editors\Creator\3.7.4\resources\resources\3d\engine\bin\.cache\dev\editor\bundled\index.js:288041:11)
    at preprocessAttrs (C:\ProgramData\cocos\editors\Creator\3.7.4\resources\resources\3d\engine\bin\.cache\dev\editor\bundled\index.js:288197:11)
    at declareProperties (C:\ProgramData\cocos\editors\Creator\3.7.4\resources\resources\3d\engine\bin\.cache\dev\editor\bundled\index.js:150838:7)
    at CCClass (C:\ProgramData\cocos\editors\Creator\3.7.4\resources\resources\3d\engine\bin\.cache\dev\editor\bundled\index.js:150875:5)
    at eval (C:\ProgramData\cocos\editors\Creator\3.7.4\resources\resources\3d\engine\bin\.cache\dev\editor\bundled\index.js:286034:21)
2023-12-27 01:03:03 - warn: [Scene] The 'default' attribute of 'MScrollView.spacing' must be an arrayError: [Scene] The 'default' attribute of 'MScrollView.spacing' must be an array
    at warn (C:\ProgramData\cocos\editors\Creator\3.7.4\resources\resources\3d\engine\bin\.cache\dev\editor\bundled\index.js:169627:12)
    at warnID (C:\ProgramData\cocos\editors\Creator\3.7.4\resources\resources\3d\engine\bin\.cache\dev\editor\bundled\index.js:169846:5)
    at parseType (C:\ProgramData\cocos\editors\Creator\3.7.4\resources\resources\3d\engine\bin\.cache\dev\editor\bundled\index.js:288041:11)
    at preprocessAttrs (C:\ProgramData\cocos\editors\Creator\3.7.4\resources\resources\3d\engine\bin\.cache\dev\editor\bundled\index.js:288197:11)
    at declareProperties (C:\ProgramData\cocos\editors\Creator\3.7.4\resources\resources\3d\engine\bin\.cache\dev\editor\bundled\index.js:150838:7)
    at CCClass (C:\ProgramData\cocos\editors\Creator\3.7.4\resources\resources\3d\engine\bin\.cache\dev\editor\bundled\index.js:150875:5)
    at eval (C:\ProgramData\cocos\editors\Creator\3.7.4\resources\resources\3d\engine\bin\.cache\dev\editor\bundled\index.js:286034:21)
2023-12-27 01:03:03 - warn: [Scene] The 'default' attribute of 'MScrollView.beginSpacing' must be an arrayError: [Scene] The 'default' attribute of 'MScrollView.beginSpacing' must be an array
    at warn (C:\ProgramData\cocos\editors\Creator\3.7.4\resources\resources\3d\engine\bin\.cache\dev\editor\bundled\index.js:169627:12)
    at warnID (C:\ProgramData\cocos\editors\Creator\3.7.4\resources\resources\3d\engine\bin\.cache\dev\editor\bundled\index.js:169846:5)
    at parseType (C:\ProgramData\cocos\editors\Creator\3.7.4\resources\resources\3d\engine\bin\.cache\dev\editor\bundled\index.js:288041:11)
    at preprocessAttrs (C:\ProgramData\cocos\editors\Creator\3.7.4\resources\resources\3d\engine\bin\.cache\dev\editor\bundled\index.js:288197:11)
    at declareProperties (C:\ProgramData\cocos\editors\Creator\3.7.4\resources\resources\3d\engine\bin\.cache\dev\editor\bundled\index.js:150838:7)
    at CCClass (C:\ProgramData\cocos\editors\Creator\3.7.4\resources\resources\3d\engine\bin\.cache\dev\editor\bundled\index.js:150875:5)
    at eval (C:\ProgramData\cocos\editors\Creator\3.7.4\resources\resources\3d\engine\bin\.cache\dev\editor\bundled\index.js:286034:21)
2023-12-27 01:03:03 - warn: [Scene] The 'default' attribute of 'MScrollView.endSpacing' must be an arrayError: [Scene] The 'default' attribute of 'MScrollView.endSpacing' must be an array
    at warn (C:\ProgramData\cocos\editors\Creator\3.7.4\resources\resources\3d\engine\bin\.cache\dev\editor\bundled\index.js:169627:12)
    at warnID (C:\ProgramData\cocos\editors\Creator\3.7.4\resources\resources\3d\engine\bin\.cache\dev\editor\bundled\index.js:169846:5)
    at parseType (C:\ProgramData\cocos\editors\Creator\3.7.4\resources\resources\3d\engine\bin\.cache\dev\editor\bundled\index.js:288041:11)
    at preprocessAttrs (C:\ProgramData\cocos\editors\Creator\3.7.4\resources\resources\3d\engine\bin\.cache\dev\editor\bundled\index.js:288197:11)
    at declareProperties (C:\ProgramData\cocos\editors\Creator\3.7.4\resources\resources\3d\engine\bin\.cache\dev\editor\bundled\index.js:150838:7)
    at CCClass (C:\ProgramData\cocos\editors\Creator\3.7.4\resources\resources\3d\engine\bin\.cache\dev\editor\bundled\index.js:150875:5)
    at eval (C:\ProgramData\cocos\editors\Creator\3.7.4\resources\resources\3d\engine\bin\.cache\dev\editor\bundled\index.js:286034:21)
2023-12-27 01:03:57 - warn: [Scene] The 'default' attribute of 'MScrollView.spacing' must be an arrayError: [Scene] The 'default' attribute of 'MScrollView.spacing' must be an array
    at warn (C:\ProgramData\cocos\editors\Creator\3.7.4\resources\resources\3d\engine\bin\.cache\dev\editor\bundled\index.js:169627:12)
    at warnID (C:\ProgramData\cocos\editors\Creator\3.7.4\resources\resources\3d\engine\bin\.cache\dev\editor\bundled\index.js:169846:5)
    at parseType (C:\ProgramData\cocos\editors\Creator\3.7.4\resources\resources\3d\engine\bin\.cache\dev\editor\bundled\index.js:288041:11)
    at preprocessAttrs (C:\ProgramData\cocos\editors\Creator\3.7.4\resources\resources\3d\engine\bin\.cache\dev\editor\bundled\index.js:288197:11)
    at declareProperties (C:\ProgramData\cocos\editors\Creator\3.7.4\resources\resources\3d\engine\bin\.cache\dev\editor\bundled\index.js:150838:7)
    at CCClass (C:\ProgramData\cocos\editors\Creator\3.7.4\resources\resources\3d\engine\bin\.cache\dev\editor\bundled\index.js:150875:5)
    at eval (C:\ProgramData\cocos\editors\Creator\3.7.4\resources\resources\3d\engine\bin\.cache\dev\editor\bundled\index.js:286034:21)
2023-12-27 01:03:57 - warn: [Scene] The 'default' attribute of 'MScrollView.beginSpacing' must be an arrayError: [Scene] The 'default' attribute of 'MScrollView.beginSpacing' must be an array
    at warn (C:\ProgramData\cocos\editors\Creator\3.7.4\resources\resources\3d\engine\bin\.cache\dev\editor\bundled\index.js:169627:12)
    at warnID (C:\ProgramData\cocos\editors\Creator\3.7.4\resources\resources\3d\engine\bin\.cache\dev\editor\bundled\index.js:169846:5)
    at parseType (C:\ProgramData\cocos\editors\Creator\3.7.4\resources\resources\3d\engine\bin\.cache\dev\editor\bundled\index.js:288041:11)
    at preprocessAttrs (C:\ProgramData\cocos\editors\Creator\3.7.4\resources\resources\3d\engine\bin\.cache\dev\editor\bundled\index.js:288197:11)
    at declareProperties (C:\ProgramData\cocos\editors\Creator\3.7.4\resources\resources\3d\engine\bin\.cache\dev\editor\bundled\index.js:150838:7)
    at CCClass (C:\ProgramData\cocos\editors\Creator\3.7.4\resources\resources\3d\engine\bin\.cache\dev\editor\bundled\index.js:150875:5)
    at eval (C:\ProgramData\cocos\editors\Creator\3.7.4\resources\resources\3d\engine\bin\.cache\dev\editor\bundled\index.js:286034:21)
2023-12-27 01:03:57 - warn: [Scene] The 'default' attribute of 'MScrollView.endSpacing' must be an arrayError: [Scene] The 'default' attribute of 'MScrollView.endSpacing' must be an array
    at warn (C:\ProgramData\cocos\editors\Creator\3.7.4\resources\resources\3d\engine\bin\.cache\dev\editor\bundled\index.js:169627:12)
    at warnID (C:\ProgramData\cocos\editors\Creator\3.7.4\resources\resources\3d\engine\bin\.cache\dev\editor\bundled\index.js:169846:5)
    at parseType (C:\ProgramData\cocos\editors\Creator\3.7.4\resources\resources\3d\engine\bin\.cache\dev\editor\bundled\index.js:288041:11)
    at preprocessAttrs (C:\ProgramData\cocos\editors\Creator\3.7.4\resources\resources\3d\engine\bin\.cache\dev\editor\bundled\index.js:288197:11)
    at declareProperties (C:\ProgramData\cocos\editors\Creator\3.7.4\resources\resources\3d\engine\bin\.cache\dev\editor\bundled\index.js:150838:7)
    at CCClass (C:\ProgramData\cocos\editors\Creator\3.7.4\resources\resources\3d\engine\bin\.cache\dev\editor\bundled\index.js:150875:5)
    at eval (C:\ProgramData\cocos\editors\Creator\3.7.4\resources\resources\3d\engine\bin\.cache\dev\editor\bundled\index.js:286034:21)
2023-12-27 01:17:57 - warn: [Scene] The 'default' attribute of 'MScrollView.spacing' must be an arrayError: [Scene] The 'default' attribute of 'MScrollView.spacing' must be an array
    at warn (C:\ProgramData\cocos\editors\Creator\3.7.4\resources\resources\3d\engine\bin\.cache\dev\editor\bundled\index.js:169627:12)
    at warnID (C:\ProgramData\cocos\editors\Creator\3.7.4\resources\resources\3d\engine\bin\.cache\dev\editor\bundled\index.js:169846:5)
    at parseType (C:\ProgramData\cocos\editors\Creator\3.7.4\resources\resources\3d\engine\bin\.cache\dev\editor\bundled\index.js:288041:11)
    at preprocessAttrs (C:\ProgramData\cocos\editors\Creator\3.7.4\resources\resources\3d\engine\bin\.cache\dev\editor\bundled\index.js:288197:11)
    at declareProperties (C:\ProgramData\cocos\editors\Creator\3.7.4\resources\resources\3d\engine\bin\.cache\dev\editor\bundled\index.js:150838:7)
    at CCClass (C:\ProgramData\cocos\editors\Creator\3.7.4\resources\resources\3d\engine\bin\.cache\dev\editor\bundled\index.js:150875:5)
    at eval (C:\ProgramData\cocos\editors\Creator\3.7.4\resources\resources\3d\engine\bin\.cache\dev\editor\bundled\index.js:286034:21)
2023-12-27 01:17:57 - warn: [Scene] The 'default' attribute of 'MScrollView.beginSpacing' must be an arrayError: [Scene] The 'default' attribute of 'MScrollView.beginSpacing' must be an array
    at warn (C:\ProgramData\cocos\editors\Creator\3.7.4\resources\resources\3d\engine\bin\.cache\dev\editor\bundled\index.js:169627:12)
    at warnID (C:\ProgramData\cocos\editors\Creator\3.7.4\resources\resources\3d\engine\bin\.cache\dev\editor\bundled\index.js:169846:5)
    at parseType (C:\ProgramData\cocos\editors\Creator\3.7.4\resources\resources\3d\engine\bin\.cache\dev\editor\bundled\index.js:288041:11)
    at preprocessAttrs (C:\ProgramData\cocos\editors\Creator\3.7.4\resources\resources\3d\engine\bin\.cache\dev\editor\bundled\index.js:288197:11)
    at declareProperties (C:\ProgramData\cocos\editors\Creator\3.7.4\resources\resources\3d\engine\bin\.cache\dev\editor\bundled\index.js:150838:7)
    at CCClass (C:\ProgramData\cocos\editors\Creator\3.7.4\resources\resources\3d\engine\bin\.cache\dev\editor\bundled\index.js:150875:5)
    at eval (C:\ProgramData\cocos\editors\Creator\3.7.4\resources\resources\3d\engine\bin\.cache\dev\editor\bundled\index.js:286034:21)
2023-12-27 01:17:57 - warn: [Scene] The 'default' attribute of 'MScrollView.endSpacing' must be an arrayError: [Scene] The 'default' attribute of 'MScrollView.endSpacing' must be an array
    at warn (C:\ProgramData\cocos\editors\Creator\3.7.4\resources\resources\3d\engine\bin\.cache\dev\editor\bundled\index.js:169627:12)
    at warnID (C:\ProgramData\cocos\editors\Creator\3.7.4\resources\resources\3d\engine\bin\.cache\dev\editor\bundled\index.js:169846:5)
    at parseType (C:\ProgramData\cocos\editors\Creator\3.7.4\resources\resources\3d\engine\bin\.cache\dev\editor\bundled\index.js:288041:11)
    at preprocessAttrs (C:\ProgramData\cocos\editors\Creator\3.7.4\resources\resources\3d\engine\bin\.cache\dev\editor\bundled\index.js:288197:11)
    at declareProperties (C:\ProgramData\cocos\editors\Creator\3.7.4\resources\resources\3d\engine\bin\.cache\dev\editor\bundled\index.js:150838:7)
    at CCClass (C:\ProgramData\cocos\editors\Creator\3.7.4\resources\resources\3d\engine\bin\.cache\dev\editor\bundled\index.js:150875:5)
    at eval (C:\ProgramData\cocos\editors\Creator\3.7.4\resources\resources\3d\engine\bin\.cache\dev\editor\bundled\index.js:286034:21)
2023-12-27 01:20:03 - warn: [Scene] The 'default' attribute of 'MScrollView.spacing' must be an arrayError: [Scene] The 'default' attribute of 'MScrollView.spacing' must be an array
    at warn (C:\ProgramData\cocos\editors\Creator\3.7.4\resources\resources\3d\engine\bin\.cache\dev\editor\bundled\index.js:169627:12)
    at warnID (C:\ProgramData\cocos\editors\Creator\3.7.4\resources\resources\3d\engine\bin\.cache\dev\editor\bundled\index.js:169846:5)
    at parseType (C:\ProgramData\cocos\editors\Creator\3.7.4\resources\resources\3d\engine\bin\.cache\dev\editor\bundled\index.js:288041:11)
    at preprocessAttrs (C:\ProgramData\cocos\editors\Creator\3.7.4\resources\resources\3d\engine\bin\.cache\dev\editor\bundled\index.js:288197:11)
    at declareProperties (C:\ProgramData\cocos\editors\Creator\3.7.4\resources\resources\3d\engine\bin\.cache\dev\editor\bundled\index.js:150838:7)
    at CCClass (C:\ProgramData\cocos\editors\Creator\3.7.4\resources\resources\3d\engine\bin\.cache\dev\editor\bundled\index.js:150875:5)
    at eval (C:\ProgramData\cocos\editors\Creator\3.7.4\resources\resources\3d\engine\bin\.cache\dev\editor\bundled\index.js:286034:21)
2023-12-27 01:20:03 - warn: [Scene] The 'default' attribute of 'MScrollView.beginSpacing' must be an arrayError: [Scene] The 'default' attribute of 'MScrollView.beginSpacing' must be an array
    at warn (C:\ProgramData\cocos\editors\Creator\3.7.4\resources\resources\3d\engine\bin\.cache\dev\editor\bundled\index.js:169627:12)
    at warnID (C:\ProgramData\cocos\editors\Creator\3.7.4\resources\resources\3d\engine\bin\.cache\dev\editor\bundled\index.js:169846:5)
    at parseType (C:\ProgramData\cocos\editors\Creator\3.7.4\resources\resources\3d\engine\bin\.cache\dev\editor\bundled\index.js:288041:11)
    at preprocessAttrs (C:\ProgramData\cocos\editors\Creator\3.7.4\resources\resources\3d\engine\bin\.cache\dev\editor\bundled\index.js:288197:11)
    at declareProperties (C:\ProgramData\cocos\editors\Creator\3.7.4\resources\resources\3d\engine\bin\.cache\dev\editor\bundled\index.js:150838:7)
    at CCClass (C:\ProgramData\cocos\editors\Creator\3.7.4\resources\resources\3d\engine\bin\.cache\dev\editor\bundled\index.js:150875:5)
    at eval (C:\ProgramData\cocos\editors\Creator\3.7.4\resources\resources\3d\engine\bin\.cache\dev\editor\bundled\index.js:286034:21)
2023-12-27 01:20:03 - warn: [Scene] The 'default' attribute of 'MScrollView.endSpacing' must be an arrayError: [Scene] The 'default' attribute of 'MScrollView.endSpacing' must be an array
    at warn (C:\ProgramData\cocos\editors\Creator\3.7.4\resources\resources\3d\engine\bin\.cache\dev\editor\bundled\index.js:169627:12)
    at warnID (C:\ProgramData\cocos\editors\Creator\3.7.4\resources\resources\3d\engine\bin\.cache\dev\editor\bundled\index.js:169846:5)
    at parseType (C:\ProgramData\cocos\editors\Creator\3.7.4\resources\resources\3d\engine\bin\.cache\dev\editor\bundled\index.js:288041:11)
    at preprocessAttrs (C:\ProgramData\cocos\editors\Creator\3.7.4\resources\resources\3d\engine\bin\.cache\dev\editor\bundled\index.js:288197:11)
    at declareProperties (C:\ProgramData\cocos\editors\Creator\3.7.4\resources\resources\3d\engine\bin\.cache\dev\editor\bundled\index.js:150838:7)
    at CCClass (C:\ProgramData\cocos\editors\Creator\3.7.4\resources\resources\3d\engine\bin\.cache\dev\editor\bundled\index.js:150875:5)
    at eval (C:\ProgramData\cocos\editors\Creator\3.7.4\resources\resources\3d\engine\bin\.cache\dev\editor\bundled\index.js:286034:21)
2023-12-27 01:21:02 - warn: [Scene] The 'default' attribute of 'MScrollView.spacing' must be an arrayError: [Scene] The 'default' attribute of 'MScrollView.spacing' must be an array
    at warn (C:\ProgramData\cocos\editors\Creator\3.7.4\resources\resources\3d\engine\bin\.cache\dev\editor\bundled\index.js:169627:12)
    at warnID (C:\ProgramData\cocos\editors\Creator\3.7.4\resources\resources\3d\engine\bin\.cache\dev\editor\bundled\index.js:169846:5)
    at parseType (C:\ProgramData\cocos\editors\Creator\3.7.4\resources\resources\3d\engine\bin\.cache\dev\editor\bundled\index.js:288041:11)
    at preprocessAttrs (C:\ProgramData\cocos\editors\Creator\3.7.4\resources\resources\3d\engine\bin\.cache\dev\editor\bundled\index.js:288197:11)
    at declareProperties (C:\ProgramData\cocos\editors\Creator\3.7.4\resources\resources\3d\engine\bin\.cache\dev\editor\bundled\index.js:150838:7)
    at CCClass (C:\ProgramData\cocos\editors\Creator\3.7.4\resources\resources\3d\engine\bin\.cache\dev\editor\bundled\index.js:150875:5)
    at eval (C:\ProgramData\cocos\editors\Creator\3.7.4\resources\resources\3d\engine\bin\.cache\dev\editor\bundled\index.js:286034:21)
2023-12-27 01:21:02 - warn: [Scene] The 'default' attribute of 'MScrollView.beginSpacing' must be an arrayError: [Scene] The 'default' attribute of 'MScrollView.beginSpacing' must be an array
    at warn (C:\ProgramData\cocos\editors\Creator\3.7.4\resources\resources\3d\engine\bin\.cache\dev\editor\bundled\index.js:169627:12)
    at warnID (C:\ProgramData\cocos\editors\Creator\3.7.4\resources\resources\3d\engine\bin\.cache\dev\editor\bundled\index.js:169846:5)
    at parseType (C:\ProgramData\cocos\editors\Creator\3.7.4\resources\resources\3d\engine\bin\.cache\dev\editor\bundled\index.js:288041:11)
    at preprocessAttrs (C:\ProgramData\cocos\editors\Creator\3.7.4\resources\resources\3d\engine\bin\.cache\dev\editor\bundled\index.js:288197:11)
    at declareProperties (C:\ProgramData\cocos\editors\Creator\3.7.4\resources\resources\3d\engine\bin\.cache\dev\editor\bundled\index.js:150838:7)
    at CCClass (C:\ProgramData\cocos\editors\Creator\3.7.4\resources\resources\3d\engine\bin\.cache\dev\editor\bundled\index.js:150875:5)
    at eval (C:\ProgramData\cocos\editors\Creator\3.7.4\resources\resources\3d\engine\bin\.cache\dev\editor\bundled\index.js:286034:21)
2023-12-27 01:21:02 - warn: [Scene] The 'default' attribute of 'MScrollView.endSpacing' must be an arrayError: [Scene] The 'default' attribute of 'MScrollView.endSpacing' must be an array
    at warn (C:\ProgramData\cocos\editors\Creator\3.7.4\resources\resources\3d\engine\bin\.cache\dev\editor\bundled\index.js:169627:12)
    at warnID (C:\ProgramData\cocos\editors\Creator\3.7.4\resources\resources\3d\engine\bin\.cache\dev\editor\bundled\index.js:169846:5)
    at parseType (C:\ProgramData\cocos\editors\Creator\3.7.4\resources\resources\3d\engine\bin\.cache\dev\editor\bundled\index.js:288041:11)
    at preprocessAttrs (C:\ProgramData\cocos\editors\Creator\3.7.4\resources\resources\3d\engine\bin\.cache\dev\editor\bundled\index.js:288197:11)
    at declareProperties (C:\ProgramData\cocos\editors\Creator\3.7.4\resources\resources\3d\engine\bin\.cache\dev\editor\bundled\index.js:150838:7)
    at CCClass (C:\ProgramData\cocos\editors\Creator\3.7.4\resources\resources\3d\engine\bin\.cache\dev\editor\bundled\index.js:150875:5)
    at eval (C:\ProgramData\cocos\editors\Creator\3.7.4\resources\resources\3d\engine\bin\.cache\dev\editor\bundled\index.js:286034:21)
2023-12-27 01:26:27 - warn: [Scene] The 'default' attribute of 'MScrollView.spacing' must be an arrayError: [Scene] The 'default' attribute of 'MScrollView.spacing' must be an array
    at warn (C:\ProgramData\cocos\editors\Creator\3.7.4\resources\resources\3d\engine\bin\.cache\dev\editor\bundled\index.js:169627:12)
    at warnID (C:\ProgramData\cocos\editors\Creator\3.7.4\resources\resources\3d\engine\bin\.cache\dev\editor\bundled\index.js:169846:5)
    at parseType (C:\ProgramData\cocos\editors\Creator\3.7.4\resources\resources\3d\engine\bin\.cache\dev\editor\bundled\index.js:288041:11)
    at preprocessAttrs (C:\ProgramData\cocos\editors\Creator\3.7.4\resources\resources\3d\engine\bin\.cache\dev\editor\bundled\index.js:288197:11)
    at declareProperties (C:\ProgramData\cocos\editors\Creator\3.7.4\resources\resources\3d\engine\bin\.cache\dev\editor\bundled\index.js:150838:7)
    at CCClass (C:\ProgramData\cocos\editors\Creator\3.7.4\resources\resources\3d\engine\bin\.cache\dev\editor\bundled\index.js:150875:5)
    at eval (C:\ProgramData\cocos\editors\Creator\3.7.4\resources\resources\3d\engine\bin\.cache\dev\editor\bundled\index.js:286034:21)
2023-12-27 01:26:27 - warn: [Scene] The 'default' attribute of 'MScrollView.beginSpacing' must be an arrayError: [Scene] The 'default' attribute of 'MScrollView.beginSpacing' must be an array
    at warn (C:\ProgramData\cocos\editors\Creator\3.7.4\resources\resources\3d\engine\bin\.cache\dev\editor\bundled\index.js:169627:12)
    at warnID (C:\ProgramData\cocos\editors\Creator\3.7.4\resources\resources\3d\engine\bin\.cache\dev\editor\bundled\index.js:169846:5)
    at parseType (C:\ProgramData\cocos\editors\Creator\3.7.4\resources\resources\3d\engine\bin\.cache\dev\editor\bundled\index.js:288041:11)
    at preprocessAttrs (C:\ProgramData\cocos\editors\Creator\3.7.4\resources\resources\3d\engine\bin\.cache\dev\editor\bundled\index.js:288197:11)
    at declareProperties (C:\ProgramData\cocos\editors\Creator\3.7.4\resources\resources\3d\engine\bin\.cache\dev\editor\bundled\index.js:150838:7)
    at CCClass (C:\ProgramData\cocos\editors\Creator\3.7.4\resources\resources\3d\engine\bin\.cache\dev\editor\bundled\index.js:150875:5)
    at eval (C:\ProgramData\cocos\editors\Creator\3.7.4\resources\resources\3d\engine\bin\.cache\dev\editor\bundled\index.js:286034:21)
2023-12-27 01:26:27 - warn: [Scene] The 'default' attribute of 'MScrollView.endSpacing' must be an arrayError: [Scene] The 'default' attribute of 'MScrollView.endSpacing' must be an array
    at warn (C:\ProgramData\cocos\editors\Creator\3.7.4\resources\resources\3d\engine\bin\.cache\dev\editor\bundled\index.js:169627:12)
    at warnID (C:\ProgramData\cocos\editors\Creator\3.7.4\resources\resources\3d\engine\bin\.cache\dev\editor\bundled\index.js:169846:5)
    at parseType (C:\ProgramData\cocos\editors\Creator\3.7.4\resources\resources\3d\engine\bin\.cache\dev\editor\bundled\index.js:288041:11)
    at preprocessAttrs (C:\ProgramData\cocos\editors\Creator\3.7.4\resources\resources\3d\engine\bin\.cache\dev\editor\bundled\index.js:288197:11)
    at declareProperties (C:\ProgramData\cocos\editors\Creator\3.7.4\resources\resources\3d\engine\bin\.cache\dev\editor\bundled\index.js:150838:7)
    at CCClass (C:\ProgramData\cocos\editors\Creator\3.7.4\resources\resources\3d\engine\bin\.cache\dev\editor\bundled\index.js:150875:5)
    at eval (C:\ProgramData\cocos\editors\Creator\3.7.4\resources\resources\3d\engine\bin\.cache\dev\editor\bundled\index.js:286034:21)
2023-12-27 01:31:04 - warn: [Scene] The 'default' attribute of 'MScrollView.spacing' must be an arrayError: [Scene] The 'default' attribute of 'MScrollView.spacing' must be an array
    at warn (C:\ProgramData\cocos\editors\Creator\3.7.4\resources\resources\3d\engine\bin\.cache\dev\editor\bundled\index.js:169627:12)
    at warnID (C:\ProgramData\cocos\editors\Creator\3.7.4\resources\resources\3d\engine\bin\.cache\dev\editor\bundled\index.js:169846:5)
    at parseType (C:\ProgramData\cocos\editors\Creator\3.7.4\resources\resources\3d\engine\bin\.cache\dev\editor\bundled\index.js:288041:11)
    at preprocessAttrs (C:\ProgramData\cocos\editors\Creator\3.7.4\resources\resources\3d\engine\bin\.cache\dev\editor\bundled\index.js:288197:11)
    at declareProperties (C:\ProgramData\cocos\editors\Creator\3.7.4\resources\resources\3d\engine\bin\.cache\dev\editor\bundled\index.js:150838:7)
    at CCClass (C:\ProgramData\cocos\editors\Creator\3.7.4\resources\resources\3d\engine\bin\.cache\dev\editor\bundled\index.js:150875:5)
    at eval (C:\ProgramData\cocos\editors\Creator\3.7.4\resources\resources\3d\engine\bin\.cache\dev\editor\bundled\index.js:286034:21)
2023-12-27 01:31:04 - warn: [Scene] The 'default' attribute of 'MScrollView.beginSpacing' must be an arrayError: [Scene] The 'default' attribute of 'MScrollView.beginSpacing' must be an array
    at warn (C:\ProgramData\cocos\editors\Creator\3.7.4\resources\resources\3d\engine\bin\.cache\dev\editor\bundled\index.js:169627:12)
    at warnID (C:\ProgramData\cocos\editors\Creator\3.7.4\resources\resources\3d\engine\bin\.cache\dev\editor\bundled\index.js:169846:5)
    at parseType (C:\ProgramData\cocos\editors\Creator\3.7.4\resources\resources\3d\engine\bin\.cache\dev\editor\bundled\index.js:288041:11)
    at preprocessAttrs (C:\ProgramData\cocos\editors\Creator\3.7.4\resources\resources\3d\engine\bin\.cache\dev\editor\bundled\index.js:288197:11)
    at declareProperties (C:\ProgramData\cocos\editors\Creator\3.7.4\resources\resources\3d\engine\bin\.cache\dev\editor\bundled\index.js:150838:7)
    at CCClass (C:\ProgramData\cocos\editors\Creator\3.7.4\resources\resources\3d\engine\bin\.cache\dev\editor\bundled\index.js:150875:5)
    at eval (C:\ProgramData\cocos\editors\Creator\3.7.4\resources\resources\3d\engine\bin\.cache\dev\editor\bundled\index.js:286034:21)
2023-12-27 01:31:04 - warn: [Scene] The 'default' attribute of 'MScrollView.endSpacing' must be an arrayError: [Scene] The 'default' attribute of 'MScrollView.endSpacing' must be an array
    at warn (C:\ProgramData\cocos\editors\Creator\3.7.4\resources\resources\3d\engine\bin\.cache\dev\editor\bundled\index.js:169627:12)
    at warnID (C:\ProgramData\cocos\editors\Creator\3.7.4\resources\resources\3d\engine\bin\.cache\dev\editor\bundled\index.js:169846:5)
    at parseType (C:\ProgramData\cocos\editors\Creator\3.7.4\resources\resources\3d\engine\bin\.cache\dev\editor\bundled\index.js:288041:11)
    at preprocessAttrs (C:\ProgramData\cocos\editors\Creator\3.7.4\resources\resources\3d\engine\bin\.cache\dev\editor\bundled\index.js:288197:11)
    at declareProperties (C:\ProgramData\cocos\editors\Creator\3.7.4\resources\resources\3d\engine\bin\.cache\dev\editor\bundled\index.js:150838:7)
    at CCClass (C:\ProgramData\cocos\editors\Creator\3.7.4\resources\resources\3d\engine\bin\.cache\dev\editor\bundled\index.js:150875:5)
    at eval (C:\ProgramData\cocos\editors\Creator\3.7.4\resources\resources\3d\engine\bin\.cache\dev\editor\bundled\index.js:286034:21)
2023-12-27 01:35:42 - warn: [Scene] The 'default' attribute of 'MScrollView.spacing' must be an arrayError: [Scene] The 'default' attribute of 'MScrollView.spacing' must be an array
    at warn (C:\ProgramData\cocos\editors\Creator\3.7.4\resources\resources\3d\engine\bin\.cache\dev\editor\bundled\index.js:169627:12)
    at warnID (C:\ProgramData\cocos\editors\Creator\3.7.4\resources\resources\3d\engine\bin\.cache\dev\editor\bundled\index.js:169846:5)
    at parseType (C:\ProgramData\cocos\editors\Creator\3.7.4\resources\resources\3d\engine\bin\.cache\dev\editor\bundled\index.js:288041:11)
    at preprocessAttrs (C:\ProgramData\cocos\editors\Creator\3.7.4\resources\resources\3d\engine\bin\.cache\dev\editor\bundled\index.js:288197:11)
    at declareProperties (C:\ProgramData\cocos\editors\Creator\3.7.4\resources\resources\3d\engine\bin\.cache\dev\editor\bundled\index.js:150838:7)
    at CCClass (C:\ProgramData\cocos\editors\Creator\3.7.4\resources\resources\3d\engine\bin\.cache\dev\editor\bundled\index.js:150875:5)
    at eval (C:\ProgramData\cocos\editors\Creator\3.7.4\resources\resources\3d\engine\bin\.cache\dev\editor\bundled\index.js:286034:21)
2023-12-27 01:35:42 - warn: [Scene] The 'default' attribute of 'MScrollView.beginSpacing' must be an arrayError: [Scene] The 'default' attribute of 'MScrollView.beginSpacing' must be an array
    at warn (C:\ProgramData\cocos\editors\Creator\3.7.4\resources\resources\3d\engine\bin\.cache\dev\editor\bundled\index.js:169627:12)
    at warnID (C:\ProgramData\cocos\editors\Creator\3.7.4\resources\resources\3d\engine\bin\.cache\dev\editor\bundled\index.js:169846:5)
    at parseType (C:\ProgramData\cocos\editors\Creator\3.7.4\resources\resources\3d\engine\bin\.cache\dev\editor\bundled\index.js:288041:11)
    at preprocessAttrs (C:\ProgramData\cocos\editors\Creator\3.7.4\resources\resources\3d\engine\bin\.cache\dev\editor\bundled\index.js:288197:11)
    at declareProperties (C:\ProgramData\cocos\editors\Creator\3.7.4\resources\resources\3d\engine\bin\.cache\dev\editor\bundled\index.js:150838:7)
    at CCClass (C:\ProgramData\cocos\editors\Creator\3.7.4\resources\resources\3d\engine\bin\.cache\dev\editor\bundled\index.js:150875:5)
    at eval (C:\ProgramData\cocos\editors\Creator\3.7.4\resources\resources\3d\engine\bin\.cache\dev\editor\bundled\index.js:286034:21)
2023-12-27 01:35:42 - warn: [Scene] The 'default' attribute of 'MScrollView.endSpacing' must be an arrayError: [Scene] The 'default' attribute of 'MScrollView.endSpacing' must be an array
    at warn (C:\ProgramData\cocos\editors\Creator\3.7.4\resources\resources\3d\engine\bin\.cache\dev\editor\bundled\index.js:169627:12)
    at warnID (C:\ProgramData\cocos\editors\Creator\3.7.4\resources\resources\3d\engine\bin\.cache\dev\editor\bundled\index.js:169846:5)
    at parseType (C:\ProgramData\cocos\editors\Creator\3.7.4\resources\resources\3d\engine\bin\.cache\dev\editor\bundled\index.js:288041:11)
    at preprocessAttrs (C:\ProgramData\cocos\editors\Creator\3.7.4\resources\resources\3d\engine\bin\.cache\dev\editor\bundled\index.js:288197:11)
    at declareProperties (C:\ProgramData\cocos\editors\Creator\3.7.4\resources\resources\3d\engine\bin\.cache\dev\editor\bundled\index.js:150838:7)
    at CCClass (C:\ProgramData\cocos\editors\Creator\3.7.4\resources\resources\3d\engine\bin\.cache\dev\editor\bundled\index.js:150875:5)
    at eval (C:\ProgramData\cocos\editors\Creator\3.7.4\resources\resources\3d\engine\bin\.cache\dev\editor\bundled\index.js:286034:21)
2023-12-27 01:37:36 - warn: [Scene] The 'default' attribute of 'MScrollView.spacing' must be an arrayError: [Scene] The 'default' attribute of 'MScrollView.spacing' must be an array
    at warn (C:\ProgramData\cocos\editors\Creator\3.7.4\resources\resources\3d\engine\bin\.cache\dev\editor\bundled\index.js:169627:12)
    at warnID (C:\ProgramData\cocos\editors\Creator\3.7.4\resources\resources\3d\engine\bin\.cache\dev\editor\bundled\index.js:169846:5)
    at parseType (C:\ProgramData\cocos\editors\Creator\3.7.4\resources\resources\3d\engine\bin\.cache\dev\editor\bundled\index.js:288041:11)
    at preprocessAttrs (C:\ProgramData\cocos\editors\Creator\3.7.4\resources\resources\3d\engine\bin\.cache\dev\editor\bundled\index.js:288197:11)
    at declareProperties (C:\ProgramData\cocos\editors\Creator\3.7.4\resources\resources\3d\engine\bin\.cache\dev\editor\bundled\index.js:150838:7)
    at CCClass (C:\ProgramData\cocos\editors\Creator\3.7.4\resources\resources\3d\engine\bin\.cache\dev\editor\bundled\index.js:150875:5)
    at eval (C:\ProgramData\cocos\editors\Creator\3.7.4\resources\resources\3d\engine\bin\.cache\dev\editor\bundled\index.js:286034:21)
2023-12-27 01:37:36 - warn: [Scene] The 'default' attribute of 'MScrollView.beginSpacing' must be an arrayError: [Scene] The 'default' attribute of 'MScrollView.beginSpacing' must be an array
    at warn (C:\ProgramData\cocos\editors\Creator\3.7.4\resources\resources\3d\engine\bin\.cache\dev\editor\bundled\index.js:169627:12)
    at warnID (C:\ProgramData\cocos\editors\Creator\3.7.4\resources\resources\3d\engine\bin\.cache\dev\editor\bundled\index.js:169846:5)
    at parseType (C:\ProgramData\cocos\editors\Creator\3.7.4\resources\resources\3d\engine\bin\.cache\dev\editor\bundled\index.js:288041:11)
    at preprocessAttrs (C:\ProgramData\cocos\editors\Creator\3.7.4\resources\resources\3d\engine\bin\.cache\dev\editor\bundled\index.js:288197:11)
    at declareProperties (C:\ProgramData\cocos\editors\Creator\3.7.4\resources\resources\3d\engine\bin\.cache\dev\editor\bundled\index.js:150838:7)
    at CCClass (C:\ProgramData\cocos\editors\Creator\3.7.4\resources\resources\3d\engine\bin\.cache\dev\editor\bundled\index.js:150875:5)
    at eval (C:\ProgramData\cocos\editors\Creator\3.7.4\resources\resources\3d\engine\bin\.cache\dev\editor\bundled\index.js:286034:21)
2023-12-27 01:37:36 - warn: [Scene] The 'default' attribute of 'MScrollView.endSpacing' must be an arrayError: [Scene] The 'default' attribute of 'MScrollView.endSpacing' must be an array
    at warn (C:\ProgramData\cocos\editors\Creator\3.7.4\resources\resources\3d\engine\bin\.cache\dev\editor\bundled\index.js:169627:12)
    at warnID (C:\ProgramData\cocos\editors\Creator\3.7.4\resources\resources\3d\engine\bin\.cache\dev\editor\bundled\index.js:169846:5)
    at parseType (C:\ProgramData\cocos\editors\Creator\3.7.4\resources\resources\3d\engine\bin\.cache\dev\editor\bundled\index.js:288041:11)
    at preprocessAttrs (C:\ProgramData\cocos\editors\Creator\3.7.4\resources\resources\3d\engine\bin\.cache\dev\editor\bundled\index.js:288197:11)
    at declareProperties (C:\ProgramData\cocos\editors\Creator\3.7.4\resources\resources\3d\engine\bin\.cache\dev\editor\bundled\index.js:150838:7)
    at CCClass (C:\ProgramData\cocos\editors\Creator\3.7.4\resources\resources\3d\engine\bin\.cache\dev\editor\bundled\index.js:150875:5)
    at eval (C:\ProgramData\cocos\editors\Creator\3.7.4\resources\resources\3d\engine\bin\.cache\dev\editor\bundled\index.js:286034:21)
2023-12-27 01:39:12 - info: [PreviewInEditor] 预览环境初始化完毕
2023-12-27 01:39:12 - info: [PreviewInEditor] [Physics][Bullet]: Using asmjs Bullet libs.
2023-12-27 01:39:12 - info: [PreviewInEditor] [PHYSICS]: using builtin.
2023-12-27 01:39:13 - log: [PreviewInEditor] Cocos Creator v3.7.4
2023-12-27 01:39:13 - info: [PreviewInEditor] Forward render pipeline initialized.
2023-12-27 01:39:13 - warn: [PreviewInEditor] The 'default' attribute of 'MScrollView.spacing' must be an arrayError: [PreviewInEditor] The 'default' attribute of 'MScrollView.spacing' must be an array
    at warn (C:\ProgramData\cocos\editors\Creator\3.7.4\resources\resources\3d\engine\bin\.cache\dev\editor\bundled\index.js:169627:12)
    at warnID (C:\ProgramData\cocos\editors\Creator\3.7.4\resources\resources\3d\engine\bin\.cache\dev\editor\bundled\index.js:169846:5)
    at parseType (C:\ProgramData\cocos\editors\Creator\3.7.4\resources\resources\3d\engine\bin\.cache\dev\editor\bundled\index.js:288041:11)
    at preprocessAttrs (C:\ProgramData\cocos\editors\Creator\3.7.4\resources\resources\3d\engine\bin\.cache\dev\editor\bundled\index.js:288197:11)
    at declareProperties (C:\ProgramData\cocos\editors\Creator\3.7.4\resources\resources\3d\engine\bin\.cache\dev\editor\bundled\index.js:150838:7)
    at CCClass (C:\ProgramData\cocos\editors\Creator\3.7.4\resources\resources\3d\engine\bin\.cache\dev\editor\bundled\index.js:150875:5)
    at eval (C:\ProgramData\cocos\editors\Creator\3.7.4\resources\resources\3d\engine\bin\.cache\dev\editor\bundled\index.js:286034:21)
2023-12-27 01:39:13 - warn: [PreviewInEditor] The 'default' attribute of 'MScrollView.beginSpacing' must be an arrayError: [PreviewInEditor] The 'default' attribute of 'MScrollView.beginSpacing' must be an array
    at warn (C:\ProgramData\cocos\editors\Creator\3.7.4\resources\resources\3d\engine\bin\.cache\dev\editor\bundled\index.js:169627:12)
    at warnID (C:\ProgramData\cocos\editors\Creator\3.7.4\resources\resources\3d\engine\bin\.cache\dev\editor\bundled\index.js:169846:5)
    at parseType (C:\ProgramData\cocos\editors\Creator\3.7.4\resources\resources\3d\engine\bin\.cache\dev\editor\bundled\index.js:288041:11)
    at preprocessAttrs (C:\ProgramData\cocos\editors\Creator\3.7.4\resources\resources\3d\engine\bin\.cache\dev\editor\bundled\index.js:288197:11)
    at declareProperties (C:\ProgramData\cocos\editors\Creator\3.7.4\resources\resources\3d\engine\bin\.cache\dev\editor\bundled\index.js:150838:7)
    at CCClass (C:\ProgramData\cocos\editors\Creator\3.7.4\resources\resources\3d\engine\bin\.cache\dev\editor\bundled\index.js:150875:5)
    at eval (C:\ProgramData\cocos\editors\Creator\3.7.4\resources\resources\3d\engine\bin\.cache\dev\editor\bundled\index.js:286034:21)
2023-12-27 01:39:13 - warn: [PreviewInEditor] The 'default' attribute of 'MScrollView.endSpacing' must be an arrayError: [PreviewInEditor] The 'default' attribute of 'MScrollView.endSpacing' must be an array
    at warn (C:\ProgramData\cocos\editors\Creator\3.7.4\resources\resources\3d\engine\bin\.cache\dev\editor\bundled\index.js:169627:12)
    at warnID (C:\ProgramData\cocos\editors\Creator\3.7.4\resources\resources\3d\engine\bin\.cache\dev\editor\bundled\index.js:169846:5)
    at parseType (C:\ProgramData\cocos\editors\Creator\3.7.4\resources\resources\3d\engine\bin\.cache\dev\editor\bundled\index.js:288041:11)
    at preprocessAttrs (C:\ProgramData\cocos\editors\Creator\3.7.4\resources\resources\3d\engine\bin\.cache\dev\editor\bundled\index.js:288197:11)
    at declareProperties (C:\ProgramData\cocos\editors\Creator\3.7.4\resources\resources\3d\engine\bin\.cache\dev\editor\bundled\index.js:150838:7)
    at CCClass (C:\ProgramData\cocos\editors\Creator\3.7.4\resources\resources\3d\engine\bin\.cache\dev\editor\bundled\index.js:150875:5)
    at eval (C:\ProgramData\cocos\editors\Creator\3.7.4\resources\resources\3d\engine\bin\.cache\dev\editor\bundled\index.js:286034:21)
2023-12-27 01:39:13 - info: [PreviewInEditor] [PHYSICS]: switch from builtin to bullet.
2023-12-27 01:39:13 - info: [PreviewInEditor] [PHYSICS2D]: switch from builtin to box2d.
2023-12-27 01:39:15 - log: [PreviewInEditor] TimerManager初始化完成!
2023-12-27 01:39:15 - log: [PreviewInEditor] GameManager初始化完成!
2023-12-27 01:39:15 - log: [PreviewInEditor] UIManager初始化完成!
2023-12-27 01:39:15 - log: [PreviewInEditor] 成功加载bundle包： game_tip
2023-12-27 01:39:15 - log: [PreviewInEditor] 成功加载bundle包： map
2023-12-27 01:39:15 - log: [PreviewInEditor] 成功加载asset： 100001
2023-12-27 01:39:15 - error: [PreviewInEditor] Can't add component 'cc.UITransform' because 静止的三角形 already contains the same component.Error: Can't add component 'cc.UITransform' because 静止的三角形 already contains the same component.
    at Node.eval [as _checkMultipleComp] (C:\ProgramData\cocos\editors\Creator\3.7.4\resources\resources\3d\engine\bin\.cache\dev\editor\bundled\index.js:43750:19)
    at Node.addComponent (C:\ProgramData\cocos\editors\Creator\3.7.4\resources\resources\3d\engine\bin\.cache\dev\editor\bundled\index.js:45855:18)
    at RightTriangleObject.init (file:///D:/cocos_projects/physics_education_game/temp/programming/packer-driver/targets/editor/chunks/16/file:/D:/cocos_projects/physics_education_game/assets/scripts/modules/game/game_objects/RightTriangleObject.ts:16:38)
    at ObjectFactory.getObject (file:///D:/cocos_projects/physics_education_game/temp/programming/packer-driver/targets/editor/chunks/3a/file:/D:/cocos_projects/physics_education_game/assets/scripts/modules/game/ObjectFactory.ts:48:16)
    at finishCb (file:///D:/cocos_projects/physics_education_game/temp/programming/packer-driver/targets/editor/chunks/32/file:/D:/cocos_projects/physics_education_game/assets/scripts/manager/map_manager/MapManager.ts:38:58)
    at apply (file:///D:/cocos_projects/physics_education_game/temp/programming/packer-driver/targets/editor/chunks/63/file:/D:/cocos_projects/physics_education_game/assets/scripts/manager/map_manager/MapData.ts:57:17)
    at file:///D:/cocos_projects/physics_education_game/temp/programming/packer-driver/targets/editor/chunks/9f/file:/D:/cocos_projects/physics_education_game/assets/scripts/manager/ResManager.ts:126:42
    at eval (C:\ProgramData\cocos\editors\Creator\3.7.4\resources\resources\3d\engine\bin\.cache\dev\editor\bundled\index.js:139385:9)
    at eval (C:\ProgramData\cocos\editors\Creator\3.7.4\resources\resources\3d\engine\bin\.cache\dev\editor\bundled\index.js:174025:9)
2023-12-27 01:39:15 - log: [PreviewInEditor] 成功加载asset： game_tip_view
2023-12-27 01:39:15 - log: [PreviewInEditor] 成功打开Panel： GameTip
2023-12-27 01:39:15 - log: [PreviewInEditor] 成功加载asset： game_tip_item
