debug: Thu, 08 Feb 2024 07:55:59 GMT
debug: Project: D:\cocos_projects\physics_education_game
debug: Targets: editor,preview
error: Failed to load import map at project://: Error: EISDIR: illegal operation on a directory, read
debug: Incremental file seems great.
debug: Engine path: C:\ProgramData\cocos\editors\Creator\3.7.4\resources\resources\3d\engine
debug: Initializing target [Editor]
debug: Loading cache
debug: Loading cache costs 7.968100070953369ms.
debug: Engine features shipped in editor: base,gfx-webgl,gfx-webgl2,gfx-empty,3d,animation,skeletal-animation,2d,ui,particle,particle-2d,physics-framework,physics-2d-framework,intersection-2d,primitive,profiler,occlusion-query,geometry-renderer,debug-renderer,audio,video,xr,light-probe,terrain,webview,tween,tiled-map,spine,dragon-bones,marionette,custom-pipeline,websocket,websocket-server
debug: Our import map(foo:/bar): {
  "imports": {
    "cc": "cce:/internal/x/cc"
  }
}
debug: Initializing target [Preview]
debug: Loading cache
debug: Loading cache costs 7.962899684906006ms.
debug: Our import map(foo:/bar): {
  "imports": {
    "cc": "cce:/internal/x/cc"
  }
}
debug: Sync engine features: 2d,3d,animation,audio,base,dragon-bones,gfx-webgl,gfx-webgl2,intersection-2d,light-probe,marionette,particle,particle-2d,physics-2d-box2d,physics-ammo,primitive,profiler,skeletal-animation,spine,terrain,tiled-map,tween,ui,video,websocket,webview
debug: Reset databases. Enumerated domains: [
  {
    "root": "db://internal/",
    "physical": "C:\\ProgramData\\cocos\\editors\\Creator\\3.7.4\\resources\\resources\\3d\\engine\\editor\\assets"
  },
  {
    "root": "db://assets/",
    "physical": "D:\\cocos_projects\\physics_education_game\\assets"
  }
]
debug: Our import map(foo:/bar): {
  "imports": {
    "cc": "cce:/internal/x/cc",
    "db://internal/": "file:///C:/ProgramData/cocos/editors/Creator/3.7.4/resources/resources/3d/engine/editor/assets/",
    "db://assets/": "file:///D:/cocos_projects/physics_education_game/assets/"
  }
}
debug: Our import map(foo:/bar): {
  "imports": {
    "cc": "cce:/internal/x/cc",
    "db://internal/": "file:///C:/ProgramData/cocos/editors/Creator/3.7.4/resources/resources/3d/engine/editor/assets/",
    "db://assets/": "file:///D:/cocos_projects/physics_education_game/assets/"
  }
}
debug: Pulling asset-db.
debug: Fetch asset-db cost: 49.760000228881836ms.
debug: Build iteration starts.
Number of accumulated asset changes: 48
Feature changed: false
debug: Target(editor) build started.
debug: Detected change: cce:/internal/x/cc. Last mtime: Thu Jan 01 1970 08:00:07 GMT+0800 (中国标准时间), Current mtime: Thu Jan 01 1970 08:00:17 GMT+0800 (中国标准时间)
debug: Inspect cce:/internal/x/cc
debug: Resolve cce:/internal/x/cc-fu/base from cce:/internal/x/cc as external dependency cce:/internal/x/cc-fu/base.
debug: Resolve cce:/internal/x/cc-fu/gfx-webgl from cce:/internal/x/cc as external dependency cce:/internal/x/cc-fu/gfx-webgl.
debug: Resolve cce:/internal/x/cc-fu/gfx-webgl2 from cce:/internal/x/cc as external dependency cce:/internal/x/cc-fu/gfx-webgl2.
debug: Resolve cce:/internal/x/cc-fu/gfx-empty from cce:/internal/x/cc as external dependency cce:/internal/x/cc-fu/gfx-empty.
debug: Resolve cce:/internal/x/cc-fu/3d from cce:/internal/x/cc as external dependency cce:/internal/x/cc-fu/3d.
debug: Resolve cce:/internal/x/cc-fu/animation from cce:/internal/x/cc as external dependency cce:/internal/x/cc-fu/animation.
debug: Resolve cce:/internal/x/cc-fu/skeletal-animation from cce:/internal/x/cc as external dependency cce:/internal/x/cc-fu/skeletal-animation.
debug: Resolve cce:/internal/x/cc-fu/2d from cce:/internal/x/cc as external dependency cce:/internal/x/cc-fu/2d.
debug: Resolve cce:/internal/x/cc-fu/sorting from cce:/internal/x/cc as external dependency cce:/internal/x/cc-fu/sorting.
debug: Resolve cce:/internal/x/cc-fu/ui from cce:/internal/x/cc as external dependency cce:/internal/x/cc-fu/ui.
debug: Resolve cce:/internal/x/cc-fu/particle from cce:/internal/x/cc as external dependency cce:/internal/x/cc-fu/particle.
debug: Resolve cce:/internal/x/cc-fu/particle-2d from cce:/internal/x/cc as external dependency cce:/internal/x/cc-fu/particle-2d.
debug: Resolve cce:/internal/x/cc-fu/physics-framework from cce:/internal/x/cc as external dependency cce:/internal/x/cc-fu/physics-framework.
debug: Resolve cce:/internal/x/cc-fu/physics-2d-framework from cce:/internal/x/cc as external dependency cce:/internal/x/cc-fu/physics-2d-framework.
debug: Resolve cce:/internal/x/cc-fu/intersection-2d from cce:/internal/x/cc as external dependency cce:/internal/x/cc-fu/intersection-2d.
debug: Resolve cce:/internal/x/cc-fu/primitive from cce:/internal/x/cc as external dependency cce:/internal/x/cc-fu/primitive.
debug: Resolve cce:/internal/x/cc-fu/profiler from cce:/internal/x/cc as external dependency cce:/internal/x/cc-fu/profiler.
debug: Resolve cce:/internal/x/cc-fu/geometry-renderer from cce:/internal/x/cc as external dependency cce:/internal/x/cc-fu/geometry-renderer.
debug: Resolve cce:/internal/x/cc-fu/audio from cce:/internal/x/cc as external dependency cce:/internal/x/cc-fu/audio.
debug: Resolve cce:/internal/x/cc-fu/video from cce:/internal/x/cc as external dependency cce:/internal/x/cc-fu/video.
debug: Resolve cce:/internal/x/cc-fu/xr from cce:/internal/x/cc as external dependency cce:/internal/x/cc-fu/xr.
debug: Resolve cce:/internal/x/cc-fu/light-probe from cce:/internal/x/cc as external dependency cce:/internal/x/cc-fu/light-probe.
debug: Resolve cce:/internal/x/cc-fu/terrain from cce:/internal/x/cc as external dependency cce:/internal/x/cc-fu/terrain.
debug: Resolve cce:/internal/x/cc-fu/webview from cce:/internal/x/cc as external dependency cce:/internal/x/cc-fu/webview.
debug: Resolve cce:/internal/x/cc-fu/tween from cce:/internal/x/cc as external dependency cce:/internal/x/cc-fu/tween.
debug: Resolve cce:/internal/x/cc-fu/tiled-map from cce:/internal/x/cc as external dependency cce:/internal/x/cc-fu/tiled-map.
debug: Resolve cce:/internal/x/cc-fu/spine from cce:/internal/x/cc as external dependency cce:/internal/x/cc-fu/spine.
debug: Resolve cce:/internal/x/cc-fu/dragon-bones from cce:/internal/x/cc as external dependency cce:/internal/x/cc-fu/dragon-bones.
debug: Resolve cce:/internal/x/cc-fu/custom-pipeline from cce:/internal/x/cc as external dependency cce:/internal/x/cc-fu/custom-pipeline.
debug: Detected change: cce:/internal/x/prerequisite-imports. Last mtime: Thu Jan 01 1970 13:48:30 GMT+0800 (中国标准时间), Current mtime: Thu Jan 01 1970 08:00:18 GMT+0800 (中国标准时间)
debug: Inspect cce:/internal/x/prerequisite-imports
debug: Resolve file:///C:/ProgramData/cocos/editors/Creator/3.7.4/resources/resources/3d/engine/editor/assets/tools/debug-view-runtime-control.ts from cce:/internal/x/prerequisite-imports as file:///C:/ProgramData/cocos/editors/Creator/3.7.4/resources/resources/3d/engine/editor/assets/tools/debug-view-runtime-control.ts.
debug: Detected change: file:///C:/ProgramData/cocos/editors/Creator/3.7.4/resources/resources/3d/engine/editor/assets/tools/debug-view-runtime-control.ts. Last mtime: Thu Jan 11 2024 20:10:45 GMT+0800 (中国标准时间)@b2bd1fa7-8d7c-49c5-a158-df29a6d3a594, Current mtime: Sun Sep 17 2023 19:30:23 GMT+0800 (中国标准时间)@b2bd1fa7-8d7c-49c5-a158-df29a6d3a594
debug: Inspect file:///C:/ProgramData/cocos/editors/Creator/3.7.4/resources/resources/3d/engine/editor/assets/tools/debug-view-runtime-control.ts
debug: Resolve cc from file:///C:/ProgramData/cocos/editors/Creator/3.7.4/resources/resources/3d/engine/editor/assets/tools/debug-view-runtime-control.ts as cce:/internal/x/cc.
debug: Resolve cc from file:///C:/ProgramData/cocos/editors/Creator/3.7.4/resources/resources/3d/engine/editor/assets/tools/debug-view-runtime-control.ts as cce:/internal/x/cc.
debug: Resolve cc from file:///C:/ProgramData/cocos/editors/Creator/3.7.4/resources/resources/3d/engine/editor/assets/tools/debug-view-runtime-control.ts as cce:/internal/x/cc.
debug: Resolve file:///D:/cocos_projects/physics_education_game/assets/scripts/GameApp.ts from cce:/internal/x/prerequisite-imports as file:///D:/cocos_projects/physics_education_game/assets/scripts/GameApp.ts.
debug: Detected change: file:///D:/cocos_projects/physics_education_game/assets/scripts/GameApp.ts. Last mtime: Thu Dec 28 2023 00:03:01 GMT+0800 (中国标准时间)@5c68ed08-7494-4ffc-9306-526d6545f865, Current mtime: Thu Feb 08 2024 13:03:25 GMT+0800 (中国标准时间)@5c68ed08-7494-4ffc-9306-526d6545f865
debug: Inspect file:///D:/cocos_projects/physics_education_game/assets/scripts/GameApp.ts
debug: Resolve cce:/internal/code-quality/cr.mjs from file:///D:/cocos_projects/physics_education_game/assets/scripts/GameApp.ts as cce:/internal/code-quality/cr.mjs.
debug: Detected change: cce:/internal/code-quality/cr.mjs. Last mtime: Mon Feb 05 2024 14:25:57 GMT+0800 (中国标准时间), Current mtime: Thu Feb 08 2024 15:55:41 GMT+0800 (中国标准时间)
debug: Inspect cce:/internal/code-quality/cr.mjs
debug: Resolve cc from file:///D:/cocos_projects/physics_education_game/assets/scripts/GameApp.ts as cce:/internal/x/cc.
debug: Resolve cc from file:///D:/cocos_projects/physics_education_game/assets/scripts/GameApp.ts as cce:/internal/x/cc.
debug: Resolve cc from file:///D:/cocos_projects/physics_education_game/assets/scripts/GameApp.ts as cce:/internal/x/cc.
debug: Resolve ./manager/game_manager/GameManager from file:///D:/cocos_projects/physics_education_game/assets/scripts/GameApp.ts as file:///D:/cocos_projects/physics_education_game/assets/scripts/manager/game_manager/GameManager.ts.
debug: Detected change: file:///D:/cocos_projects/physics_education_game/assets/scripts/manager/game_manager/GameManager.ts. Last mtime: Thu Jan 04 2024 00:55:00 GMT+0800 (中国标准时间)@cf8771f3-8649-4f9c-8d02-7c048246eab8, Current mtime: Thu Feb 08 2024 12:20:46 GMT+0800 (中国标准时间)@cf8771f3-8649-4f9c-8d02-7c048246eab8
debug: Inspect file:///D:/cocos_projects/physics_education_game/assets/scripts/manager/game_manager/GameManager.ts
debug: Resolve cce:/internal/code-quality/cr.mjs from file:///D:/cocos_projects/physics_education_game/assets/scripts/manager/game_manager/GameManager.ts as cce:/internal/code-quality/cr.mjs.
debug: Resolve cc from file:///D:/cocos_projects/physics_education_game/assets/scripts/manager/game_manager/GameManager.ts as cce:/internal/x/cc.
debug: Resolve cc from file:///D:/cocos_projects/physics_education_game/assets/scripts/manager/game_manager/GameManager.ts as cce:/internal/x/cc.
debug: Resolve cc from file:///D:/cocos_projects/physics_education_game/assets/scripts/manager/game_manager/GameManager.ts as cce:/internal/x/cc.
debug: Resolve ../../common/Singleton from file:///D:/cocos_projects/physics_education_game/assets/scripts/manager/game_manager/GameManager.ts as file:///D:/cocos_projects/physics_education_game/assets/scripts/common/Singleton.ts.
debug: Detected change: file:///D:/cocos_projects/physics_education_game/assets/scripts/common/Singleton.ts. Last mtime: Tue Oct 03 2023 11:02:50 GMT+0800 (中国标准时间)@acb6eac7-ba3a-40f6-b5fc-c60cff1469fc, Current mtime: Thu Feb 08 2024 12:20:15 GMT+0800 (中国标准时间)@acb6eac7-ba3a-40f6-b5fc-c60cff1469fc
debug: Inspect file:///D:/cocos_projects/physics_education_game/assets/scripts/common/Singleton.ts
debug: Resolve cc from file:///D:/cocos_projects/physics_education_game/assets/scripts/common/Singleton.ts as cce:/internal/x/cc.
debug: Resolve ../../modules/game/ObjectBase from file:///D:/cocos_projects/physics_education_game/assets/scripts/manager/game_manager/GameManager.ts as file:///D:/cocos_projects/physics_education_game/assets/scripts/modules/game/ObjectBase.ts.
debug: Detected change: file:///D:/cocos_projects/physics_education_game/assets/scripts/modules/game/ObjectBase.ts. Last mtime: Thu Jan 04 2024 01:01:43 GMT+0800 (中国标准时间)@9be97f86-2434-4426-a8ed-ff43677d5258, Current mtime: Thu Feb 08 2024 12:21:00 GMT+0800 (中国标准时间)@9be97f86-2434-4426-a8ed-ff43677d5258
debug: Inspect file:///D:/cocos_projects/physics_education_game/assets/scripts/modules/game/ObjectBase.ts
debug: Resolve cce:/internal/code-quality/cr.mjs from file:///D:/cocos_projects/physics_education_game/assets/scripts/modules/game/ObjectBase.ts as cce:/internal/code-quality/cr.mjs.
debug: Resolve cc from file:///D:/cocos_projects/physics_education_game/assets/scripts/modules/game/ObjectBase.ts as cce:/internal/x/cc.
debug: Resolve cc from file:///D:/cocos_projects/physics_education_game/assets/scripts/modules/game/ObjectBase.ts as cce:/internal/x/cc.
debug: Resolve cc from file:///D:/cocos_projects/physics_education_game/assets/scripts/modules/game/ObjectBase.ts as cce:/internal/x/cc.
debug: Resolve ../../manager/game_manager/GameDefinition from file:///D:/cocos_projects/physics_education_game/assets/scripts/modules/game/ObjectBase.ts as file:///D:/cocos_projects/physics_education_game/assets/scripts/manager/game_manager/GameDefinition.ts.
debug: Resolve cc from file:///D:/cocos_projects/physics_education_game/assets/scripts/manager/game_manager/GameDefinition.ts as cce:/internal/x/cc.
debug: Resolve ../../manager/game_manager/InteractSpace from file:///D:/cocos_projects/physics_education_game/assets/scripts/modules/game/ObjectBase.ts as file:///D:/cocos_projects/physics_education_game/assets/scripts/manager/game_manager/InteractSpace.ts.
debug: Inspect file:///D:/cocos_projects/physics_education_game/assets/scripts/manager/game_manager/InteractSpace.ts
debug: Resolve cce:/internal/code-quality/cr.mjs from file:///D:/cocos_projects/physics_education_game/assets/scripts/manager/game_manager/InteractSpace.ts as cce:/internal/code-quality/cr.mjs.
debug: Resolve cc from file:///D:/cocos_projects/physics_education_game/assets/scripts/manager/game_manager/InteractSpace.ts as cce:/internal/x/cc.
debug: Resolve cc from file:///D:/cocos_projects/physics_education_game/assets/scripts/manager/game_manager/InteractSpace.ts as cce:/internal/x/cc.
debug: Resolve cc from file:///D:/cocos_projects/physics_education_game/assets/scripts/manager/game_manager/InteractSpace.ts as cce:/internal/x/cc.
debug: Resolve ../InputManager from file:///D:/cocos_projects/physics_education_game/assets/scripts/manager/game_manager/GameManager.ts as file:///D:/cocos_projects/physics_education_game/assets/scripts/manager/InputManager.ts.
debug: Detected change: file:///D:/cocos_projects/physics_education_game/assets/scripts/manager/InputManager.ts. Last mtime: Sat Dec 09 2023 20:21:31 GMT+0800 (中国标准时间)@83797cca-9c36-446c-993e-a8c017c0b7d2, Current mtime: Thu Feb 08 2024 12:20:15 GMT+0800 (中国标准时间)@83797cca-9c36-446c-993e-a8c017c0b7d2
debug: Inspect file:///D:/cocos_projects/physics_education_game/assets/scripts/manager/InputManager.ts
debug: Resolve cce:/internal/code-quality/cr.mjs from file:///D:/cocos_projects/physics_education_game/assets/scripts/manager/InputManager.ts as cce:/internal/code-quality/cr.mjs.
debug: Resolve cc from file:///D:/cocos_projects/physics_education_game/assets/scripts/manager/InputManager.ts as cce:/internal/x/cc.
debug: Resolve cc from file:///D:/cocos_projects/physics_education_game/assets/scripts/manager/InputManager.ts as cce:/internal/x/cc.
debug: Resolve cc from file:///D:/cocos_projects/physics_education_game/assets/scripts/manager/InputManager.ts as cce:/internal/x/cc.
debug: Resolve ../common/Singleton from file:///D:/cocos_projects/physics_education_game/assets/scripts/manager/InputManager.ts as file:///D:/cocos_projects/physics_education_game/assets/scripts/common/Singleton.ts.
debug: Resolve ./ui_manager/UIManager from file:///D:/cocos_projects/physics_education_game/assets/scripts/manager/InputManager.ts as file:///D:/cocos_projects/physics_education_game/assets/scripts/manager/ui_manager/UIManager.ts.
debug: Resolve cce:/internal/code-quality/cr.mjs from file:///D:/cocos_projects/physics_education_game/assets/scripts/manager/ui_manager/UIManager.ts as cce:/internal/code-quality/cr.mjs.
debug: Resolve cc from file:///D:/cocos_projects/physics_education_game/assets/scripts/manager/ui_manager/UIManager.ts as cce:/internal/x/cc.
debug: Resolve cc from file:///D:/cocos_projects/physics_education_game/assets/scripts/manager/ui_manager/UIManager.ts as cce:/internal/x/cc.
debug: Resolve cc from file:///D:/cocos_projects/physics_education_game/assets/scripts/manager/ui_manager/UIManager.ts as cce:/internal/x/cc.
debug: Resolve ../../common/Singleton from file:///D:/cocos_projects/physics_education_game/assets/scripts/manager/ui_manager/UIManager.ts as file:///D:/cocos_projects/physics_education_game/assets/scripts/common/Singleton.ts.
debug: Resolve ../ResManager from file:///D:/cocos_projects/physics_education_game/assets/scripts/manager/ui_manager/UIManager.ts as file:///D:/cocos_projects/physics_education_game/assets/scripts/manager/ResManager.ts.
debug: Resolve cce:/internal/code-quality/cr.mjs from file:///D:/cocos_projects/physics_education_game/assets/scripts/manager/ResManager.ts as cce:/internal/code-quality/cr.mjs.
debug: Resolve cc from file:///D:/cocos_projects/physics_education_game/assets/scripts/manager/ResManager.ts as cce:/internal/x/cc.
debug: Resolve cc from file:///D:/cocos_projects/physics_education_game/assets/scripts/manager/ResManager.ts as cce:/internal/x/cc.
debug: Resolve cc from file:///D:/cocos_projects/physics_education_game/assets/scripts/manager/ResManager.ts as cce:/internal/x/cc.
debug: Resolve ../common/Singleton from file:///D:/cocos_projects/physics_education_game/assets/scripts/manager/ResManager.ts as file:///D:/cocos_projects/physics_education_game/assets/scripts/common/Singleton.ts.
debug: Resolve ./Name2Panel from file:///D:/cocos_projects/physics_education_game/assets/scripts/manager/ui_manager/UIManager.ts as file:///D:/cocos_projects/physics_education_game/assets/scripts/manager/ui_manager/Name2Panel.ts.
debug: Resolve cc from file:///D:/cocos_projects/physics_education_game/assets/scripts/manager/ui_manager/Name2Panel.ts as cce:/internal/x/cc.
debug: Resolve cc from file:///D:/cocos_projects/physics_education_game/assets/scripts/manager/ui_manager/Name2Panel.ts as cce:/internal/x/cc.
debug: Resolve cc from file:///D:/cocos_projects/physics_education_game/assets/scripts/manager/ui_manager/Name2Panel.ts as cce:/internal/x/cc.
debug: Resolve ./UIPanel from file:///D:/cocos_projects/physics_education_game/assets/scripts/manager/ui_manager/UIManager.ts as file:///D:/cocos_projects/physics_education_game/assets/scripts/manager/ui_manager/UIPanel.ts.
debug: Resolve cce:/internal/code-quality/cr.mjs from file:///D:/cocos_projects/physics_education_game/assets/scripts/manager/ui_manager/UIPanel.ts as cce:/internal/code-quality/cr.mjs.
debug: Resolve cc from file:///D:/cocos_projects/physics_education_game/assets/scripts/manager/ui_manager/UIPanel.ts as cce:/internal/x/cc.
debug: Resolve cc from file:///D:/cocos_projects/physics_education_game/assets/scripts/manager/ui_manager/UIPanel.ts as cce:/internal/x/cc.
debug: Resolve cc from file:///D:/cocos_projects/physics_education_game/assets/scripts/manager/ui_manager/UIPanel.ts as cce:/internal/x/cc.
debug: Resolve ./UIManager from file:///D:/cocos_projects/physics_education_game/assets/scripts/manager/ui_manager/UIPanel.ts as file:///D:/cocos_projects/physics_education_game/assets/scripts/manager/ui_manager/UIManager.ts.
debug: Resolve ../../utils/Stack from file:///D:/cocos_projects/physics_education_game/assets/scripts/manager/ui_manager/UIManager.ts as file:///D:/cocos_projects/physics_education_game/assets/scripts/utils/Stack.ts.
debug: Inspect file:///D:/cocos_projects/physics_education_game/assets/scripts/utils/Stack.ts
debug: Resolve cc from file:///D:/cocos_projects/physics_education_game/assets/scripts/utils/Stack.ts as cce:/internal/x/cc.
error: AssertionError [ERR_ASSERTION]: undefined undefined undefined
debug: Target(editor) ends with cost 1036.6730999946594ms.
debug: Target(preview) build started.
debug: Detected change: cce:/internal/x/cc. Last mtime: Thu Jan 01 1970 08:00:07 GMT+0800 (中国标准时间), Current mtime: Thu Jan 01 1970 08:00:17 GMT+0800 (中国标准时间)
debug: Inspect cce:/internal/x/cc
debug: Resolve cce:/internal/x/cc-fu/2d from cce:/internal/x/cc as external dependency cce:/internal/x/cc-fu/2d.
debug: Resolve cce:/internal/x/cc-fu/sorting from cce:/internal/x/cc as external dependency cce:/internal/x/cc-fu/sorting.
debug: Resolve cce:/internal/x/cc-fu/3d from cce:/internal/x/cc as external dependency cce:/internal/x/cc-fu/3d.
debug: Resolve cce:/internal/x/cc-fu/animation from cce:/internal/x/cc as external dependency cce:/internal/x/cc-fu/animation.
debug: Resolve cce:/internal/x/cc-fu/audio from cce:/internal/x/cc as external dependency cce:/internal/x/cc-fu/audio.
debug: Resolve cce:/internal/x/cc-fu/base from cce:/internal/x/cc as external dependency cce:/internal/x/cc-fu/base.
debug: Resolve cce:/internal/x/cc-fu/dragon-bones from cce:/internal/x/cc as external dependency cce:/internal/x/cc-fu/dragon-bones.
debug: Resolve cce:/internal/x/cc-fu/gfx-webgl from cce:/internal/x/cc as external dependency cce:/internal/x/cc-fu/gfx-webgl.
debug: Resolve cce:/internal/x/cc-fu/gfx-webgl2 from cce:/internal/x/cc as external dependency cce:/internal/x/cc-fu/gfx-webgl2.
debug: Resolve cce:/internal/x/cc-fu/intersection-2d from cce:/internal/x/cc as external dependency cce:/internal/x/cc-fu/intersection-2d.
debug: Resolve cce:/internal/x/cc-fu/light-probe from cce:/internal/x/cc as external dependency cce:/internal/x/cc-fu/light-probe.
debug: Resolve cce:/internal/x/cc-fu/particle from cce:/internal/x/cc as external dependency cce:/internal/x/cc-fu/particle.
debug: Resolve cce:/internal/x/cc-fu/particle-2d from cce:/internal/x/cc as external dependency cce:/internal/x/cc-fu/particle-2d.
debug: Resolve cce:/internal/x/cc-fu/physics-2d-box2d from cce:/internal/x/cc as external dependency cce:/internal/x/cc-fu/physics-2d-box2d.
debug: Resolve cce:/internal/x/cc-fu/physics-2d-framework from cce:/internal/x/cc as external dependency cce:/internal/x/cc-fu/physics-2d-framework.
debug: Resolve cce:/internal/x/cc-fu/physics-ammo from cce:/internal/x/cc as external dependency cce:/internal/x/cc-fu/physics-ammo.
debug: Resolve cce:/internal/x/cc-fu/physics-framework from cce:/internal/x/cc as external dependency cce:/internal/x/cc-fu/physics-framework.
debug: Resolve cce:/internal/x/cc-fu/wait-for-ammo-instantiation from cce:/internal/x/cc as external dependency cce:/internal/x/cc-fu/wait-for-ammo-instantiation.
debug: Resolve cce:/internal/x/cc-fu/primitive from cce:/internal/x/cc as external dependency cce:/internal/x/cc-fu/primitive.
debug: Resolve cce:/internal/x/cc-fu/profiler from cce:/internal/x/cc as external dependency cce:/internal/x/cc-fu/profiler.
debug: Resolve cce:/internal/x/cc-fu/skeletal-animation from cce:/internal/x/cc as external dependency cce:/internal/x/cc-fu/skeletal-animation.
debug: Resolve cce:/internal/x/cc-fu/spine from cce:/internal/x/cc as external dependency cce:/internal/x/cc-fu/spine.
debug: Resolve cce:/internal/x/cc-fu/terrain from cce:/internal/x/cc as external dependency cce:/internal/x/cc-fu/terrain.
debug: Resolve cce:/internal/x/cc-fu/tiled-map from cce:/internal/x/cc as external dependency cce:/internal/x/cc-fu/tiled-map.
debug: Resolve cce:/internal/x/cc-fu/tween from cce:/internal/x/cc as external dependency cce:/internal/x/cc-fu/tween.
debug: Resolve cce:/internal/x/cc-fu/ui from cce:/internal/x/cc as external dependency cce:/internal/x/cc-fu/ui.
debug: Resolve cce:/internal/x/cc-fu/video from cce:/internal/x/cc as external dependency cce:/internal/x/cc-fu/video.
debug: Resolve cce:/internal/x/cc-fu/webview from cce:/internal/x/cc as external dependency cce:/internal/x/cc-fu/webview.
debug: Detected change: cce:/internal/x/prerequisite-imports. Last mtime: Thu Jan 01 1970 13:48:31 GMT+0800 (中国标准时间), Current mtime: Thu Jan 01 1970 08:00:19 GMT+0800 (中国标准时间)
debug: Inspect cce:/internal/x/prerequisite-imports
debug: Resolve file:///C:/ProgramData/cocos/editors/Creator/3.7.4/resources/resources/3d/engine/editor/assets/tools/debug-view-runtime-control.ts from cce:/internal/x/prerequisite-imports as file:///C:/ProgramData/cocos/editors/Creator/3.7.4/resources/resources/3d/engine/editor/assets/tools/debug-view-runtime-control.ts.
debug: Detected change: file:///C:/ProgramData/cocos/editors/Creator/3.7.4/resources/resources/3d/engine/editor/assets/tools/debug-view-runtime-control.ts. Last mtime: Thu Jan 11 2024 20:10:45 GMT+0800 (中国标准时间)@b2bd1fa7-8d7c-49c5-a158-df29a6d3a594, Current mtime: Sun Sep 17 2023 19:30:23 GMT+0800 (中国标准时间)@b2bd1fa7-8d7c-49c5-a158-df29a6d3a594
debug: Inspect file:///C:/ProgramData/cocos/editors/Creator/3.7.4/resources/resources/3d/engine/editor/assets/tools/debug-view-runtime-control.ts
debug: Resolve cc from file:///C:/ProgramData/cocos/editors/Creator/3.7.4/resources/resources/3d/engine/editor/assets/tools/debug-view-runtime-control.ts as cce:/internal/x/cc.
debug: Resolve cc from file:///C:/ProgramData/cocos/editors/Creator/3.7.4/resources/resources/3d/engine/editor/assets/tools/debug-view-runtime-control.ts as cce:/internal/x/cc.
debug: Resolve cc from file:///C:/ProgramData/cocos/editors/Creator/3.7.4/resources/resources/3d/engine/editor/assets/tools/debug-view-runtime-control.ts as cce:/internal/x/cc.
debug: Resolve file:///D:/cocos_projects/physics_education_game/assets/scripts/GameApp.ts from cce:/internal/x/prerequisite-imports as file:///D:/cocos_projects/physics_education_game/assets/scripts/GameApp.ts.
debug: Detected change: file:///D:/cocos_projects/physics_education_game/assets/scripts/GameApp.ts. Last mtime: Thu Dec 28 2023 00:03:01 GMT+0800 (中国标准时间)@5c68ed08-7494-4ffc-9306-526d6545f865, Current mtime: Thu Feb 08 2024 13:03:25 GMT+0800 (中国标准时间)@5c68ed08-7494-4ffc-9306-526d6545f865
debug: Inspect file:///D:/cocos_projects/physics_education_game/assets/scripts/GameApp.ts
debug: Resolve cce:/internal/code-quality/cr.mjs from file:///D:/cocos_projects/physics_education_game/assets/scripts/GameApp.ts as cce:/internal/code-quality/cr.mjs.
debug: Detected change: cce:/internal/code-quality/cr.mjs. Last mtime: Mon Feb 05 2024 14:25:57 GMT+0800 (中国标准时间), Current mtime: Thu Feb 08 2024 15:55:41 GMT+0800 (中国标准时间)
debug: Inspect cce:/internal/code-quality/cr.mjs
debug: Resolve cc from file:///D:/cocos_projects/physics_education_game/assets/scripts/GameApp.ts as cce:/internal/x/cc.
debug: Resolve cc from file:///D:/cocos_projects/physics_education_game/assets/scripts/GameApp.ts as cce:/internal/x/cc.
debug: Resolve cc from file:///D:/cocos_projects/physics_education_game/assets/scripts/GameApp.ts as cce:/internal/x/cc.
debug: Resolve ./manager/game_manager/GameManager from file:///D:/cocos_projects/physics_education_game/assets/scripts/GameApp.ts as file:///D:/cocos_projects/physics_education_game/assets/scripts/manager/game_manager/GameManager.ts.
debug: Detected change: file:///D:/cocos_projects/physics_education_game/assets/scripts/manager/game_manager/GameManager.ts. Last mtime: Thu Jan 04 2024 00:55:00 GMT+0800 (中国标准时间)@cf8771f3-8649-4f9c-8d02-7c048246eab8, Current mtime: Thu Feb 08 2024 12:20:46 GMT+0800 (中国标准时间)@cf8771f3-8649-4f9c-8d02-7c048246eab8
debug: Inspect file:///D:/cocos_projects/physics_education_game/assets/scripts/manager/game_manager/GameManager.ts
debug: Resolve cce:/internal/code-quality/cr.mjs from file:///D:/cocos_projects/physics_education_game/assets/scripts/manager/game_manager/GameManager.ts as cce:/internal/code-quality/cr.mjs.
debug: Resolve cc from file:///D:/cocos_projects/physics_education_game/assets/scripts/manager/game_manager/GameManager.ts as cce:/internal/x/cc.
debug: Resolve cc from file:///D:/cocos_projects/physics_education_game/assets/scripts/manager/game_manager/GameManager.ts as cce:/internal/x/cc.
debug: Resolve cc from file:///D:/cocos_projects/physics_education_game/assets/scripts/manager/game_manager/GameManager.ts as cce:/internal/x/cc.
debug: Resolve ../../common/Singleton from file:///D:/cocos_projects/physics_education_game/assets/scripts/manager/game_manager/GameManager.ts as file:///D:/cocos_projects/physics_education_game/assets/scripts/common/Singleton.ts.
debug: Detected change: file:///D:/cocos_projects/physics_education_game/assets/scripts/common/Singleton.ts. Last mtime: Tue Oct 03 2023 11:02:50 GMT+0800 (中国标准时间)@acb6eac7-ba3a-40f6-b5fc-c60cff1469fc, Current mtime: Thu Feb 08 2024 12:20:15 GMT+0800 (中国标准时间)@acb6eac7-ba3a-40f6-b5fc-c60cff1469fc
debug: Inspect file:///D:/cocos_projects/physics_education_game/assets/scripts/common/Singleton.ts
debug: Resolve cc from file:///D:/cocos_projects/physics_education_game/assets/scripts/common/Singleton.ts as cce:/internal/x/cc.
debug: Resolve ../../modules/game/ObjectBase from file:///D:/cocos_projects/physics_education_game/assets/scripts/manager/game_manager/GameManager.ts as file:///D:/cocos_projects/physics_education_game/assets/scripts/modules/game/ObjectBase.ts.
debug: Detected change: file:///D:/cocos_projects/physics_education_game/assets/scripts/modules/game/ObjectBase.ts. Last mtime: Thu Jan 04 2024 01:01:43 GMT+0800 (中国标准时间)@9be97f86-2434-4426-a8ed-ff43677d5258, Current mtime: Thu Feb 08 2024 12:21:00 GMT+0800 (中国标准时间)@9be97f86-2434-4426-a8ed-ff43677d5258
debug: Inspect file:///D:/cocos_projects/physics_education_game/assets/scripts/modules/game/ObjectBase.ts
debug: Resolve cce:/internal/code-quality/cr.mjs from file:///D:/cocos_projects/physics_education_game/assets/scripts/modules/game/ObjectBase.ts as cce:/internal/code-quality/cr.mjs.
debug: Resolve cc from file:///D:/cocos_projects/physics_education_game/assets/scripts/modules/game/ObjectBase.ts as cce:/internal/x/cc.
debug: Resolve cc from file:///D:/cocos_projects/physics_education_game/assets/scripts/modules/game/ObjectBase.ts as cce:/internal/x/cc.
debug: Resolve cc from file:///D:/cocos_projects/physics_education_game/assets/scripts/modules/game/ObjectBase.ts as cce:/internal/x/cc.
debug: Resolve ../../manager/game_manager/GameDefinition from file:///D:/cocos_projects/physics_education_game/assets/scripts/modules/game/ObjectBase.ts as file:///D:/cocos_projects/physics_education_game/assets/scripts/manager/game_manager/GameDefinition.ts.
debug: Resolve cc from file:///D:/cocos_projects/physics_education_game/assets/scripts/manager/game_manager/GameDefinition.ts as cce:/internal/x/cc.
debug: Resolve ../../manager/game_manager/InteractSpace from file:///D:/cocos_projects/physics_education_game/assets/scripts/modules/game/ObjectBase.ts as file:///D:/cocos_projects/physics_education_game/assets/scripts/manager/game_manager/InteractSpace.ts.
debug: Inspect file:///D:/cocos_projects/physics_education_game/assets/scripts/manager/game_manager/InteractSpace.ts
debug: Resolve cce:/internal/code-quality/cr.mjs from file:///D:/cocos_projects/physics_education_game/assets/scripts/manager/game_manager/InteractSpace.ts as cce:/internal/code-quality/cr.mjs.
debug: Resolve cc from file:///D:/cocos_projects/physics_education_game/assets/scripts/manager/game_manager/InteractSpace.ts as cce:/internal/x/cc.
debug: Resolve cc from file:///D:/cocos_projects/physics_education_game/assets/scripts/manager/game_manager/InteractSpace.ts as cce:/internal/x/cc.
debug: Resolve cc from file:///D:/cocos_projects/physics_education_game/assets/scripts/manager/game_manager/InteractSpace.ts as cce:/internal/x/cc.
debug: Resolve ../InputManager from file:///D:/cocos_projects/physics_education_game/assets/scripts/manager/game_manager/GameManager.ts as file:///D:/cocos_projects/physics_education_game/assets/scripts/manager/InputManager.ts.
debug: Detected change: file:///D:/cocos_projects/physics_education_game/assets/scripts/manager/InputManager.ts. Last mtime: Sat Dec 09 2023 20:21:31 GMT+0800 (中国标准时间)@83797cca-9c36-446c-993e-a8c017c0b7d2, Current mtime: Thu Feb 08 2024 12:20:15 GMT+0800 (中国标准时间)@83797cca-9c36-446c-993e-a8c017c0b7d2
debug: Inspect file:///D:/cocos_projects/physics_education_game/assets/scripts/manager/InputManager.ts
debug: Resolve cce:/internal/code-quality/cr.mjs from file:///D:/cocos_projects/physics_education_game/assets/scripts/manager/InputManager.ts as cce:/internal/code-quality/cr.mjs.
debug: Resolve cc from file:///D:/cocos_projects/physics_education_game/assets/scripts/manager/InputManager.ts as cce:/internal/x/cc.
debug: Resolve cc from file:///D:/cocos_projects/physics_education_game/assets/scripts/manager/InputManager.ts as cce:/internal/x/cc.
debug: Resolve cc from file:///D:/cocos_projects/physics_education_game/assets/scripts/manager/InputManager.ts as cce:/internal/x/cc.
debug: Resolve ../common/Singleton from file:///D:/cocos_projects/physics_education_game/assets/scripts/manager/InputManager.ts as file:///D:/cocos_projects/physics_education_game/assets/scripts/common/Singleton.ts.
debug: Resolve ./ui_manager/UIManager from file:///D:/cocos_projects/physics_education_game/assets/scripts/manager/InputManager.ts as file:///D:/cocos_projects/physics_education_game/assets/scripts/manager/ui_manager/UIManager.ts.
debug: Resolve cce:/internal/code-quality/cr.mjs from file:///D:/cocos_projects/physics_education_game/assets/scripts/manager/ui_manager/UIManager.ts as cce:/internal/code-quality/cr.mjs.
debug: Resolve cc from file:///D:/cocos_projects/physics_education_game/assets/scripts/manager/ui_manager/UIManager.ts as cce:/internal/x/cc.
debug: Resolve cc from file:///D:/cocos_projects/physics_education_game/assets/scripts/manager/ui_manager/UIManager.ts as cce:/internal/x/cc.
debug: Resolve cc from file:///D:/cocos_projects/physics_education_game/assets/scripts/manager/ui_manager/UIManager.ts as cce:/internal/x/cc.
debug: Resolve ../../common/Singleton from file:///D:/cocos_projects/physics_education_game/assets/scripts/manager/ui_manager/UIManager.ts as file:///D:/cocos_projects/physics_education_game/assets/scripts/common/Singleton.ts.
debug: Resolve ../ResManager from file:///D:/cocos_projects/physics_education_game/assets/scripts/manager/ui_manager/UIManager.ts as file:///D:/cocos_projects/physics_education_game/assets/scripts/manager/ResManager.ts.
debug: Resolve cce:/internal/code-quality/cr.mjs from file:///D:/cocos_projects/physics_education_game/assets/scripts/manager/ResManager.ts as cce:/internal/code-quality/cr.mjs.
debug: Resolve cc from file:///D:/cocos_projects/physics_education_game/assets/scripts/manager/ResManager.ts as cce:/internal/x/cc.
debug: Resolve cc from file:///D:/cocos_projects/physics_education_game/assets/scripts/manager/ResManager.ts as cce:/internal/x/cc.
debug: Resolve cc from file:///D:/cocos_projects/physics_education_game/assets/scripts/manager/ResManager.ts as cce:/internal/x/cc.
debug: Resolve ../common/Singleton from file:///D:/cocos_projects/physics_education_game/assets/scripts/manager/ResManager.ts as file:///D:/cocos_projects/physics_education_game/assets/scripts/common/Singleton.ts.
debug: Resolve ./Name2Panel from file:///D:/cocos_projects/physics_education_game/assets/scripts/manager/ui_manager/UIManager.ts as file:///D:/cocos_projects/physics_education_game/assets/scripts/manager/ui_manager/Name2Panel.ts.
debug: Resolve cc from file:///D:/cocos_projects/physics_education_game/assets/scripts/manager/ui_manager/Name2Panel.ts as cce:/internal/x/cc.
debug: Resolve cc from file:///D:/cocos_projects/physics_education_game/assets/scripts/manager/ui_manager/Name2Panel.ts as cce:/internal/x/cc.
debug: Resolve cc from file:///D:/cocos_projects/physics_education_game/assets/scripts/manager/ui_manager/Name2Panel.ts as cce:/internal/x/cc.
debug: Resolve ./UIPanel from file:///D:/cocos_projects/physics_education_game/assets/scripts/manager/ui_manager/UIManager.ts as file:///D:/cocos_projects/physics_education_game/assets/scripts/manager/ui_manager/UIPanel.ts.
debug: Resolve cce:/internal/code-quality/cr.mjs from file:///D:/cocos_projects/physics_education_game/assets/scripts/manager/ui_manager/UIPanel.ts as cce:/internal/code-quality/cr.mjs.
debug: Resolve cc from file:///D:/cocos_projects/physics_education_game/assets/scripts/manager/ui_manager/UIPanel.ts as cce:/internal/x/cc.
debug: Resolve cc from file:///D:/cocos_projects/physics_education_game/assets/scripts/manager/ui_manager/UIPanel.ts as cce:/internal/x/cc.
debug: Resolve cc from file:///D:/cocos_projects/physics_education_game/assets/scripts/manager/ui_manager/UIPanel.ts as cce:/internal/x/cc.
debug: Resolve ./UIManager from file:///D:/cocos_projects/physics_education_game/assets/scripts/manager/ui_manager/UIPanel.ts as file:///D:/cocos_projects/physics_education_game/assets/scripts/manager/ui_manager/UIManager.ts.
debug: Resolve ../../utils/Stack from file:///D:/cocos_projects/physics_education_game/assets/scripts/manager/ui_manager/UIManager.ts as file:///D:/cocos_projects/physics_education_game/assets/scripts/utils/Stack.ts.
debug: Inspect file:///D:/cocos_projects/physics_education_game/assets/scripts/utils/Stack.ts
debug: Resolve cc from file:///D:/cocos_projects/physics_education_game/assets/scripts/utils/Stack.ts as cce:/internal/x/cc.
error: AssertionError [ERR_ASSERTION]: undefined undefined undefined
debug: Target(preview) ends with cost 743.3787999153137ms.
debug: Pulling asset-db.
debug: Fetch asset-db cost: 4840.760499954224ms.
debug: Build iteration starts.
Number of accumulated asset changes: 48
Feature changed: false
debug: Target(editor) build started.
debug: Detected change: cce:/internal/x/prerequisite-imports. Last mtime: Thu Jan 01 1970 08:00:18 GMT+0800 (中国标准时间), Current mtime: Thu Jan 01 1970 08:00:37 GMT+0800 (中国标准时间)
debug: Inspect cce:/internal/x/prerequisite-imports
debug: Resolve file:///C:/ProgramData/cocos/editors/Creator/3.7.4/resources/resources/3d/engine/editor/assets/tools/debug-view-runtime-control.ts from cce:/internal/x/prerequisite-imports as file:///C:/ProgramData/cocos/editors/Creator/3.7.4/resources/resources/3d/engine/editor/assets/tools/debug-view-runtime-control.ts.
debug: Resolve file:///D:/cocos_projects/physics_education_game/assets/scripts/GameApp.ts from cce:/internal/x/prerequisite-imports as file:///D:/cocos_projects/physics_education_game/assets/scripts/GameApp.ts.
error: AssertionError [ERR_ASSERTION]: undefined undefined undefined
debug: Target(editor) ends with cost 60.9689998626709ms.
debug: Target(preview) build started.
debug: Detected change: cce:/internal/x/prerequisite-imports. Last mtime: Thu Jan 01 1970 08:00:19 GMT+0800 (中国标准时间), Current mtime: Thu Jan 01 1970 08:00:37 GMT+0800 (中国标准时间)
debug: Inspect cce:/internal/x/prerequisite-imports
debug: Resolve file:///C:/ProgramData/cocos/editors/Creator/3.7.4/resources/resources/3d/engine/editor/assets/tools/debug-view-runtime-control.ts from cce:/internal/x/prerequisite-imports as file:///C:/ProgramData/cocos/editors/Creator/3.7.4/resources/resources/3d/engine/editor/assets/tools/debug-view-runtime-control.ts.
debug: Resolve file:///D:/cocos_projects/physics_education_game/assets/scripts/GameApp.ts from cce:/internal/x/prerequisite-imports as file:///D:/cocos_projects/physics_education_game/assets/scripts/GameApp.ts.
error: AssertionError [ERR_ASSERTION]: undefined undefined undefined
debug: Target(preview) ends with cost 75.30780029296875ms.
