2024-1-2 22:54:59-debug: asset-db:worker-init (2026ms)
2024-1-2 22:55:00-debug: Preimport db internal success
2024-1-2 22:55:00-debug: Preimport db assets success
2024-1-2 22:55:01-debug: asset-db:worker-effect-data-processing (456ms)
2024-1-2 22:55:08-debug: Set detail map pack:///resolution-detail-map.json: {}
2024-1-2 22:55:08-debug: Start up the 'internal' database...
2024-1-2 22:55:08-debug: asset-db:worker-init-script (82ms)
2024-1-2 22:55:08-debug: start asset-db with asset: 419
2024-1-2 22:55:08-debug: Start up the 'assets' database...
2024-1-2 22:55:08-debug: asset-db:worker-startup-database[internal] (8268ms)
2024-1-2 22:55:08-debug: start asset-db with asset: 87
2024-1-2 22:55:08-debug: asset-db:worker-startup-database[assets] (8064ms)
2024-1-2 22:55:08-debug: Asset DB is ready!
2024-1-2 22:55:08-debug: init worker message success
2024-1-2 22:55:11-debug: builder:worker-init (2830ms)
2024-1-2 22:55:17-debug: Query all assets info in project
2024-1-2 22:55:17-debug: BuildAssetLibrary query-assets with assets 505
2024-1-2 22:55:17-debug: init custom config: keepNodeUuid: false, useCache: true
2024-1-2 22:55:17-debug:   Number of all scenes: 1
2024-1-2 22:55:17-debug:   Number of other assets: 322
2024-1-2 22:55:17-debug: 查询 Asset Bundle start0%
2024-1-2 22:55:17-debug: // ---- build task 查询 Asset Bundle ----
2024-1-2 22:55:17-debug: Process: heapTotal 224.80MB heapUsed 203.79MB rss 556.09MB
2024-1-2 22:55:17-debug:   Number of all scripts: 39
2024-1-2 22:55:17-debug: // ---- build task 查询 Asset Bundle ---- (15ms)
2024-1-2 22:55:17-debug: run build task 查询 Asset Bundle success in 15 ms √3%
2024-1-2 22:55:17-debug: 查询使用的资源以及资源包配置 start3%
2024-1-2 22:55:17-debug: // ---- build task 查询使用的资源以及资源包配置 ----
2024-1-2 22:55:17-debug: Process: heapTotal 224.07MB heapUsed 197.95MB rss 555.34MB
2024-1-2 22:55:17-debug: init bundle assets
2024-1-2 22:55:17-debug: Query preload assets from cc.config.json: 60f7195c-ec2a-45eb-ba94-8955f60e81d0,1c02ae6f-4492-4915-b8f8-7492a3b1e4cd,810e96e4-e456-4468-9b59-f4e8f39732c0,efe8e2a3-eace-427b-b4f1-cb8a937ec77d,e9aa9a3e-5b2b-4ac7-a2c7-073de2b2b24f,8bbdbcdd-5cd4-4100-b6d5-b7c9625b6107,50f4348b-c883-4e2f-8f11-ce233b859fa1,fda095cb-831d-4601-ad94-846013963de8,f92806d7-1768-443f-afe8-12bcde84d0f0,dd3a144d-ab7f-41f0-82b8-2e43a090d496,f0416e68-0200-4b77-a926-4f9d16e494da,1baf0fc9-befa-459c-8bdd-af1a450a0319,511d2633-09a7-4bdd-ac42-f778032124b3,5d45aa00-e064-4938-b314-4265f0c2258c,28d6d6b8-3f66-4a73-9795-17a0852ba2d4,ec8106fe-05bf-4e94-943c-e0d3b7bb5e45,620b6bf3-0369-4560-837f-2a2c00b73c26,2df0a40b-26c2-47ce-be0d-4d3cd4164737,ff9be190-20a4-4e48-b68c-76e3c7cff085,970b0598-bcb0-4714-91fb-2e81440dccd8,bcd64cc6-2dd9-43f6-abbe-66318d332032,d930590d-bb92-4cc8-8bd1-23cd027f9edf,a3cd009f-0ab0-420d-9278-b9fdab939bbc,9361fd90-ba52-4f84-aa93-6e878fd576ca,c27215d8-6835-4b68-bfbb-bdeac6100c04,b5d6115f-0370-4d7c-aad3-c194cc71cf98,d1346436-ac96-4271-b863-1f4fdead95b0,971bdb23-3ff6-43eb-b422-1c30165a3663,17debcc3-0a6b-4b8a-b00b-dc58b885581e,711ebe11-f673-4cd9-9a83-63c60ba54c5b,c0143906-9aed-447e-9436-2ae8512d1b6e,14da1725-c4c2-42b4-ab08-ee0aeb6898b3,081cab31-dccd-428e-8652-f2404cc81c47,78e0584a-4343-4727-8f37-e14e65c2a2db,ba21476f-2866-4f81-9c4d-6e359316e448,871c3b6c-7379-419d-bda3-794b239ab90d,1d08ef62-a503-4ce2-8b9a-46c90873f7d3
2024-1-2 22:55:17-debug: Number of scenes: 1
2024-1-2 22:55:17-debug: // ---- build task 查询使用的资源以及资源包配置 ---- (16ms)
2024-1-2 22:55:17-debug: run build task 查询使用的资源以及资源包配置 success in 16 ms √7%
2024-1-2 22:55:17-debug: 整理脚本分组与脚本数据 start7%
2024-1-2 22:55:17-debug: // ---- build task 整理脚本分组与脚本数据 ----
2024-1-2 22:55:17-debug: Process: heapTotal 224.07MB heapUsed 198.26MB rss 555.37MB
2024-1-2 22:55:17-debug: sort script group...
2024-1-2 22:55:17-debug: // ---- build task 整理脚本分组与脚本数据 ---- (2ms)
2024-1-2 22:55:17-debug: 初始化 settings.json 与 config.json start10%
2024-1-2 22:55:17-debug: // ---- build task 初始化 settings.json 与 config.json ----
2024-1-2 22:55:17-debug: run build task 整理脚本分组与脚本数据 success in 2 ms √10%
2024-1-2 22:55:17-debug: Process: heapTotal 224.07MB heapUsed 198.32MB rss 555.37MB
2024-1-2 22:55:17-debug: // ---- build task 初始化 settings.json 与 config.json ---- (1ms)
2024-1-2 22:55:17-debug: run build task 初始化 settings.json 与 config.json success in 1 ms √11%
2024-1-2 22:55:17-debug: builder.tasks.settings.macro 字段未在编辑器多语言内定义
2024-1-2 22:55:17-debug: builder.tasks.settings.macro start11%
2024-1-2 22:55:17-debug: // ---- build task builder.tasks.settings.macro ----
2024-1-2 22:55:17-debug: Process: heapTotal 224.07MB heapUsed 198.37MB rss 555.39MB
2024-1-2 22:55:17-debug: // ---- build task builder.tasks.settings.macro ---- (2ms)
2024-1-2 22:55:17-debug: run build task builder.tasks.settings.macro success in 2 ms √11%
2024-1-2 22:55:17-debug: 整理部分构建选项内数据到 settings.json start11%
2024-1-2 22:55:17-debug: // ---- build task 整理部分构建选项内数据到 settings.json ----
2024-1-2 22:55:17-debug: Process: heapTotal 224.07MB heapUsed 198.40MB rss 555.39MB
2024-1-2 22:55:18-debug: // ---- build task 整理部分构建选项内数据到 settings.json ---- (293ms)
2024-1-2 22:55:18-debug: run build task 整理部分构建选项内数据到 settings.json success in 293 ms √12%
2024-1-2 22:55:18-debug: custom joint texture layouts start12%
2024-1-2 22:55:18-debug: // ---- build task custom joint texture layouts ----
2024-1-2 22:55:18-debug: Process: heapTotal 224.07MB heapUsed 198.47MB rss 555.42MB
2024-1-2 22:55:18-debug: // ---- build task custom joint texture layouts ---- (1ms)
2024-1-2 22:55:18-debug: run build task custom joint texture layouts success in 1 ms √12%
2024-1-2 22:55:18-debug: custom joint physics start12%
2024-1-2 22:55:18-debug: // ---- build task custom joint physics ----
2024-1-2 22:55:18-debug: Process: heapTotal 224.07MB heapUsed 198.50MB rss 555.42MB
2024-1-2 22:55:18-debug: // ---- build task custom joint physics ---- (1ms)
2024-1-2 22:55:18-debug: run build task custom joint physics success in 1 ms √13%
2024-1-2 22:55:18-debug: 填充脚本数据到 settings.json start13%
2024-1-2 22:55:18-debug: // ---- build task 填充脚本数据到 settings.json ----
2024-1-2 22:55:18-debug: Process: heapTotal 224.07MB heapUsed 198.53MB rss 555.42MB
2024-1-2 22:55:18-debug: // ---- build task 填充脚本数据到 settings.json ---- (2ms)
2024-1-2 22:55:18-debug: run build task 填充脚本数据到 settings.json success in 2 ms √13%
2024-1-2 22:55:18-debug: Process: heapTotal 224.07MB heapUsed 198.56MB rss 555.42MB
2024-1-2 22:55:18-debug: // ---- build task 填充场景数据到 settings.json ----
2024-1-2 22:55:18-debug: 填充场景数据到 settings.json start13%
2024-1-2 22:55:18-debug: // ---- build task 填充场景数据到 settings.json ---- (1ms)
2024-1-2 22:55:18-debug: run build task 填充场景数据到 settings.json success in 1 ms √14%
2024-1-2 22:55:18-debug: 整理资源分组，生成 packedAssets 以及 rawAssets 数据 start14%
2024-1-2 22:55:18-debug: // ---- build task 整理资源分组，生成 packedAssets 以及 rawAssets 数据 ----
2024-1-2 22:55:18-debug: Process: heapTotal 224.07MB heapUsed 198.59MB rss 555.45MB
2024-1-2 22:55:18-debug: // ---- build task 整理资源分组，生成 packedAssets 以及 rawAssets 数据 ---- (2ms)
2024-1-2 22:55:18-debug: run build task 整理资源分组，生成 packedAssets 以及 rawAssets 数据 success in 2 ms √14%
2024-1-2 22:55:18-debug: // ---- build task 从 suffixMap 生成 md5AssetsMap 到 settings.json ----
2024-1-2 22:55:18-debug: Process: heapTotal 224.07MB heapUsed 198.64MB rss 555.45MB
2024-1-2 22:55:18-debug: 从 suffixMap 生成 md5AssetsMap 到 settings.json start14%
2024-1-2 22:55:18-debug: options.md5Cache is false.
2024-1-2 22:55:18-debug: // ---- build task 从 suffixMap 生成 md5AssetsMap 到 settings.json ---- (20ms)
2024-1-2 22:55:18-debug: run build task 从 suffixMap 生成 md5AssetsMap 到 settings.json success in 20 ms √15%
2024-1-2 22:55:21-debug: programming:execute-script (7ms)
2024-1-2 22:56:07-debug: refresh db internal success
2024-1-2 22:56:08-debug: asset-db:worker-effect-data-processing (788ms)
2024-1-2 22:56:08-debug: refresh db assets success
2024-1-2 22:56:08-debug: asset-db:refresh-all-database (2782ms)
2024-1-2 22:56:08-debug: refresh db internal success
2024-1-2 22:56:09-debug: asset-db:worker-effect-data-processing (447ms)
2024-1-2 22:56:09-debug: refresh db assets success
2024-1-2 22:56:09-debug: asset-db:refresh-all-database (551ms)
2024-1-2 22:56:09-debug: refresh db internal success
2024-1-2 22:56:09-debug: asset-db:worker-effect-data-processing (376ms)
2024-1-2 22:56:09-debug: refresh db assets success
2024-1-2 22:56:09-debug: asset-db:refresh-all-database (467ms)
2024-1-2 23:11:19-debug: refresh db internal success
2024-1-2 23:11:20-debug: asset-db:worker-effect-data-processing (459ms)
2024-1-2 23:11:20-debug: %cImport%c: D:\cocos_projects\physics_education_game\assets\scripts\common\Display.tsbackground: #aaff85; color: #000;color: #000;
2024-1-2 23:11:20-debug: %cImport%c: D:\cocos_projects\physics_education_game\assets\scripts\utils\Utils.tsbackground: #aaff85; color: #000;color: #000;
2024-1-2 23:11:20-debug: %cImport%c: D:\cocos_projects\physics_education_game\assets\scripts\manager\ui_manager\component\ComButton.tsbackground: #aaff85; color: #000;color: #000;
2024-1-2 23:11:20-debug: asset-db:refresh-all-database (651ms)
2024-1-2 23:11:20-debug: refresh db assets success
2024-1-2 23:11:21-debug: Query all assets info in project
2024-1-2 23:11:21-debug: BuildAssetLibrary query-assets with assets 505
2024-1-2 23:11:21-debug: init custom config: keepNodeUuid: false, useCache: true
2024-1-2 23:11:21-debug:   Number of all scenes: 1
2024-1-2 23:11:21-debug:   Number of all scripts: 39
2024-1-2 23:11:21-debug:   Number of other assets: 322
2024-1-2 23:11:21-debug: // ---- build task 查询 Asset Bundle ----
2024-1-2 23:11:21-debug: 查询 Asset Bundle start0%
2024-1-2 23:11:21-debug: Process: heapTotal 223.50MB heapUsed 193.86MB rss 269.20MB
2024-1-2 23:11:21-debug: // ---- build task 查询 Asset Bundle ---- (18ms)
2024-1-2 23:11:21-debug: run build task 查询 Asset Bundle success in 18 ms √3%
2024-1-2 23:11:21-debug: 查询使用的资源以及资源包配置 start3%
2024-1-2 23:11:21-debug: // ---- build task 查询使用的资源以及资源包配置 ----
2024-1-2 23:11:21-debug: Process: heapTotal 223.50MB heapUsed 195.68MB rss 270.31MB
2024-1-2 23:11:21-debug: init bundle assets
2024-1-2 23:11:21-debug: Query preload assets from cc.config.json: 60f7195c-ec2a-45eb-ba94-8955f60e81d0,1c02ae6f-4492-4915-b8f8-7492a3b1e4cd,810e96e4-e456-4468-9b59-f4e8f39732c0,efe8e2a3-eace-427b-b4f1-cb8a937ec77d,e9aa9a3e-5b2b-4ac7-a2c7-073de2b2b24f,8bbdbcdd-5cd4-4100-b6d5-b7c9625b6107,50f4348b-c883-4e2f-8f11-ce233b859fa1,fda095cb-831d-4601-ad94-846013963de8,f92806d7-1768-443f-afe8-12bcde84d0f0,dd3a144d-ab7f-41f0-82b8-2e43a090d496,f0416e68-0200-4b77-a926-4f9d16e494da,1baf0fc9-befa-459c-8bdd-af1a450a0319,511d2633-09a7-4bdd-ac42-f778032124b3,5d45aa00-e064-4938-b314-4265f0c2258c,28d6d6b8-3f66-4a73-9795-17a0852ba2d4,ec8106fe-05bf-4e94-943c-e0d3b7bb5e45,620b6bf3-0369-4560-837f-2a2c00b73c26,2df0a40b-26c2-47ce-be0d-4d3cd4164737,ff9be190-20a4-4e48-b68c-76e3c7cff085,970b0598-bcb0-4714-91fb-2e81440dccd8,bcd64cc6-2dd9-43f6-abbe-66318d332032,d930590d-bb92-4cc8-8bd1-23cd027f9edf,a3cd009f-0ab0-420d-9278-b9fdab939bbc,9361fd90-ba52-4f84-aa93-6e878fd576ca,c27215d8-6835-4b68-bfbb-bdeac6100c04,b5d6115f-0370-4d7c-aad3-c194cc71cf98,d1346436-ac96-4271-b863-1f4fdead95b0,971bdb23-3ff6-43eb-b422-1c30165a3663,17debcc3-0a6b-4b8a-b00b-dc58b885581e,711ebe11-f673-4cd9-9a83-63c60ba54c5b,c0143906-9aed-447e-9436-2ae8512d1b6e,14da1725-c4c2-42b4-ab08-ee0aeb6898b3,081cab31-dccd-428e-8652-f2404cc81c47,78e0584a-4343-4727-8f37-e14e65c2a2db,ba21476f-2866-4f81-9c4d-6e359316e448,871c3b6c-7379-419d-bda3-794b239ab90d,1d08ef62-a503-4ce2-8b9a-46c90873f7d3
2024-1-2 23:11:21-debug: Number of scenes: 1
2024-1-2 23:11:21-debug: // ---- build task 查询使用的资源以及资源包配置 ---- (7ms)
2024-1-2 23:11:21-debug: run build task 查询使用的资源以及资源包配置 success in 7 ms √7%
2024-1-2 23:11:21-debug: 整理脚本分组与脚本数据 start7%
2024-1-2 23:11:21-debug: // ---- build task 整理脚本分组与脚本数据 ----
2024-1-2 23:11:21-debug: Process: heapTotal 223.50MB heapUsed 195.96MB rss 270.05MB
2024-1-2 23:11:21-debug: sort script group...
2024-1-2 23:11:21-debug: // ---- build task 整理脚本分组与脚本数据 ---- (1ms)
2024-1-2 23:11:21-debug: run build task 整理脚本分组与脚本数据 success in 1 ms √10%
2024-1-2 23:11:21-debug: 初始化 settings.json 与 config.json start10%
2024-1-2 23:11:21-debug: // ---- build task 初始化 settings.json 与 config.json ----
2024-1-2 23:11:21-debug: Process: heapTotal 223.50MB heapUsed 196.05MB rss 268.34MB
2024-1-2 23:11:21-debug: // ---- build task 初始化 settings.json 与 config.json ---- (1ms)
2024-1-2 23:11:21-debug: run build task 初始化 settings.json 与 config.json success in 1 ms √11%
2024-1-2 23:11:21-debug: builder.tasks.settings.macro start11%
2024-1-2 23:11:21-debug: // ---- build task builder.tasks.settings.macro ----
2024-1-2 23:11:21-debug: builder.tasks.settings.macro 字段未在编辑器多语言内定义
2024-1-2 23:11:21-debug: Process: heapTotal 223.50MB heapUsed 196.10MB rss 268.10MB
2024-1-2 23:11:21-debug: // ---- build task builder.tasks.settings.macro ---- (1ms)
2024-1-2 23:11:21-debug: run build task builder.tasks.settings.macro success in 1 ms √11%
2024-1-2 23:11:21-debug: 整理部分构建选项内数据到 settings.json start11%
2024-1-2 23:11:21-debug: // ---- build task 整理部分构建选项内数据到 settings.json ----
2024-1-2 23:11:21-debug: Process: heapTotal 223.50MB heapUsed 196.13MB rss 267.93MB
2024-1-2 23:11:21-debug: // ---- build task 整理部分构建选项内数据到 settings.json ---- (8ms)
2024-1-2 23:11:21-debug: run build task 整理部分构建选项内数据到 settings.json success in 8 ms √12%
2024-1-2 23:11:21-debug: custom joint texture layouts start12%
2024-1-2 23:11:21-debug: // ---- build task custom joint texture layouts ----
2024-1-2 23:11:21-debug: Process: heapTotal 223.50MB heapUsed 196.20MB rss 267.95MB
2024-1-2 23:11:21-debug: // ---- build task custom joint texture layouts ---- (7ms)
2024-1-2 23:11:21-debug: run build task custom joint texture layouts success in 7 ms √12%
2024-1-2 23:11:21-debug: custom joint physics start12%
2024-1-2 23:11:21-debug: // ---- build task custom joint physics ----
2024-1-2 23:11:21-debug: Process: heapTotal 223.50MB heapUsed 196.23MB rss 267.96MB
2024-1-2 23:11:21-debug: run build task custom joint physics success in 0 ms √13%
2024-1-2 23:11:21-debug: // ---- build task 填充脚本数据到 settings.json ----
2024-1-2 23:11:21-debug: 填充脚本数据到 settings.json start13%
2024-1-2 23:11:21-debug: Process: heapTotal 223.50MB heapUsed 196.26MB rss 267.98MB
2024-1-2 23:11:21-debug: // ---- build task 填充脚本数据到 settings.json ---- (1ms)
2024-1-2 23:11:21-debug: run build task 填充脚本数据到 settings.json success in 1 ms √13%
2024-1-2 23:11:21-debug: 填充场景数据到 settings.json start13%
2024-1-2 23:11:21-debug: // ---- build task 填充场景数据到 settings.json ----
2024-1-2 23:11:21-debug: Process: heapTotal 223.50MB heapUsed 196.29MB rss 267.99MB
2024-1-2 23:11:21-debug: // ---- build task 填充场景数据到 settings.json ---- (1ms)
2024-1-2 23:11:21-debug: run build task 填充场景数据到 settings.json success in 1 ms √14%
2024-1-2 23:11:21-debug: 整理资源分组，生成 packedAssets 以及 rawAssets 数据 start14%
2024-1-2 23:11:21-debug: // ---- build task 整理资源分组，生成 packedAssets 以及 rawAssets 数据 ----
2024-1-2 23:11:21-debug: Process: heapTotal 223.50MB heapUsed 196.32MB rss 267.99MB
2024-1-2 23:11:21-debug: // ---- build task 整理资源分组，生成 packedAssets 以及 rawAssets 数据 ---- (2ms)
2024-1-2 23:11:21-debug: run build task 整理资源分组，生成 packedAssets 以及 rawAssets 数据 success in 2 ms √14%
2024-1-2 23:11:21-debug: 从 suffixMap 生成 md5AssetsMap 到 settings.json start14%
2024-1-2 23:11:21-debug: // ---- build task 从 suffixMap 生成 md5AssetsMap 到 settings.json ----
2024-1-2 23:11:21-debug: Process: heapTotal 223.50MB heapUsed 196.37MB rss 268.00MB
2024-1-2 23:11:21-debug: options.md5Cache is false.
2024-1-2 23:11:21-debug: run build task 从 suffixMap 生成 md5AssetsMap 到 settings.json success in 0 ms √15%
2024-1-2 23:11:49-debug: start move asset from D:\cocos_projects\physics_education_game\assets\scripts\common\Display.ts -> D:\cocos_projects\physics_education_game\assets\scripts\common\NodeHelper.ts...
2024-1-2 23:11:49-debug: start refresh asset from D:\cocos_projects\physics_education_game\assets\scripts\common\NodeHelper.ts...
2024-1-2 23:11:49-debug: %cImport%c: D:\cocos_projects\physics_education_game\assets\scripts\common\NodeHelper.tsbackground: #aaff85; color: #000;color: #000;
2024-1-2 23:11:49-debug: refresh asset D:\cocos_projects\physics_education_game\assets\scripts\common success
2024-1-2 23:11:49-debug: start refresh asset from D:\cocos_projects\physics_education_game\assets\scripts\common...
2024-1-2 23:11:49-debug: refresh asset D:\cocos_projects\physics_education_game\assets\scripts success
2024-1-2 23:11:49-debug: move asset from D:\cocos_projects\physics_education_game\assets\scripts\common\Display.ts -> D:\cocos_projects\physics_education_game\assets\scripts\common\NodeHelper.ts success
2024-1-2 23:11:49-debug: %cImport%c: D:\cocos_projects\physics_education_game\assets\scripts\commonbackground: #aaff85; color: #000;color: #000;
2024-1-2 23:11:49-debug: Query all assets info in project
2024-1-2 23:11:50-debug: BuildAssetLibrary query-assets with assets 505
2024-1-2 23:11:50-debug: init custom config: keepNodeUuid: false, useCache: true
2024-1-2 23:11:50-debug:   Number of all scripts: 39
2024-1-2 23:11:50-debug:   Number of all scenes: 1
2024-1-2 23:11:50-debug:   Number of other assets: 322
2024-1-2 23:11:50-debug: 查询 Asset Bundle start0%
2024-1-2 23:11:50-debug: // ---- build task 查询 Asset Bundle ----
2024-1-2 23:11:50-debug: Process: heapTotal 208.50MB heapUsed 192.07MB rss 254.69MB
2024-1-2 23:11:50-debug: // ---- build task 查询 Asset Bundle ---- (48ms)
2024-1-2 23:11:50-debug: run build task 查询 Asset Bundle success in 48 ms √3%
2024-1-2 23:11:50-debug: 查询使用的资源以及资源包配置 start3%
2024-1-2 23:11:50-debug: // ---- build task 查询使用的资源以及资源包配置 ----
2024-1-2 23:11:50-debug: Process: heapTotal 208.50MB heapUsed 192.42MB rss 257.80MB
2024-1-2 23:11:50-debug: init bundle assets
2024-1-2 23:11:50-debug: Query preload assets from cc.config.json: 60f7195c-ec2a-45eb-ba94-8955f60e81d0,1c02ae6f-4492-4915-b8f8-7492a3b1e4cd,810e96e4-e456-4468-9b59-f4e8f39732c0,efe8e2a3-eace-427b-b4f1-cb8a937ec77d,e9aa9a3e-5b2b-4ac7-a2c7-073de2b2b24f,8bbdbcdd-5cd4-4100-b6d5-b7c9625b6107,50f4348b-c883-4e2f-8f11-ce233b859fa1,fda095cb-831d-4601-ad94-846013963de8,f92806d7-1768-443f-afe8-12bcde84d0f0,dd3a144d-ab7f-41f0-82b8-2e43a090d496,f0416e68-0200-4b77-a926-4f9d16e494da,1baf0fc9-befa-459c-8bdd-af1a450a0319,511d2633-09a7-4bdd-ac42-f778032124b3,5d45aa00-e064-4938-b314-4265f0c2258c,28d6d6b8-3f66-4a73-9795-17a0852ba2d4,ec8106fe-05bf-4e94-943c-e0d3b7bb5e45,620b6bf3-0369-4560-837f-2a2c00b73c26,2df0a40b-26c2-47ce-be0d-4d3cd4164737,ff9be190-20a4-4e48-b68c-76e3c7cff085,970b0598-bcb0-4714-91fb-2e81440dccd8,bcd64cc6-2dd9-43f6-abbe-66318d332032,d930590d-bb92-4cc8-8bd1-23cd027f9edf,a3cd009f-0ab0-420d-9278-b9fdab939bbc,9361fd90-ba52-4f84-aa93-6e878fd576ca,c27215d8-6835-4b68-bfbb-bdeac6100c04,b5d6115f-0370-4d7c-aad3-c194cc71cf98,d1346436-ac96-4271-b863-1f4fdead95b0,971bdb23-3ff6-43eb-b422-1c30165a3663,17debcc3-0a6b-4b8a-b00b-dc58b885581e,711ebe11-f673-4cd9-9a83-63c60ba54c5b,c0143906-9aed-447e-9436-2ae8512d1b6e,14da1725-c4c2-42b4-ab08-ee0aeb6898b3,081cab31-dccd-428e-8652-f2404cc81c47,78e0584a-4343-4727-8f37-e14e65c2a2db,ba21476f-2866-4f81-9c4d-6e359316e448,871c3b6c-7379-419d-bda3-794b239ab90d,1d08ef62-a503-4ce2-8b9a-46c90873f7d3
2024-1-2 23:11:50-debug: Number of scenes: 1
2024-1-2 23:11:50-debug: // ---- build task 查询使用的资源以及资源包配置 ---- (14ms)
2024-1-2 23:11:50-debug: run build task 查询使用的资源以及资源包配置 success in 14 ms √7%
2024-1-2 23:11:50-debug: 整理脚本分组与脚本数据 start7%
2024-1-2 23:11:50-debug: // ---- build task 整理脚本分组与脚本数据 ----
2024-1-2 23:11:50-debug: Process: heapTotal 208.50MB heapUsed 192.76MB rss 255.46MB
2024-1-2 23:11:50-debug: sort script group...
2024-1-2 23:11:50-debug: // ---- build task 整理脚本分组与脚本数据 ---- (2ms)
2024-1-2 23:11:50-debug: // ---- build task 初始化 settings.json 与 config.json ----
2024-1-2 23:11:50-debug: run build task 整理脚本分组与脚本数据 success in 2 ms √10%
2024-1-2 23:11:50-debug: 初始化 settings.json 与 config.json start10%
2024-1-2 23:11:50-debug: Process: heapTotal 208.50MB heapUsed 192.82MB rss 255.42MB
2024-1-2 23:11:50-debug: run build task 初始化 settings.json 与 config.json success in 0 ms √11%
2024-1-2 23:11:50-debug: builder.tasks.settings.macro 字段未在编辑器多语言内定义
2024-1-2 23:11:50-debug: builder.tasks.settings.macro start11%
2024-1-2 23:11:50-debug: // ---- build task builder.tasks.settings.macro ----
2024-1-2 23:11:50-debug: Process: heapTotal 208.50MB heapUsed 192.12MB rss 254.38MB
2024-1-2 23:11:50-debug: // ---- build task builder.tasks.settings.macro ---- (4ms)
2024-1-2 23:11:50-debug: run build task builder.tasks.settings.macro success in 4 ms √11%
2024-1-2 23:11:50-debug: // ---- build task 整理部分构建选项内数据到 settings.json ----
2024-1-2 23:11:50-debug: Process: heapTotal 208.50MB heapUsed 192.15MB rss 254.36MB
2024-1-2 23:11:50-debug: 整理部分构建选项内数据到 settings.json start11%
2024-1-2 23:11:50-debug: // ---- build task 整理部分构建选项内数据到 settings.json ---- (3ms)
2024-1-2 23:11:50-debug: run build task 整理部分构建选项内数据到 settings.json success in 3 ms √12%
2024-1-2 23:11:50-debug: Process: heapTotal 208.50MB heapUsed 192.23MB rss 254.39MB
2024-1-2 23:11:50-debug: custom joint texture layouts start12%
2024-1-2 23:11:50-debug: // ---- build task custom joint texture layouts ----
2024-1-2 23:11:50-debug: // ---- build task custom joint texture layouts ---- (2ms)
2024-1-2 23:11:50-debug: run build task custom joint texture layouts success in 2 ms √12%
2024-1-2 23:11:50-debug: Process: heapTotal 208.50MB heapUsed 192.26MB rss 254.43MB
2024-1-2 23:11:50-debug: // ---- build task custom joint physics ---- (2ms)
2024-1-2 23:11:50-debug: run build task custom joint physics success in 2 ms √13%
2024-1-2 23:11:50-debug: // ---- build task 填充脚本数据到 settings.json ----
2024-1-2 23:11:50-debug: Process: heapTotal 208.50MB heapUsed 192.28MB rss 254.45MB
2024-1-2 23:11:50-debug: custom joint physics start12%
2024-1-2 23:11:50-debug: // ---- build task custom joint physics ----
2024-1-2 23:11:50-debug: 填充脚本数据到 settings.json start13%
2024-1-2 23:11:50-debug: run build task 填充脚本数据到 settings.json success in 0 ms √13%
2024-1-2 23:11:50-debug: // ---- build task 填充场景数据到 settings.json ----
2024-1-2 23:11:50-debug: 填充场景数据到 settings.json start13%
2024-1-2 23:11:50-debug: Process: heapTotal 208.50MB heapUsed 192.31MB rss 254.48MB
2024-1-2 23:11:50-debug: // ---- build task 整理资源分组，生成 packedAssets 以及 rawAssets 数据 ----
2024-1-2 23:11:50-debug: 整理资源分组，生成 packedAssets 以及 rawAssets 数据 start14%
2024-1-2 23:11:50-debug: Process: heapTotal 208.50MB heapUsed 192.34MB rss 254.52MB
2024-1-2 23:11:50-debug: // ---- build task 填充场景数据到 settings.json ---- (1ms)
2024-1-2 23:11:50-debug: run build task 填充场景数据到 settings.json success in 1 ms √14%
2024-1-2 23:11:50-debug: // ---- build task 整理资源分组，生成 packedAssets 以及 rawAssets 数据 ---- (3ms)
2024-1-2 23:11:50-debug: run build task 整理资源分组，生成 packedAssets 以及 rawAssets 数据 success in 3 ms √14%
2024-1-2 23:11:50-debug: Process: heapTotal 208.50MB heapUsed 192.39MB rss 254.57MB
2024-1-2 23:11:50-debug: options.md5Cache is false.
2024-1-2 23:11:50-debug: 从 suffixMap 生成 md5AssetsMap 到 settings.json start14%
2024-1-2 23:11:50-debug: // ---- build task 从 suffixMap 生成 md5AssetsMap 到 settings.json ----
2024-1-2 23:11:50-debug: // ---- build task 从 suffixMap 生成 md5AssetsMap 到 settings.json ---- (1ms)
2024-1-2 23:11:50-debug: run build task 从 suffixMap 生成 md5AssetsMap 到 settings.json success in 1 ms √15%
2024-1-2 23:22:02-debug: refresh db internal success
2024-1-2 23:22:02-debug: asset-db:worker-effect-data-processing (365ms)
2024-1-2 23:22:02-debug: %cImport%c: D:\cocos_projects\physics_education_game\assets\scripts\common\NodeHelper.tsbackground: #aaff85; color: #000;color: #000;
2024-1-2 23:22:02-debug: %cImport%c: D:\cocos_projects\physics_education_game\assets\scripts\manager\ui_manager\component\ComButton.tsbackground: #aaff85; color: #000;color: #000;
2024-1-2 23:22:02-debug: %cImport%c: D:\cocos_projects\physics_education_game\assets\scripts\modules\ui\game_start_menu\GameStartMenuView.tsbackground: #aaff85; color: #000;color: #000;
2024-1-2 23:22:02-debug: refresh db assets success
2024-1-2 23:22:02-debug: asset-db:refresh-all-database (459ms)
2024-1-2 23:22:03-debug: Query all assets info in project
2024-1-2 23:22:03-debug: BuildAssetLibrary query-assets with assets 505
2024-1-2 23:22:03-debug:   Number of all scenes: 1
2024-1-2 23:22:03-debug:   Number of all scripts: 39
2024-1-2 23:22:03-debug:   Number of other assets: 322
2024-1-2 23:22:03-debug: 查询 Asset Bundle start0%
2024-1-2 23:22:03-debug: // ---- build task 查询 Asset Bundle ----
2024-1-2 23:22:03-debug: init custom config: keepNodeUuid: false, useCache: true
2024-1-2 23:22:03-debug: Process: heapTotal 222.50MB heapUsed 193.01MB rss 253.95MB
2024-1-2 23:22:03-debug: // ---- build task 查询 Asset Bundle ---- (24ms)
2024-1-2 23:22:03-debug: run build task 查询 Asset Bundle success in 24 ms √3%
2024-1-2 23:22:03-debug: 查询使用的资源以及资源包配置 start3%
2024-1-2 23:22:03-debug: // ---- build task 查询使用的资源以及资源包配置 ----
2024-1-2 23:22:03-debug: Process: heapTotal 222.50MB heapUsed 194.79MB rss 256.60MB
2024-1-2 23:22:03-debug: init bundle assets
2024-1-2 23:22:03-debug: Query preload assets from cc.config.json: 60f7195c-ec2a-45eb-ba94-8955f60e81d0,1c02ae6f-4492-4915-b8f8-7492a3b1e4cd,810e96e4-e456-4468-9b59-f4e8f39732c0,efe8e2a3-eace-427b-b4f1-cb8a937ec77d,e9aa9a3e-5b2b-4ac7-a2c7-073de2b2b24f,8bbdbcdd-5cd4-4100-b6d5-b7c9625b6107,50f4348b-c883-4e2f-8f11-ce233b859fa1,fda095cb-831d-4601-ad94-846013963de8,f92806d7-1768-443f-afe8-12bcde84d0f0,dd3a144d-ab7f-41f0-82b8-2e43a090d496,f0416e68-0200-4b77-a926-4f9d16e494da,1baf0fc9-befa-459c-8bdd-af1a450a0319,511d2633-09a7-4bdd-ac42-f778032124b3,5d45aa00-e064-4938-b314-4265f0c2258c,28d6d6b8-3f66-4a73-9795-17a0852ba2d4,ec8106fe-05bf-4e94-943c-e0d3b7bb5e45,620b6bf3-0369-4560-837f-2a2c00b73c26,2df0a40b-26c2-47ce-be0d-4d3cd4164737,ff9be190-20a4-4e48-b68c-76e3c7cff085,970b0598-bcb0-4714-91fb-2e81440dccd8,bcd64cc6-2dd9-43f6-abbe-66318d332032,d930590d-bb92-4cc8-8bd1-23cd027f9edf,a3cd009f-0ab0-420d-9278-b9fdab939bbc,9361fd90-ba52-4f84-aa93-6e878fd576ca,c27215d8-6835-4b68-bfbb-bdeac6100c04,b5d6115f-0370-4d7c-aad3-c194cc71cf98,d1346436-ac96-4271-b863-1f4fdead95b0,971bdb23-3ff6-43eb-b422-1c30165a3663,17debcc3-0a6b-4b8a-b00b-dc58b885581e,711ebe11-f673-4cd9-9a83-63c60ba54c5b,c0143906-9aed-447e-9436-2ae8512d1b6e,14da1725-c4c2-42b4-ab08-ee0aeb6898b3,081cab31-dccd-428e-8652-f2404cc81c47,78e0584a-4343-4727-8f37-e14e65c2a2db,ba21476f-2866-4f81-9c4d-6e359316e448,871c3b6c-7379-419d-bda3-794b239ab90d,1d08ef62-a503-4ce2-8b9a-46c90873f7d3
2024-1-2 23:22:03-debug: Number of scenes: 1
2024-1-2 23:22:03-debug: // ---- build task 查询使用的资源以及资源包配置 ---- (12ms)
2024-1-2 23:22:03-debug: run build task 查询使用的资源以及资源包配置 success in 12 ms √7%
2024-1-2 23:22:03-debug: 整理脚本分组与脚本数据 start7%
2024-1-2 23:22:03-debug: // ---- build task 整理脚本分组与脚本数据 ----
2024-1-2 23:22:03-debug: Process: heapTotal 222.50MB heapUsed 195.16MB rss 254.65MB
2024-1-2 23:22:03-debug: sort script group...
2024-1-2 23:22:04-debug: // ---- build task 整理脚本分组与脚本数据 ---- (8ms)
2024-1-2 23:22:04-debug: run build task 整理脚本分组与脚本数据 success in 8 ms √10%
2024-1-2 23:22:04-debug: 初始化 settings.json 与 config.json start10%
2024-1-2 23:22:04-debug: // ---- build task 初始化 settings.json 与 config.json ----
2024-1-2 23:22:04-debug: Process: heapTotal 222.50MB heapUsed 195.22MB rss 254.59MB
2024-1-2 23:22:04-debug: run build task 初始化 settings.json 与 config.json success in 0 ms √11%
2024-1-2 23:22:04-debug: // ---- build task builder.tasks.settings.macro ----
2024-1-2 23:22:04-debug: builder.tasks.settings.macro 字段未在编辑器多语言内定义
2024-1-2 23:22:04-debug: builder.tasks.settings.macro start11%
2024-1-2 23:22:04-debug: Process: heapTotal 222.50MB heapUsed 195.27MB rss 254.53MB
2024-1-2 23:22:04-debug: // ---- build task builder.tasks.settings.macro ---- (3ms)
2024-1-2 23:22:04-debug: run build task builder.tasks.settings.macro success in 3 ms √11%
2024-1-2 23:22:04-debug: 整理部分构建选项内数据到 settings.json start11%
2024-1-2 23:22:04-debug: // ---- build task 整理部分构建选项内数据到 settings.json ----
2024-1-2 23:22:04-debug: Process: heapTotal 222.50MB heapUsed 195.30MB rss 254.48MB
2024-1-2 23:22:04-debug: // ---- build task 整理部分构建选项内数据到 settings.json ---- (8ms)
2024-1-2 23:22:04-debug: run build task 整理部分构建选项内数据到 settings.json success in 8 ms √12%
2024-1-2 23:22:04-debug: Process: heapTotal 222.50MB heapUsed 195.37MB rss 254.60MB
2024-1-2 23:22:04-debug: custom joint texture layouts start12%
2024-1-2 23:22:04-debug: // ---- build task custom joint texture layouts ----
2024-1-2 23:22:04-debug: // ---- build task custom joint texture layouts ---- (1ms)
2024-1-2 23:22:04-debug: run build task custom joint texture layouts success in 1 ms √12%
2024-1-2 23:22:04-debug: custom joint physics start12%
2024-1-2 23:22:04-debug: // ---- build task custom joint physics ----
2024-1-2 23:22:04-debug: Process: heapTotal 222.50MB heapUsed 195.40MB rss 254.63MB
2024-1-2 23:22:04-debug: 填充脚本数据到 settings.json start13%
2024-1-2 23:22:04-debug: // ---- build task 填充脚本数据到 settings.json ----
2024-1-2 23:22:04-debug: Process: heapTotal 222.50MB heapUsed 195.43MB rss 254.66MB
2024-1-2 23:22:04-debug: run build task custom joint physics success in 2 ms √13%
2024-1-2 23:22:04-debug: // ---- build task custom joint physics ---- (2ms)
2024-1-2 23:22:04-debug: // ---- build task 填充脚本数据到 settings.json ---- (1ms)
2024-1-2 23:22:04-debug: run build task 填充脚本数据到 settings.json success in 1 ms √13%
2024-1-2 23:22:04-debug: 填充场景数据到 settings.json start13%
2024-1-2 23:22:04-debug: // ---- build task 填充场景数据到 settings.json ----
2024-1-2 23:22:04-debug: Process: heapTotal 222.50MB heapUsed 195.46MB rss 254.69MB
2024-1-2 23:22:04-debug: // ---- build task 填充场景数据到 settings.json ---- (1ms)
2024-1-2 23:22:04-debug: run build task 填充场景数据到 settings.json success in 1 ms √14%
2024-1-2 23:22:04-debug: 整理资源分组，生成 packedAssets 以及 rawAssets 数据 start14%
2024-1-2 23:22:04-debug: // ---- build task 整理资源分组，生成 packedAssets 以及 rawAssets 数据 ----
2024-1-2 23:22:04-debug: Process: heapTotal 222.50MB heapUsed 195.49MB rss 254.73MB
2024-1-2 23:22:04-debug: // ---- build task 整理资源分组，生成 packedAssets 以及 rawAssets 数据 ---- (2ms)
2024-1-2 23:22:04-debug: run build task 整理资源分组，生成 packedAssets 以及 rawAssets 数据 success in 2 ms √14%
2024-1-2 23:22:04-debug: Process: heapTotal 222.50MB heapUsed 195.54MB rss 254.79MB
2024-1-2 23:22:04-debug: options.md5Cache is false.
2024-1-2 23:22:04-debug: // ---- build task 从 suffixMap 生成 md5AssetsMap 到 settings.json ---- (1ms)
2024-1-2 23:22:04-debug: run build task 从 suffixMap 生成 md5AssetsMap 到 settings.json success in 1 ms √15%
2024-1-2 23:22:04-debug: 从 suffixMap 生成 md5AssetsMap 到 settings.json start14%
2024-1-2 23:22:04-debug: // ---- build task 从 suffixMap 生成 md5AssetsMap 到 settings.json ----
2024-1-2 23:22:05-debug: Query all assets info in project
2024-1-2 23:22:05-debug: BuildAssetLibrary query-assets with assets 505
2024-1-2 23:22:05-debug: init custom config: keepNodeUuid: false, useCache: true
2024-1-2 23:22:05-debug:   Number of all scenes: 1
2024-1-2 23:22:05-debug:   Number of all scripts: 39
2024-1-2 23:22:05-debug:   Number of other assets: 322
2024-1-2 23:22:05-debug: 查询 Asset Bundle start0%
2024-1-2 23:22:05-debug: // ---- build task 查询 Asset Bundle ----
2024-1-2 23:22:05-debug: Process: heapTotal 222.50MB heapUsed 190.56MB rss 256.45MB
2024-1-2 23:22:05-debug: // ---- build task 查询 Asset Bundle ---- (18ms)
2024-1-2 23:22:05-debug: run build task 查询 Asset Bundle success in 18 ms √3%
2024-1-2 23:22:05-debug: 查询使用的资源以及资源包配置 start3%
2024-1-2 23:22:05-debug: // ---- build task 查询使用的资源以及资源包配置 ----
2024-1-2 23:22:05-debug: Process: heapTotal 222.50MB heapUsed 192.33MB rss 256.21MB
2024-1-2 23:22:05-debug: init bundle assets
2024-1-2 23:22:05-debug: Query preload assets from cc.config.json: 60f7195c-ec2a-45eb-ba94-8955f60e81d0,1c02ae6f-4492-4915-b8f8-7492a3b1e4cd,810e96e4-e456-4468-9b59-f4e8f39732c0,efe8e2a3-eace-427b-b4f1-cb8a937ec77d,e9aa9a3e-5b2b-4ac7-a2c7-073de2b2b24f,8bbdbcdd-5cd4-4100-b6d5-b7c9625b6107,50f4348b-c883-4e2f-8f11-ce233b859fa1,fda095cb-831d-4601-ad94-846013963de8,f92806d7-1768-443f-afe8-12bcde84d0f0,dd3a144d-ab7f-41f0-82b8-2e43a090d496,f0416e68-0200-4b77-a926-4f9d16e494da,1baf0fc9-befa-459c-8bdd-af1a450a0319,511d2633-09a7-4bdd-ac42-f778032124b3,5d45aa00-e064-4938-b314-4265f0c2258c,28d6d6b8-3f66-4a73-9795-17a0852ba2d4,ec8106fe-05bf-4e94-943c-e0d3b7bb5e45,620b6bf3-0369-4560-837f-2a2c00b73c26,2df0a40b-26c2-47ce-be0d-4d3cd4164737,ff9be190-20a4-4e48-b68c-76e3c7cff085,970b0598-bcb0-4714-91fb-2e81440dccd8,bcd64cc6-2dd9-43f6-abbe-66318d332032,d930590d-bb92-4cc8-8bd1-23cd027f9edf,a3cd009f-0ab0-420d-9278-b9fdab939bbc,9361fd90-ba52-4f84-aa93-6e878fd576ca,c27215d8-6835-4b68-bfbb-bdeac6100c04,b5d6115f-0370-4d7c-aad3-c194cc71cf98,d1346436-ac96-4271-b863-1f4fdead95b0,971bdb23-3ff6-43eb-b422-1c30165a3663,17debcc3-0a6b-4b8a-b00b-dc58b885581e,711ebe11-f673-4cd9-9a83-63c60ba54c5b,c0143906-9aed-447e-9436-2ae8512d1b6e,14da1725-c4c2-42b4-ab08-ee0aeb6898b3,081cab31-dccd-428e-8652-f2404cc81c47,78e0584a-4343-4727-8f37-e14e65c2a2db,ba21476f-2866-4f81-9c4d-6e359316e448,871c3b6c-7379-419d-bda3-794b239ab90d,1d08ef62-a503-4ce2-8b9a-46c90873f7d3
2024-1-2 23:22:05-debug: Number of scenes: 1
2024-1-2 23:22:05-debug: run build task 查询使用的资源以及资源包配置 success in 9 ms √7%
2024-1-2 23:22:05-debug: 整理脚本分组与脚本数据 start7%
2024-1-2 23:22:05-debug: // ---- build task 整理脚本分组与脚本数据 ----
2024-1-2 23:22:05-debug: Process: heapTotal 222.50MB heapUsed 192.59MB rss 256.14MB
2024-1-2 23:22:05-debug: sort script group...
2024-1-2 23:22:05-debug: // ---- build task 查询使用的资源以及资源包配置 ---- (9ms)
2024-1-2 23:22:05-debug: run build task 整理脚本分组与脚本数据 success in 2 ms √10%
2024-1-2 23:22:05-debug: // ---- build task 整理脚本分组与脚本数据 ---- (2ms)
2024-1-2 23:22:05-debug: 初始化 settings.json 与 config.json start10%
2024-1-2 23:22:05-debug: // ---- build task 初始化 settings.json 与 config.json ----
2024-1-2 23:22:05-debug: Process: heapTotal 222.50MB heapUsed 192.66MB rss 256.09MB
2024-1-2 23:22:05-debug: // ---- build task 初始化 settings.json 与 config.json ---- (1ms)
2024-1-2 23:22:05-debug: builder.tasks.settings.macro start11%
2024-1-2 23:22:05-debug: // ---- build task builder.tasks.settings.macro ----
2024-1-2 23:22:05-debug: Process: heapTotal 222.50MB heapUsed 192.70MB rss 256.02MB
2024-1-2 23:22:05-debug: run build task 初始化 settings.json 与 config.json success in 1 ms √11%
2024-1-2 23:22:05-debug: builder.tasks.settings.macro 字段未在编辑器多语言内定义
2024-1-2 23:22:05-debug: // ---- build task builder.tasks.settings.macro ---- (6ms)
2024-1-2 23:22:05-debug: run build task builder.tasks.settings.macro success in 6 ms √11%
2024-1-2 23:22:05-debug: // ---- build task 整理部分构建选项内数据到 settings.json ----
2024-1-2 23:22:05-debug: Process: heapTotal 222.50MB heapUsed 192.73MB rss 256.02MB
2024-1-2 23:22:05-debug: 整理部分构建选项内数据到 settings.json start11%
2024-1-2 23:22:05-debug: // ---- build task 整理部分构建选项内数据到 settings.json ---- (4ms)
2024-1-2 23:22:05-debug: run build task 整理部分构建选项内数据到 settings.json success in 4 ms √12%
2024-1-2 23:22:05-debug: custom joint texture layouts start12%
2024-1-2 23:22:05-debug: // ---- build task custom joint texture layouts ----
2024-1-2 23:22:05-debug: Process: heapTotal 222.50MB heapUsed 192.80MB rss 256.02MB
2024-1-2 23:22:05-debug: // ---- build task custom joint texture layouts ---- (3ms)
2024-1-2 23:22:05-debug: run build task custom joint texture layouts success in 3 ms √12%
2024-1-2 23:22:05-debug: custom joint physics start12%
2024-1-2 23:22:05-debug: // ---- build task custom joint physics ----
2024-1-2 23:22:05-debug: Process: heapTotal 222.50MB heapUsed 192.83MB rss 256.03MB
2024-1-2 23:22:05-debug: // ---- build task custom joint physics ---- (2ms)
2024-1-2 23:22:05-debug: run build task custom joint physics success in 2 ms √13%
2024-1-2 23:22:05-debug: // ---- build task 填充脚本数据到 settings.json ----
2024-1-2 23:22:05-debug: 填充脚本数据到 settings.json start13%
2024-1-2 23:22:05-debug: Process: heapTotal 222.50MB heapUsed 192.86MB rss 256.04MB
2024-1-2 23:22:05-debug: // ---- build task 填充脚本数据到 settings.json ---- (1ms)
2024-1-2 23:22:05-debug: run build task 填充脚本数据到 settings.json success in 1 ms √13%
2024-1-2 23:22:05-debug: // ---- build task 填充场景数据到 settings.json ----
2024-1-2 23:22:05-debug: 填充场景数据到 settings.json start13%
2024-1-2 23:22:05-debug: Process: heapTotal 222.50MB heapUsed 192.89MB rss 256.04MB
2024-1-2 23:22:05-debug: // ---- build task 填充场景数据到 settings.json ---- (4ms)
2024-1-2 23:22:05-debug: 整理资源分组，生成 packedAssets 以及 rawAssets 数据 start14%
2024-1-2 23:22:05-debug: Process: heapTotal 222.50MB heapUsed 192.93MB rss 256.04MB
2024-1-2 23:22:05-debug: // ---- build task 整理资源分组，生成 packedAssets 以及 rawAssets 数据 ----
2024-1-2 23:22:05-debug: run build task 填充场景数据到 settings.json success in 4 ms √14%
2024-1-2 23:22:05-debug: 从 suffixMap 生成 md5AssetsMap 到 settings.json start14%
2024-1-2 23:22:05-debug: // ---- build task 从 suffixMap 生成 md5AssetsMap 到 settings.json ----
2024-1-2 23:22:05-debug: Process: heapTotal 222.50MB heapUsed 192.98MB rss 256.05MB
2024-1-2 23:22:05-debug: options.md5Cache is false.
2024-1-2 23:22:05-debug: // ---- build task 整理资源分组，生成 packedAssets 以及 rawAssets 数据 ---- (1ms)
2024-1-2 23:22:05-debug: run build task 整理资源分组，生成 packedAssets 以及 rawAssets 数据 success in 1 ms √14%
2024-1-2 23:22:05-debug: run build task 从 suffixMap 生成 md5AssetsMap 到 settings.json success in 2 ms √15%
2024-1-2 23:22:05-debug: // ---- build task 从 suffixMap 生成 md5AssetsMap 到 settings.json ---- (2ms)
2024-1-2 23:22:33-debug: refresh db internal success
2024-1-2 23:22:33-debug: asset-db:worker-effect-data-processing (312ms)
2024-1-2 23:22:33-debug: %cImport%c: D:\cocos_projects\physics_education_game\assets\scripts\common\NodeHelper.tsbackground: #aaff85; color: #000;color: #000;
2024-1-2 23:22:33-debug: refresh db assets success
2024-1-2 23:22:33-debug: asset-db:refresh-all-database (407ms)
2024-1-2 23:22:34-debug: Query all assets info in project
2024-1-2 23:22:34-debug: BuildAssetLibrary query-assets with assets 505
2024-1-2 23:22:34-debug: init custom config: keepNodeUuid: false, useCache: true
2024-1-2 23:22:34-debug:   Number of all scenes: 1
2024-1-2 23:22:34-debug:   Number of all scripts: 39
2024-1-2 23:22:34-debug:   Number of other assets: 322
2024-1-2 23:22:34-debug: 查询 Asset Bundle start0%
2024-1-2 23:22:34-debug: // ---- build task 查询 Asset Bundle ----
2024-1-2 23:22:34-debug: Process: heapTotal 225.41MB heapUsed 196.60MB rss 256.88MB
2024-1-2 23:22:34-debug: // ---- build task 查询 Asset Bundle ---- (40ms)
2024-1-2 23:22:34-debug: run build task 查询 Asset Bundle success in 40 ms √3%
2024-1-2 23:22:34-debug: 查询使用的资源以及资源包配置 start3%
2024-1-2 23:22:34-debug: // ---- build task 查询使用的资源以及资源包配置 ----
2024-1-2 23:22:34-debug: Process: heapTotal 225.41MB heapUsed 198.38MB rss 257.04MB
2024-1-2 23:22:34-debug: init bundle assets
2024-1-2 23:22:34-debug: Query preload assets from cc.config.json: 60f7195c-ec2a-45eb-ba94-8955f60e81d0,1c02ae6f-4492-4915-b8f8-7492a3b1e4cd,810e96e4-e456-4468-9b59-f4e8f39732c0,efe8e2a3-eace-427b-b4f1-cb8a937ec77d,e9aa9a3e-5b2b-4ac7-a2c7-073de2b2b24f,8bbdbcdd-5cd4-4100-b6d5-b7c9625b6107,50f4348b-c883-4e2f-8f11-ce233b859fa1,fda095cb-831d-4601-ad94-846013963de8,f92806d7-1768-443f-afe8-12bcde84d0f0,dd3a144d-ab7f-41f0-82b8-2e43a090d496,f0416e68-0200-4b77-a926-4f9d16e494da,1baf0fc9-befa-459c-8bdd-af1a450a0319,511d2633-09a7-4bdd-ac42-f778032124b3,5d45aa00-e064-4938-b314-4265f0c2258c,28d6d6b8-3f66-4a73-9795-17a0852ba2d4,ec8106fe-05bf-4e94-943c-e0d3b7bb5e45,620b6bf3-0369-4560-837f-2a2c00b73c26,2df0a40b-26c2-47ce-be0d-4d3cd4164737,ff9be190-20a4-4e48-b68c-76e3c7cff085,970b0598-bcb0-4714-91fb-2e81440dccd8,bcd64cc6-2dd9-43f6-abbe-66318d332032,d930590d-bb92-4cc8-8bd1-23cd027f9edf,a3cd009f-0ab0-420d-9278-b9fdab939bbc,9361fd90-ba52-4f84-aa93-6e878fd576ca,c27215d8-6835-4b68-bfbb-bdeac6100c04,b5d6115f-0370-4d7c-aad3-c194cc71cf98,d1346436-ac96-4271-b863-1f4fdead95b0,971bdb23-3ff6-43eb-b422-1c30165a3663,17debcc3-0a6b-4b8a-b00b-dc58b885581e,711ebe11-f673-4cd9-9a83-63c60ba54c5b,c0143906-9aed-447e-9436-2ae8512d1b6e,14da1725-c4c2-42b4-ab08-ee0aeb6898b3,081cab31-dccd-428e-8652-f2404cc81c47,78e0584a-4343-4727-8f37-e14e65c2a2db,ba21476f-2866-4f81-9c4d-6e359316e448,871c3b6c-7379-419d-bda3-794b239ab90d,1d08ef62-a503-4ce2-8b9a-46c90873f7d3
2024-1-2 23:22:34-debug: Number of scenes: 1
2024-1-2 23:22:34-debug: // ---- build task 查询使用的资源以及资源包配置 ---- (19ms)
2024-1-2 23:22:34-debug: run build task 查询使用的资源以及资源包配置 success in 19 ms √7%
2024-1-2 23:22:34-debug: // ---- build task 整理脚本分组与脚本数据 ----
2024-1-2 23:22:34-debug: Process: heapTotal 223.38MB heapUsed 190.88MB rss 257.48MB
2024-1-2 23:22:34-debug: sort script group...
2024-1-2 23:22:34-debug: 整理脚本分组与脚本数据 start7%
2024-1-2 23:22:34-debug: // ---- build task 整理脚本分组与脚本数据 ---- (3ms)
2024-1-2 23:22:34-debug: run build task 整理脚本分组与脚本数据 success in 3 ms √10%
2024-1-2 23:22:34-debug: 初始化 settings.json 与 config.json start10%
2024-1-2 23:22:34-debug: // ---- build task 初始化 settings.json 与 config.json ----
2024-1-2 23:22:34-debug: Process: heapTotal 223.38MB heapUsed 190.94MB rss 254.98MB
2024-1-2 23:22:34-debug: run build task 初始化 settings.json 与 config.json success in 0 ms √11%
2024-1-2 23:22:34-debug: // ---- build task builder.tasks.settings.macro ----
2024-1-2 23:22:34-debug: Process: heapTotal 223.38MB heapUsed 190.98MB rss 254.97MB
2024-1-2 23:22:34-debug: builder.tasks.settings.macro 字段未在编辑器多语言内定义
2024-1-2 23:22:34-debug: builder.tasks.settings.macro start11%
2024-1-2 23:22:34-debug: // ---- build task builder.tasks.settings.macro ---- (9ms)
2024-1-2 23:22:34-debug: run build task builder.tasks.settings.macro success in 9 ms √11%
2024-1-2 23:22:34-debug: 整理部分构建选项内数据到 settings.json start11%
2024-1-2 23:22:34-debug: Process: heapTotal 223.38MB heapUsed 191.01MB rss 254.80MB
2024-1-2 23:22:34-debug: // ---- build task 整理部分构建选项内数据到 settings.json ----
2024-1-2 23:22:34-debug: // ---- build task 整理部分构建选项内数据到 settings.json ---- (5ms)
2024-1-2 23:22:34-debug: run build task 整理部分构建选项内数据到 settings.json success in 5 ms √12%
2024-1-2 23:22:34-debug: custom joint texture layouts start12%
2024-1-2 23:22:34-debug: // ---- build task custom joint texture layouts ----
2024-1-2 23:22:34-debug: Process: heapTotal 223.38MB heapUsed 191.08MB rss 254.85MB
2024-1-2 23:22:34-debug: // ---- build task custom joint texture layouts ---- (1ms)
2024-1-2 23:22:34-debug: custom joint physics start12%
2024-1-2 23:22:34-debug: run build task custom joint texture layouts success in 1 ms √12%
2024-1-2 23:22:34-debug: // ---- build task custom joint physics ----
2024-1-2 23:22:34-debug: Process: heapTotal 223.38MB heapUsed 191.11MB rss 254.85MB
2024-1-2 23:22:34-debug: // ---- build task custom joint physics ---- (4ms)
2024-1-2 23:22:34-debug: run build task custom joint physics success in 4 ms √13%
2024-1-2 23:22:34-debug: // ---- build task 填充脚本数据到 settings.json ----
2024-1-2 23:22:34-debug: Process: heapTotal 223.38MB heapUsed 191.14MB rss 254.85MB
2024-1-2 23:22:34-debug: 填充脚本数据到 settings.json start13%
2024-1-2 23:22:34-debug: // ---- build task 填充脚本数据到 settings.json ---- (1ms)
2024-1-2 23:22:34-debug: run build task 填充脚本数据到 settings.json success in 1 ms √13%
2024-1-2 23:22:34-debug: // ---- build task 填充场景数据到 settings.json ----
2024-1-2 23:22:34-debug: 填充场景数据到 settings.json start13%
2024-1-2 23:22:34-debug: Process: heapTotal 223.38MB heapUsed 191.18MB rss 254.85MB
2024-1-2 23:22:34-debug: // ---- build task 填充场景数据到 settings.json ---- (1ms)
2024-1-2 23:22:34-debug: run build task 填充场景数据到 settings.json success in 1 ms √14%
2024-1-2 23:22:34-debug: 整理资源分组，生成 packedAssets 以及 rawAssets 数据 start14%
2024-1-2 23:22:34-debug: // ---- build task 整理资源分组，生成 packedAssets 以及 rawAssets 数据 ----
2024-1-2 23:22:34-debug: Process: heapTotal 223.38MB heapUsed 191.20MB rss 254.85MB
2024-1-2 23:22:34-debug: // ---- build task 整理资源分组，生成 packedAssets 以及 rawAssets 数据 ---- (2ms)
2024-1-2 23:22:34-debug: 从 suffixMap 生成 md5AssetsMap 到 settings.json start14%
2024-1-2 23:22:34-debug: // ---- build task 从 suffixMap 生成 md5AssetsMap 到 settings.json ----
2024-1-2 23:22:34-debug: run build task 整理资源分组，生成 packedAssets 以及 rawAssets 数据 success in 2 ms √14%
2024-1-2 23:22:34-debug: Process: heapTotal 223.38MB heapUsed 191.28MB rss 254.86MB
2024-1-2 23:22:34-debug: options.md5Cache is false.
2024-1-2 23:22:34-debug: // ---- build task 从 suffixMap 生成 md5AssetsMap 到 settings.json ---- (1ms)
2024-1-2 23:22:34-debug: run build task 从 suffixMap 生成 md5AssetsMap 到 settings.json success in 1 ms √15%
2024-1-2 23:34:34-debug: refresh db internal success
2024-1-2 23:34:35-debug: asset-db:worker-effect-data-processing (317ms)
2024-1-2 23:34:35-debug: %cImport%c: D:\cocos_projects\physics_education_game\assets\scripts\common\NodeHelper.tsbackground: #aaff85; color: #000;color: #000;
2024-1-2 23:34:35-debug: %cImport%c: D:\cocos_projects\physics_education_game\assets\scripts\manager\ui_manager\component\ComButton.tsbackground: #aaff85; color: #000;color: #000;
2024-1-2 23:34:35-debug: refresh db assets success
2024-1-2 23:34:35-debug: asset-db:refresh-all-database (412ms)
2024-1-2 23:34:35-debug: Query all assets info in project
2024-1-2 23:34:35-debug: BuildAssetLibrary query-assets with assets 505
2024-1-2 23:34:35-debug: init custom config: keepNodeUuid: false, useCache: true
2024-1-2 23:34:35-debug:   Number of all scripts: 39
2024-1-2 23:34:35-debug:   Number of all scenes: 1
2024-1-2 23:34:35-debug:   Number of other assets: 322
2024-1-2 23:34:35-debug: 查询 Asset Bundle start0%
2024-1-2 23:34:35-debug: // ---- build task 查询 Asset Bundle ----
2024-1-2 23:34:35-debug: Process: heapTotal 226.25MB heapUsed 196.80MB rss 240.19MB
2024-1-2 23:34:35-debug: // ---- build task 查询 Asset Bundle ---- (10ms)
2024-1-2 23:34:35-debug: run build task 查询 Asset Bundle success in 10 ms √3%
2024-1-2 23:34:35-debug: // ---- build task 查询使用的资源以及资源包配置 ----
2024-1-2 23:34:35-debug: init bundle assets
2024-1-2 23:34:35-debug: 查询使用的资源以及资源包配置 start3%
2024-1-2 23:34:35-debug: Process: heapTotal 226.25MB heapUsed 198.58MB rss 240.28MB
2024-1-2 23:34:35-debug: Query preload assets from cc.config.json: 60f7195c-ec2a-45eb-ba94-8955f60e81d0,1c02ae6f-4492-4915-b8f8-7492a3b1e4cd,810e96e4-e456-4468-9b59-f4e8f39732c0,efe8e2a3-eace-427b-b4f1-cb8a937ec77d,e9aa9a3e-5b2b-4ac7-a2c7-073de2b2b24f,8bbdbcdd-5cd4-4100-b6d5-b7c9625b6107,50f4348b-c883-4e2f-8f11-ce233b859fa1,fda095cb-831d-4601-ad94-846013963de8,f92806d7-1768-443f-afe8-12bcde84d0f0,dd3a144d-ab7f-41f0-82b8-2e43a090d496,f0416e68-0200-4b77-a926-4f9d16e494da,1baf0fc9-befa-459c-8bdd-af1a450a0319,511d2633-09a7-4bdd-ac42-f778032124b3,5d45aa00-e064-4938-b314-4265f0c2258c,28d6d6b8-3f66-4a73-9795-17a0852ba2d4,ec8106fe-05bf-4e94-943c-e0d3b7bb5e45,620b6bf3-0369-4560-837f-2a2c00b73c26,2df0a40b-26c2-47ce-be0d-4d3cd4164737,ff9be190-20a4-4e48-b68c-76e3c7cff085,970b0598-bcb0-4714-91fb-2e81440dccd8,bcd64cc6-2dd9-43f6-abbe-66318d332032,d930590d-bb92-4cc8-8bd1-23cd027f9edf,a3cd009f-0ab0-420d-9278-b9fdab939bbc,9361fd90-ba52-4f84-aa93-6e878fd576ca,c27215d8-6835-4b68-bfbb-bdeac6100c04,b5d6115f-0370-4d7c-aad3-c194cc71cf98,d1346436-ac96-4271-b863-1f4fdead95b0,971bdb23-3ff6-43eb-b422-1c30165a3663,17debcc3-0a6b-4b8a-b00b-dc58b885581e,711ebe11-f673-4cd9-9a83-63c60ba54c5b,c0143906-9aed-447e-9436-2ae8512d1b6e,14da1725-c4c2-42b4-ab08-ee0aeb6898b3,081cab31-dccd-428e-8652-f2404cc81c47,78e0584a-4343-4727-8f37-e14e65c2a2db,ba21476f-2866-4f81-9c4d-6e359316e448,871c3b6c-7379-419d-bda3-794b239ab90d,1d08ef62-a503-4ce2-8b9a-46c90873f7d3
2024-1-2 23:34:35-debug: Number of scenes: 1
2024-1-2 23:34:35-debug: run build task 查询使用的资源以及资源包配置 success in 5 ms √7%
2024-1-2 23:34:35-debug: 整理脚本分组与脚本数据 start7%
2024-1-2 23:34:35-debug: // ---- build task 整理脚本分组与脚本数据 ----
2024-1-2 23:34:35-debug: Process: heapTotal 226.25MB heapUsed 198.86MB rss 240.36MB
2024-1-2 23:34:35-debug: sort script group...
2024-1-2 23:34:35-debug: // ---- build task 整理脚本分组与脚本数据 ---- (2ms)
2024-1-2 23:34:35-debug: run build task 整理脚本分组与脚本数据 success in 2 ms √10%
2024-1-2 23:34:35-debug: 初始化 settings.json 与 config.json start10%
2024-1-2 23:34:35-debug: // ---- build task 初始化 settings.json 与 config.json ----
2024-1-2 23:34:35-debug: // ---- build task 查询使用的资源以及资源包配置 ---- (5ms)
2024-1-2 23:34:35-debug: Process: heapTotal 225.45MB heapUsed 192.57MB rss 239.36MB
2024-1-2 23:34:35-debug: // ---- build task 初始化 settings.json 与 config.json ---- (1ms)
2024-1-2 23:34:35-debug: builder.tasks.settings.macro start11%
2024-1-2 23:34:35-debug: run build task 初始化 settings.json 与 config.json success in 1 ms √11%
2024-1-2 23:34:35-debug: builder.tasks.settings.macro 字段未在编辑器多语言内定义
2024-1-2 23:34:35-debug: Process: heapTotal 225.45MB heapUsed 192.61MB rss 239.36MB
2024-1-2 23:34:35-debug: // ---- build task builder.tasks.settings.macro ----
2024-1-2 23:34:35-debug: run build task builder.tasks.settings.macro success in 2 ms √11%
2024-1-2 23:34:35-debug: // ---- build task builder.tasks.settings.macro ---- (2ms)
2024-1-2 23:34:35-debug: 整理部分构建选项内数据到 settings.json start11%
2024-1-2 23:34:35-debug: Process: heapTotal 225.45MB heapUsed 192.64MB rss 239.35MB
2024-1-2 23:34:35-debug: // ---- build task 整理部分构建选项内数据到 settings.json ----
2024-1-2 23:34:35-debug: run build task 整理部分构建选项内数据到 settings.json success in 5 ms √12%
2024-1-2 23:34:35-debug: // ---- build task 整理部分构建选项内数据到 settings.json ---- (5ms)
2024-1-2 23:34:35-debug: custom joint texture layouts start12%
2024-1-2 23:34:35-debug: // ---- build task custom joint texture layouts ----
2024-1-2 23:34:35-debug: Process: heapTotal 225.45MB heapUsed 192.71MB rss 239.25MB
2024-1-2 23:34:35-debug: // ---- build task custom joint texture layouts ---- (2ms)
2024-1-2 23:34:35-debug: run build task custom joint texture layouts success in 2 ms √12%
2024-1-2 23:34:35-debug: custom joint physics start12%
2024-1-2 23:34:35-debug: // ---- build task custom joint physics ----
2024-1-2 23:34:35-debug: Process: heapTotal 225.45MB heapUsed 192.75MB rss 239.53MB
2024-1-2 23:34:35-debug: // ---- build task custom joint physics ---- (3ms)
2024-1-2 23:34:35-debug: 填充脚本数据到 settings.json start13%
2024-1-2 23:34:35-debug: run build task custom joint physics success in 3 ms √13%
2024-1-2 23:34:35-debug: // ---- build task 填充脚本数据到 settings.json ----
2024-1-2 23:34:35-debug: Process: heapTotal 225.45MB heapUsed 192.77MB rss 239.95MB
2024-1-2 23:34:35-debug: run build task 填充脚本数据到 settings.json success in 0 ms √13%
2024-1-2 23:34:35-debug: 填充场景数据到 settings.json start13%
2024-1-2 23:34:35-debug: // ---- build task 填充场景数据到 settings.json ----
2024-1-2 23:34:35-debug: Process: heapTotal 225.45MB heapUsed 192.81MB rss 239.64MB
2024-1-2 23:34:35-debug: // ---- build task 填充场景数据到 settings.json ---- (1ms)
2024-1-2 23:34:35-debug: run build task 填充场景数据到 settings.json success in 1 ms √14%
2024-1-2 23:34:35-debug: 整理资源分组，生成 packedAssets 以及 rawAssets 数据 start14%
2024-1-2 23:34:35-debug: // ---- build task 整理资源分组，生成 packedAssets 以及 rawAssets 数据 ----
2024-1-2 23:34:35-debug: Process: heapTotal 225.45MB heapUsed 192.86MB rss 239.53MB
2024-1-2 23:34:35-debug: // ---- build task 整理资源分组，生成 packedAssets 以及 rawAssets 数据 ---- (1ms)
2024-1-2 23:34:35-debug: 从 suffixMap 生成 md5AssetsMap 到 settings.json start14%
2024-1-2 23:34:35-debug: // ---- build task 从 suffixMap 生成 md5AssetsMap 到 settings.json ----
2024-1-2 23:34:35-debug: run build task 整理资源分组，生成 packedAssets 以及 rawAssets 数据 success in 1 ms √14%
2024-1-2 23:34:35-debug: options.md5Cache is false.
2024-1-2 23:34:35-debug: Process: heapTotal 225.45MB heapUsed 192.91MB rss 239.45MB
2024-1-2 23:34:35-debug: // ---- build task 从 suffixMap 生成 md5AssetsMap 到 settings.json ---- (1ms)
2024-1-2 23:34:35-debug: run build task 从 suffixMap 生成 md5AssetsMap 到 settings.json success in 1 ms √15%
