2024-2-8 15:55:51-debug: asset-db:worker-init (4509ms)
2024-2-8 15:55:55-debug: Preimport db internal success
2024-2-8 15:55:55-debug: Preimport db assets success
2024-2-8 15:55:56-debug: asset-db:worker-effect-data-processing (371ms)
2024-2-8 15:56:12-debug: Set detail map pack:///resolution-detail-map.json: {}
2024-2-8 15:56:12-debug: Start up the 'internal' database...
2024-2-8 15:56:13-debug: asset-db:worker-init-script (139ms)
2024-2-8 15:56:13-debug: start asset-db with asset: 419
2024-2-8 15:56:13-debug: Start up the 'assets' database...
2024-2-8 15:56:14-debug: asset-db:worker-startup-database[internal] (20624ms)
2024-2-8 15:56:14-debug: start asset-db with asset: 107
2024-2-8 15:56:14-debug: Asset DB is ready!
2024-2-8 15:56:14-debug: asset-db:worker-startup-database[assets] (18958ms)
2024-2-8 15:56:14-debug: init worker message success
2024-2-8 15:56:18-debug: builder:worker-init (4618ms)
2024-2-8 15:56:19-debug: refresh db internal success
2024-2-8 15:56:19-debug: asset-db:worker-effect-data-processing (722ms)
2024-2-8 15:56:19-debug: refresh db assets success
2024-2-8 15:56:19-debug: asset-db:refresh-all-database (1097ms)
2024-2-8 15:56:22-debug: programming:execute-script (7ms)
2024-2-8 15:56:41-debug: Query all assets info in project
2024-2-8 15:56:42-debug: BuildAssetLibrary query-assets with assets 528
2024-2-8 15:56:42-debug: init custom config: keepNodeUuid: false, useCache: true
2024-2-8 15:56:42-debug:   Number of other assets: 335
2024-2-8 15:56:42-debug:   Number of all scenes: 2
2024-2-8 15:56:42-debug: 查询 Asset Bundle start0%
2024-2-8 15:56:42-debug: // ---- build task 查询 Asset Bundle ----
2024-2-8 15:56:42-debug: Process: heapTotal 201.57MB heapUsed 188.85MB rss 454.97MB
2024-2-8 15:56:42-debug:   Number of all scripts: 48
2024-2-8 15:56:42-debug: // ---- build task 查询 Asset Bundle ---- (48ms)
2024-2-8 15:56:42-debug: run build task 查询 Asset Bundle success in 48 ms √3%
2024-2-8 15:56:42-debug: 查询使用的资源以及资源包配置 start3%
2024-2-8 15:56:42-debug: // ---- build task 查询使用的资源以及资源包配置 ----
2024-2-8 15:56:42-debug: Process: heapTotal 201.57MB heapUsed 189.27MB rss 457.53MB
2024-2-8 15:56:42-debug: init bundle assets
2024-2-8 15:56:42-debug: Query preload assets from cc.config.json: 60f7195c-ec2a-45eb-ba94-8955f60e81d0,1c02ae6f-4492-4915-b8f8-7492a3b1e4cd,810e96e4-e456-4468-9b59-f4e8f39732c0,efe8e2a3-eace-427b-b4f1-cb8a937ec77d,e9aa9a3e-5b2b-4ac7-a2c7-073de2b2b24f,8bbdbcdd-5cd4-4100-b6d5-b7c9625b6107,50f4348b-c883-4e2f-8f11-ce233b859fa1,fda095cb-831d-4601-ad94-846013963de8,f92806d7-1768-443f-afe8-12bcde84d0f0,dd3a144d-ab7f-41f0-82b8-2e43a090d496,f0416e68-0200-4b77-a926-4f9d16e494da,1baf0fc9-befa-459c-8bdd-af1a450a0319,511d2633-09a7-4bdd-ac42-f778032124b3,5d45aa00-e064-4938-b314-4265f0c2258c,28d6d6b8-3f66-4a73-9795-17a0852ba2d4,ec8106fe-05bf-4e94-943c-e0d3b7bb5e45,620b6bf3-0369-4560-837f-2a2c00b73c26,2df0a40b-26c2-47ce-be0d-4d3cd4164737,ff9be190-20a4-4e48-b68c-76e3c7cff085,970b0598-bcb0-4714-91fb-2e81440dccd8,bcd64cc6-2dd9-43f6-abbe-66318d332032,d930590d-bb92-4cc8-8bd1-23cd027f9edf,a3cd009f-0ab0-420d-9278-b9fdab939bbc,9361fd90-ba52-4f84-aa93-6e878fd576ca,c27215d8-6835-4b68-bfbb-bdeac6100c04,b5d6115f-0370-4d7c-aad3-c194cc71cf98,d1346436-ac96-4271-b863-1f4fdead95b0,971bdb23-3ff6-43eb-b422-1c30165a3663,17debcc3-0a6b-4b8a-b00b-dc58b885581e,711ebe11-f673-4cd9-9a83-63c60ba54c5b,c0143906-9aed-447e-9436-2ae8512d1b6e,14da1725-c4c2-42b4-ab08-ee0aeb6898b3,081cab31-dccd-428e-8652-f2404cc81c47,78e0584a-4343-4727-8f37-e14e65c2a2db,ba21476f-2866-4f81-9c4d-6e359316e448,871c3b6c-7379-419d-bda3-794b239ab90d,1d08ef62-a503-4ce2-8b9a-46c90873f7d3
2024-2-8 15:56:42-debug: Number of scenes: 2
2024-2-8 15:56:42-debug: // ---- build task 查询使用的资源以及资源包配置 ---- (15ms)
2024-2-8 15:56:42-debug: run build task 查询使用的资源以及资源包配置 success in 15 ms √7%
2024-2-8 15:56:42-debug: 整理脚本分组与脚本数据 start7%
2024-2-8 15:56:42-debug: // ---- build task 整理脚本分组与脚本数据 ----
2024-2-8 15:56:42-debug: Process: heapTotal 201.57MB heapUsed 189.58MB rss 456.41MB
2024-2-8 15:56:42-debug: sort script group...
2024-2-8 15:56:42-debug: // ---- build task 整理脚本分组与脚本数据 ---- (14ms)
2024-2-8 15:56:42-debug: run build task 整理脚本分组与脚本数据 success in 14 ms √10%
2024-2-8 15:56:42-debug: 初始化 settings.json 与 config.json start10%
2024-2-8 15:56:42-debug: // ---- build task 初始化 settings.json 与 config.json ----
2024-2-8 15:56:42-debug: Process: heapTotal 201.57MB heapUsed 189.66MB rss 456.42MB
2024-2-8 15:56:42-debug: run build task 初始化 settings.json 与 config.json success in 2 ms √11%
2024-2-8 15:56:42-debug: builder.tasks.settings.macro 字段未在编辑器多语言内定义
2024-2-8 15:56:42-debug: builder.tasks.settings.macro start11%
2024-2-8 15:56:42-debug: // ---- build task builder.tasks.settings.macro ----
2024-2-8 15:56:42-debug: Process: heapTotal 201.57MB heapUsed 189.70MB rss 456.97MB
2024-2-8 15:56:42-debug: // ---- build task 初始化 settings.json 与 config.json ---- (2ms)
2024-2-8 15:56:42-debug: // ---- build task builder.tasks.settings.macro ---- (6ms)
2024-2-8 15:56:42-debug: run build task builder.tasks.settings.macro success in 6 ms √11%
2024-2-8 15:56:42-debug: 整理部分构建选项内数据到 settings.json start11%
2024-2-8 15:56:42-debug: // ---- build task 整理部分构建选项内数据到 settings.json ----
2024-2-8 15:56:42-debug: Process: heapTotal 201.57MB heapUsed 189.74MB rss 456.79MB
2024-2-8 15:56:42-debug: run build task 整理部分构建选项内数据到 settings.json success in 14 ms √12%
2024-2-8 15:56:42-debug: custom joint texture layouts start12%
2024-2-8 15:56:42-debug: // ---- build task custom joint texture layouts ----
2024-2-8 15:56:42-debug: Process: heapTotal 201.57MB heapUsed 189.08MB rss 456.90MB
2024-2-8 15:56:42-debug: // ---- build task 整理部分构建选项内数据到 settings.json ---- (14ms)
2024-2-8 15:56:42-debug: // ---- build task custom joint texture layouts ---- (5ms)
2024-2-8 15:56:42-debug: run build task custom joint texture layouts success in 5 ms √12%
2024-2-8 15:56:42-debug: custom joint physics start12%
2024-2-8 15:56:42-debug: // ---- build task custom joint physics ----
2024-2-8 15:56:42-debug: Process: heapTotal 201.57MB heapUsed 189.11MB rss 454.13MB
2024-2-8 15:56:42-debug: // ---- build task custom joint physics ---- (1ms)
2024-2-8 15:56:42-debug: run build task custom joint physics success in 1 ms √13%
2024-2-8 15:56:42-debug: 填充脚本数据到 settings.json start13%
2024-2-8 15:56:42-debug: // ---- build task 填充脚本数据到 settings.json ----
2024-2-8 15:56:42-debug: Process: heapTotal 201.57MB heapUsed 189.14MB rss 454.16MB
2024-2-8 15:56:42-debug: // ---- build task 填充脚本数据到 settings.json ---- (3ms)
2024-2-8 15:56:42-debug: run build task 填充脚本数据到 settings.json success in 3 ms √13%
2024-2-8 15:56:42-debug: 填充场景数据到 settings.json start13%
2024-2-8 15:56:42-debug: // ---- build task 填充场景数据到 settings.json ----
2024-2-8 15:56:42-debug: Process: heapTotal 201.57MB heapUsed 189.16MB rss 454.18MB
2024-2-8 15:56:42-debug: // ---- build task 填充场景数据到 settings.json ---- (2ms)
2024-2-8 15:56:42-debug: run build task 填充场景数据到 settings.json success in 2 ms √14%
2024-2-8 15:56:42-debug: 整理资源分组，生成 packedAssets 以及 rawAssets 数据 start14%
2024-2-8 15:56:42-debug: // ---- build task 整理资源分组，生成 packedAssets 以及 rawAssets 数据 ----
2024-2-8 15:56:42-debug: Process: heapTotal 201.57MB heapUsed 189.20MB rss 454.23MB
2024-2-8 15:56:42-debug: run build task 整理资源分组，生成 packedAssets 以及 rawAssets 数据 success in 2 ms √14%
2024-2-8 15:56:42-debug: 从 suffixMap 生成 md5AssetsMap 到 settings.json start14%
2024-2-8 15:56:42-debug: // ---- build task 从 suffixMap 生成 md5AssetsMap 到 settings.json ----
2024-2-8 15:56:42-debug: Process: heapTotal 201.57MB heapUsed 189.26MB rss 454.31MB
2024-2-8 15:56:42-debug: // ---- build task 整理资源分组，生成 packedAssets 以及 rawAssets 数据 ---- (2ms)
2024-2-8 15:56:42-debug: options.md5Cache is false.
2024-2-8 15:56:42-debug: // ---- build task 从 suffixMap 生成 md5AssetsMap 到 settings.json ---- (2ms)
2024-2-8 15:56:42-debug: run build task 从 suffixMap 生成 md5AssetsMap 到 settings.json success in 2 ms √15%
2024-2-8 15:57:26-debug: refresh db internal success
2024-2-8 15:57:26-debug: asset-db:worker-effect-data-processing (452ms)
2024-2-8 15:57:26-debug: refresh db assets success
2024-2-8 15:57:26-debug: asset-db:refresh-all-database (614ms)
2024-2-8 15:58:25-debug: refresh db internal success
2024-2-8 15:58:25-debug: asset-db:worker-effect-data-processing (411ms)
2024-2-8 15:58:25-debug: refresh db assets success
2024-2-8 15:58:25-debug: asset-db:refresh-all-database (532ms)
2024-2-8 15:58:37-debug: refresh db internal success
2024-2-8 15:58:38-debug: asset-db:worker-effect-data-processing (310ms)
2024-2-8 15:58:38-debug: %cImport%c: D:\cocos_projects\physics_education_game\assets\scripts\GameApp.tsbackground: #aaff85; color: #000;color: #000;
2024-2-8 15:58:38-debug: refresh db assets success
2024-2-8 15:58:38-debug: asset-db:refresh-all-database (418ms)
2024-2-8 15:58:54-debug: refresh db internal success
2024-2-8 15:58:54-debug: asset-db:worker-effect-data-processing (304ms)
2024-2-8 15:58:54-debug: refresh db assets success
2024-2-8 15:58:54-debug: asset-db:refresh-all-database (425ms)
2024-2-8 15:58:56-debug: refresh db internal success
2024-2-8 15:58:57-debug: asset-db:worker-effect-data-processing (267ms)
2024-2-8 15:58:57-debug: refresh db assets success
2024-2-8 15:58:57-debug: asset-db:refresh-all-database (358ms)
2024-2-8 15:59:00-debug: refresh db internal success
2024-2-8 15:59:01-debug: asset-db:worker-effect-data-processing (317ms)
2024-2-8 15:59:01-debug: refresh db assets success
2024-2-8 15:59:01-debug: asset-db:refresh-all-database (548ms)
2024-2-8 15:59:02-debug: Query all assets info in project
2024-2-8 15:59:03-debug: BuildAssetLibrary query-assets with assets 528
2024-2-8 15:59:03-debug: init custom config: keepNodeUuid: false, useCache: true
2024-2-8 15:59:03-debug:   Number of all scenes: 2
2024-2-8 15:59:03-debug:   Number of all scripts: 48
2024-2-8 15:59:03-debug:   Number of other assets: 335
2024-2-8 15:59:03-debug: 查询 Asset Bundle start0%
2024-2-8 15:59:03-debug: // ---- build task 查询 Asset Bundle ----
2024-2-8 15:59:03-debug: Process: heapTotal 223.88MB heapUsed 200.26MB rss 273.54MB
2024-2-8 15:59:03-debug: // ---- build task 查询 Asset Bundle ---- (15ms)
2024-2-8 15:59:03-debug: run build task 查询 Asset Bundle success in 15 ms √3%
2024-2-8 15:59:03-debug: 查询使用的资源以及资源包配置 start3%
2024-2-8 15:59:03-debug: // ---- build task 查询使用的资源以及资源包配置 ----
2024-2-8 15:59:03-debug: Process: heapTotal 221.84MB heapUsed 194.39MB rss 271.81MB
2024-2-8 15:59:03-debug: init bundle assets
2024-2-8 15:59:03-debug: Query preload assets from cc.config.json: 60f7195c-ec2a-45eb-ba94-8955f60e81d0,1c02ae6f-4492-4915-b8f8-7492a3b1e4cd,810e96e4-e456-4468-9b59-f4e8f39732c0,efe8e2a3-eace-427b-b4f1-cb8a937ec77d,e9aa9a3e-5b2b-4ac7-a2c7-073de2b2b24f,8bbdbcdd-5cd4-4100-b6d5-b7c9625b6107,50f4348b-c883-4e2f-8f11-ce233b859fa1,fda095cb-831d-4601-ad94-846013963de8,f92806d7-1768-443f-afe8-12bcde84d0f0,dd3a144d-ab7f-41f0-82b8-2e43a090d496,f0416e68-0200-4b77-a926-4f9d16e494da,1baf0fc9-befa-459c-8bdd-af1a450a0319,511d2633-09a7-4bdd-ac42-f778032124b3,5d45aa00-e064-4938-b314-4265f0c2258c,28d6d6b8-3f66-4a73-9795-17a0852ba2d4,ec8106fe-05bf-4e94-943c-e0d3b7bb5e45,620b6bf3-0369-4560-837f-2a2c00b73c26,2df0a40b-26c2-47ce-be0d-4d3cd4164737,ff9be190-20a4-4e48-b68c-76e3c7cff085,970b0598-bcb0-4714-91fb-2e81440dccd8,bcd64cc6-2dd9-43f6-abbe-66318d332032,d930590d-bb92-4cc8-8bd1-23cd027f9edf,a3cd009f-0ab0-420d-9278-b9fdab939bbc,9361fd90-ba52-4f84-aa93-6e878fd576ca,c27215d8-6835-4b68-bfbb-bdeac6100c04,b5d6115f-0370-4d7c-aad3-c194cc71cf98,d1346436-ac96-4271-b863-1f4fdead95b0,971bdb23-3ff6-43eb-b422-1c30165a3663,17debcc3-0a6b-4b8a-b00b-dc58b885581e,711ebe11-f673-4cd9-9a83-63c60ba54c5b,c0143906-9aed-447e-9436-2ae8512d1b6e,14da1725-c4c2-42b4-ab08-ee0aeb6898b3,081cab31-dccd-428e-8652-f2404cc81c47,78e0584a-4343-4727-8f37-e14e65c2a2db,ba21476f-2866-4f81-9c4d-6e359316e448,871c3b6c-7379-419d-bda3-794b239ab90d,1d08ef62-a503-4ce2-8b9a-46c90873f7d3
2024-2-8 15:59:03-debug: Number of scenes: 2
2024-2-8 15:59:03-debug: // ---- build task 查询使用的资源以及资源包配置 ---- (245ms)
2024-2-8 15:59:03-debug: 整理脚本分组与脚本数据 start7%
2024-2-8 15:59:03-debug: run build task 查询使用的资源以及资源包配置 success in 245 ms √7%
2024-2-8 15:59:03-debug: // ---- build task 整理脚本分组与脚本数据 ----
2024-2-8 15:59:03-debug: Process: heapTotal 221.84MB heapUsed 194.77MB rss 269.98MB
2024-2-8 15:59:03-debug: sort script group...
2024-2-8 15:59:03-debug: // ---- build task 初始化 settings.json 与 config.json ----
2024-2-8 15:59:03-debug: Process: heapTotal 221.84MB heapUsed 194.84MB rss 269.99MB
2024-2-8 15:59:03-debug: // ---- build task 整理脚本分组与脚本数据 ---- (6ms)
2024-2-8 15:59:03-debug: run build task 整理脚本分组与脚本数据 success in 6 ms √10%
2024-2-8 15:59:03-debug: 初始化 settings.json 与 config.json start10%
2024-2-8 15:59:03-debug: run build task 初始化 settings.json 与 config.json success in 3 ms √11%
2024-2-8 15:59:03-debug: builder.tasks.settings.macro start11%
2024-2-8 15:59:03-debug: // ---- build task 初始化 settings.json 与 config.json ---- (3ms)
2024-2-8 15:59:03-debug: Process: heapTotal 221.84MB heapUsed 194.88MB rss 269.98MB
2024-2-8 15:59:03-debug: // ---- build task builder.tasks.settings.macro ----
2024-2-8 15:59:03-debug: builder.tasks.settings.macro 字段未在编辑器多语言内定义
2024-2-8 15:59:03-debug: // ---- build task builder.tasks.settings.macro ---- (3ms)
2024-2-8 15:59:03-debug: run build task builder.tasks.settings.macro success in 3 ms √11%
2024-2-8 15:59:03-debug: 整理部分构建选项内数据到 settings.json start11%
2024-2-8 15:59:03-debug: // ---- build task 整理部分构建选项内数据到 settings.json ----
2024-2-8 15:59:03-debug: Process: heapTotal 221.84MB heapUsed 194.92MB rss 270.00MB
2024-2-8 15:59:03-debug: // ---- build task 整理部分构建选项内数据到 settings.json ---- (11ms)
2024-2-8 15:59:03-debug: run build task 整理部分构建选项内数据到 settings.json success in 11 ms √12%
2024-2-8 15:59:03-debug: custom joint texture layouts start12%
2024-2-8 15:59:03-debug: // ---- build task custom joint texture layouts ----
2024-2-8 15:59:03-debug: Process: heapTotal 221.84MB heapUsed 194.99MB rss 270.00MB
2024-2-8 15:59:03-debug: // ---- build task custom joint texture layouts ---- (3ms)
2024-2-8 15:59:03-debug: run build task custom joint texture layouts success in 3 ms √12%
2024-2-8 15:59:03-debug: custom joint physics start12%
2024-2-8 15:59:03-debug: // ---- build task custom joint physics ----
2024-2-8 15:59:03-debug: Process: heapTotal 221.84MB heapUsed 195.02MB rss 270.00MB
2024-2-8 15:59:03-debug: 填充脚本数据到 settings.json start13%
2024-2-8 15:59:03-debug: // ---- build task custom joint physics ---- (1ms)
2024-2-8 15:59:03-debug: run build task custom joint physics success in 1 ms √13%
2024-2-8 15:59:03-debug: // ---- build task 填充脚本数据到 settings.json ----
2024-2-8 15:59:03-debug: Process: heapTotal 221.84MB heapUsed 195.05MB rss 270.00MB
2024-2-8 15:59:03-debug: // ---- build task 填充场景数据到 settings.json ----
2024-2-8 15:59:03-debug: Process: heapTotal 221.84MB heapUsed 195.08MB rss 270.01MB
2024-2-8 15:59:03-debug: run build task 填充脚本数据到 settings.json success in 2 ms √13%
2024-2-8 15:59:03-debug: 填充场景数据到 settings.json start13%
2024-2-8 15:59:03-debug: // ---- build task 填充脚本数据到 settings.json ---- (2ms)
2024-2-8 15:59:03-debug: // ---- build task 填充场景数据到 settings.json ---- (1ms)
2024-2-8 15:59:03-debug: 整理资源分组，生成 packedAssets 以及 rawAssets 数据 start14%
2024-2-8 15:59:03-debug: // ---- build task 整理资源分组，生成 packedAssets 以及 rawAssets 数据 ----
2024-2-8 15:59:03-debug: Process: heapTotal 221.84MB heapUsed 195.11MB rss 270.01MB
2024-2-8 15:59:03-debug: run build task 填充场景数据到 settings.json success in 1 ms √14%
2024-2-8 15:59:03-debug: run build task 整理资源分组，生成 packedAssets 以及 rawAssets 数据 success in 4 ms √14%
2024-2-8 15:59:03-debug: // ---- build task 整理资源分组，生成 packedAssets 以及 rawAssets 数据 ---- (4ms)
2024-2-8 15:59:03-debug: 从 suffixMap 生成 md5AssetsMap 到 settings.json start14%
2024-2-8 15:59:03-debug: // ---- build task 从 suffixMap 生成 md5AssetsMap 到 settings.json ----
2024-2-8 15:59:03-debug: Process: heapTotal 221.84MB heapUsed 195.18MB rss 270.02MB
2024-2-8 15:59:03-debug: options.md5Cache is false.
2024-2-8 15:59:03-debug: // ---- build task 从 suffixMap 生成 md5AssetsMap 到 settings.json ---- (4ms)
2024-2-8 15:59:03-debug: run build task 从 suffixMap 生成 md5AssetsMap 到 settings.json success in 4 ms √15%
2024-2-8 15:59:46-debug: refresh db internal success
2024-2-8 15:59:47-debug: asset-db:worker-effect-data-processing (450ms)
2024-2-8 15:59:47-debug: refresh db assets success
2024-2-8 15:59:47-debug: asset-db:refresh-all-database (626ms)
2024-2-8 16:00:31-debug: refresh db internal success
2024-2-8 16:00:31-debug: asset-db:worker-effect-data-processing (318ms)
2024-2-8 16:00:31-debug: %cImport%c: D:\cocos_projects\physics_education_game\assets\scripts\GameApp.tsbackground: #aaff85; color: #000;color: #000;
2024-2-8 16:00:31-debug: refresh db assets success
2024-2-8 16:00:31-debug: asset-db:refresh-all-database (482ms)
2024-2-8 16:00:39-debug: Query all assets info in project
2024-2-8 16:00:39-debug: BuildAssetLibrary query-assets with assets 528
2024-2-8 16:00:39-debug: init custom config: keepNodeUuid: false, useCache: true
2024-2-8 16:00:39-debug:   Number of all scenes: 2
2024-2-8 16:00:39-debug:   Number of all scripts: 48
2024-2-8 16:00:39-debug: // ---- build task 查询 Asset Bundle ----
2024-2-8 16:00:39-debug: Process: heapTotal 221.98MB heapUsed 196.60MB rss 248.63MB
2024-2-8 16:00:39-debug:   Number of other assets: 335
2024-2-8 16:00:39-debug: 查询 Asset Bundle start0%
2024-2-8 16:00:39-debug: // ---- build task 查询 Asset Bundle ---- (37ms)
2024-2-8 16:00:39-debug: run build task 查询 Asset Bundle success in 37 ms √3%
2024-2-8 16:00:39-debug: // ---- build task 查询使用的资源以及资源包配置 ----
2024-2-8 16:00:39-debug: Process: heapTotal 205.45MB heapUsed 189.62MB rss 233.57MB
2024-2-8 16:00:39-debug: 查询使用的资源以及资源包配置 start3%
2024-2-8 16:00:39-debug: init bundle assets
2024-2-8 16:00:39-debug: Query preload assets from cc.config.json: 60f7195c-ec2a-45eb-ba94-8955f60e81d0,1c02ae6f-4492-4915-b8f8-7492a3b1e4cd,810e96e4-e456-4468-9b59-f4e8f39732c0,efe8e2a3-eace-427b-b4f1-cb8a937ec77d,e9aa9a3e-5b2b-4ac7-a2c7-073de2b2b24f,8bbdbcdd-5cd4-4100-b6d5-b7c9625b6107,50f4348b-c883-4e2f-8f11-ce233b859fa1,fda095cb-831d-4601-ad94-846013963de8,f92806d7-1768-443f-afe8-12bcde84d0f0,dd3a144d-ab7f-41f0-82b8-2e43a090d496,f0416e68-0200-4b77-a926-4f9d16e494da,1baf0fc9-befa-459c-8bdd-af1a450a0319,511d2633-09a7-4bdd-ac42-f778032124b3,5d45aa00-e064-4938-b314-4265f0c2258c,28d6d6b8-3f66-4a73-9795-17a0852ba2d4,ec8106fe-05bf-4e94-943c-e0d3b7bb5e45,620b6bf3-0369-4560-837f-2a2c00b73c26,2df0a40b-26c2-47ce-be0d-4d3cd4164737,ff9be190-20a4-4e48-b68c-76e3c7cff085,970b0598-bcb0-4714-91fb-2e81440dccd8,bcd64cc6-2dd9-43f6-abbe-66318d332032,d930590d-bb92-4cc8-8bd1-23cd027f9edf,a3cd009f-0ab0-420d-9278-b9fdab939bbc,9361fd90-ba52-4f84-aa93-6e878fd576ca,c27215d8-6835-4b68-bfbb-bdeac6100c04,b5d6115f-0370-4d7c-aad3-c194cc71cf98,d1346436-ac96-4271-b863-1f4fdead95b0,971bdb23-3ff6-43eb-b422-1c30165a3663,17debcc3-0a6b-4b8a-b00b-dc58b885581e,711ebe11-f673-4cd9-9a83-63c60ba54c5b,c0143906-9aed-447e-9436-2ae8512d1b6e,14da1725-c4c2-42b4-ab08-ee0aeb6898b3,081cab31-dccd-428e-8652-f2404cc81c47,78e0584a-4343-4727-8f37-e14e65c2a2db,ba21476f-2866-4f81-9c4d-6e359316e448,871c3b6c-7379-419d-bda3-794b239ab90d,1d08ef62-a503-4ce2-8b9a-46c90873f7d3
2024-2-8 16:00:39-debug: // ---- build task 查询使用的资源以及资源包配置 ---- (13ms)
2024-2-8 16:00:39-debug: run build task 查询使用的资源以及资源包配置 success in 13 ms √7%
2024-2-8 16:00:39-debug: 整理脚本分组与脚本数据 start7%
2024-2-8 16:00:39-debug: // ---- build task 整理脚本分组与脚本数据 ----
2024-2-8 16:00:39-debug: Process: heapTotal 205.45MB heapUsed 189.95MB rss 233.58MB
2024-2-8 16:00:39-debug: sort script group...
2024-2-8 16:00:39-debug: Number of scenes: 2
2024-2-8 16:00:39-debug: // ---- build task 整理脚本分组与脚本数据 ---- (5ms)
2024-2-8 16:00:39-debug: // ---- build task 初始化 settings.json 与 config.json ----
2024-2-8 16:00:39-debug: Process: heapTotal 205.45MB heapUsed 190.02MB rss 233.58MB
2024-2-8 16:00:39-debug: // ---- build task 初始化 settings.json 与 config.json ---- (1ms)
2024-2-8 16:00:39-debug: run build task 初始化 settings.json 与 config.json success in 1 ms √11%
2024-2-8 16:00:39-debug: builder.tasks.settings.macro 字段未在编辑器多语言内定义
2024-2-8 16:00:39-debug: builder.tasks.settings.macro start11%
2024-2-8 16:00:39-debug: // ---- build task builder.tasks.settings.macro ----
2024-2-8 16:00:39-debug: Process: heapTotal 205.45MB heapUsed 190.06MB rss 233.58MB
2024-2-8 16:00:39-debug: run build task 整理脚本分组与脚本数据 success in 5 ms √10%
2024-2-8 16:00:39-debug: 初始化 settings.json 与 config.json start10%
2024-2-8 16:00:39-debug: // ---- build task builder.tasks.settings.macro ---- (4ms)
2024-2-8 16:00:39-debug: 整理部分构建选项内数据到 settings.json start11%
2024-2-8 16:00:39-debug: run build task builder.tasks.settings.macro success in 4 ms √11%
2024-2-8 16:00:39-debug: // ---- build task 整理部分构建选项内数据到 settings.json ----
2024-2-8 16:00:39-debug: Process: heapTotal 205.45MB heapUsed 190.10MB rss 233.59MB
2024-2-8 16:00:39-debug: // ---- build task 整理部分构建选项内数据到 settings.json ---- (14ms)
2024-2-8 16:00:39-debug: run build task 整理部分构建选项内数据到 settings.json success in 14 ms √12%
2024-2-8 16:00:39-debug: Process: heapTotal 205.45MB heapUsed 190.17MB rss 233.59MB
2024-2-8 16:00:39-debug: custom joint texture layouts start12%
2024-2-8 16:00:39-debug: // ---- build task custom joint texture layouts ----
2024-2-8 16:00:39-debug: // ---- build task custom joint texture layouts ---- (4ms)
2024-2-8 16:00:39-debug: Process: heapTotal 205.45MB heapUsed 190.21MB rss 233.59MB
2024-2-8 16:00:39-debug: run build task custom joint texture layouts success in 4 ms √12%
2024-2-8 16:00:39-debug: custom joint physics start12%
2024-2-8 16:00:39-debug: // ---- build task custom joint physics ----
2024-2-8 16:00:39-debug: // ---- build task custom joint physics ---- (3ms)
2024-2-8 16:00:39-debug: run build task custom joint physics success in 3 ms √13%
2024-2-8 16:00:39-debug: 填充脚本数据到 settings.json start13%
2024-2-8 16:00:39-debug: // ---- build task 填充脚本数据到 settings.json ----
2024-2-8 16:00:39-debug: Process: heapTotal 209.95MB heapUsed 189.64MB rss 233.71MB
2024-2-8 16:00:39-debug: // ---- build task 填充脚本数据到 settings.json ---- (3ms)
2024-2-8 16:00:39-debug: run build task 填充脚本数据到 settings.json success in 3 ms √13%
2024-2-8 16:00:39-debug: 填充场景数据到 settings.json start13%
2024-2-8 16:00:39-debug: // ---- build task 填充场景数据到 settings.json ----
2024-2-8 16:00:39-debug: Process: heapTotal 209.95MB heapUsed 189.67MB rss 233.74MB
2024-2-8 16:00:39-debug: run build task 填充场景数据到 settings.json success in 1 ms √14%
2024-2-8 16:00:39-debug: 整理资源分组，生成 packedAssets 以及 rawAssets 数据 start14%
2024-2-8 16:00:39-debug: // ---- build task 整理资源分组，生成 packedAssets 以及 rawAssets 数据 ----
2024-2-8 16:00:39-debug: Process: heapTotal 209.95MB heapUsed 189.70MB rss 233.77MB
2024-2-8 16:00:39-debug: // ---- build task 填充场景数据到 settings.json ---- (1ms)
2024-2-8 16:00:39-debug: // ---- build task 从 suffixMap 生成 md5AssetsMap 到 settings.json ----
2024-2-8 16:00:39-debug: run build task 整理资源分组，生成 packedAssets 以及 rawAssets 数据 success in 3 ms √14%
2024-2-8 16:00:39-debug: Process: heapTotal 209.95MB heapUsed 189.77MB rss 233.83MB
2024-2-8 16:00:39-debug: options.md5Cache is false.
2024-2-8 16:00:39-debug: // ---- build task 整理资源分组，生成 packedAssets 以及 rawAssets 数据 ---- (3ms)
2024-2-8 16:00:39-debug: 从 suffixMap 生成 md5AssetsMap 到 settings.json start14%
2024-2-8 16:00:39-debug: run build task 从 suffixMap 生成 md5AssetsMap 到 settings.json success in 1 ms √15%
2024-2-8 16:00:39-debug: // ---- build task 从 suffixMap 生成 md5AssetsMap 到 settings.json ---- (1ms)
2024-2-8 16:00:53-debug: refresh db internal success
2024-2-8 16:00:54-debug: asset-db:worker-effect-data-processing (368ms)
2024-2-8 16:00:54-debug: refresh db assets success
2024-2-8 16:00:54-debug: asset-db:refresh-all-database (556ms)
2024-2-8 16:01:13-debug: Query all assets info in project
2024-2-8 16:01:13-debug: BuildAssetLibrary query-assets with assets 528
2024-2-8 16:01:13-debug:   Number of all scenes: 2
2024-2-8 16:01:13-debug:   Number of all scripts: 48
2024-2-8 16:01:13-debug:   Number of other assets: 335
2024-2-8 16:01:13-debug: 查询 Asset Bundle start0%
2024-2-8 16:01:13-debug: // ---- build task 查询 Asset Bundle ----
2024-2-8 16:01:13-debug: Process: heapTotal 223.35MB heapUsed 195.29MB rss 245.46MB
2024-2-8 16:01:13-debug: init custom config: keepNodeUuid: false, useCache: true
2024-2-8 16:01:13-debug: // ---- build task 查询 Asset Bundle ---- (24ms)
2024-2-8 16:01:13-debug: run build task 查询 Asset Bundle success in 24 ms √3%
2024-2-8 16:01:13-debug: // ---- build task 查询使用的资源以及资源包配置 ----
2024-2-8 16:01:13-debug: 查询使用的资源以及资源包配置 start3%
2024-2-8 16:01:13-debug: Process: heapTotal 223.35MB heapUsed 197.13MB rss 247.05MB
2024-2-8 16:01:13-debug: init bundle assets
2024-2-8 16:01:13-debug: Query preload assets from cc.config.json: 60f7195c-ec2a-45eb-ba94-8955f60e81d0,1c02ae6f-4492-4915-b8f8-7492a3b1e4cd,810e96e4-e456-4468-9b59-f4e8f39732c0,efe8e2a3-eace-427b-b4f1-cb8a937ec77d,e9aa9a3e-5b2b-4ac7-a2c7-073de2b2b24f,8bbdbcdd-5cd4-4100-b6d5-b7c9625b6107,50f4348b-c883-4e2f-8f11-ce233b859fa1,fda095cb-831d-4601-ad94-846013963de8,f92806d7-1768-443f-afe8-12bcde84d0f0,dd3a144d-ab7f-41f0-82b8-2e43a090d496,f0416e68-0200-4b77-a926-4f9d16e494da,1baf0fc9-befa-459c-8bdd-af1a450a0319,511d2633-09a7-4bdd-ac42-f778032124b3,5d45aa00-e064-4938-b314-4265f0c2258c,28d6d6b8-3f66-4a73-9795-17a0852ba2d4,ec8106fe-05bf-4e94-943c-e0d3b7bb5e45,620b6bf3-0369-4560-837f-2a2c00b73c26,2df0a40b-26c2-47ce-be0d-4d3cd4164737,ff9be190-20a4-4e48-b68c-76e3c7cff085,970b0598-bcb0-4714-91fb-2e81440dccd8,bcd64cc6-2dd9-43f6-abbe-66318d332032,d930590d-bb92-4cc8-8bd1-23cd027f9edf,a3cd009f-0ab0-420d-9278-b9fdab939bbc,9361fd90-ba52-4f84-aa93-6e878fd576ca,c27215d8-6835-4b68-bfbb-bdeac6100c04,b5d6115f-0370-4d7c-aad3-c194cc71cf98,d1346436-ac96-4271-b863-1f4fdead95b0,971bdb23-3ff6-43eb-b422-1c30165a3663,17debcc3-0a6b-4b8a-b00b-dc58b885581e,711ebe11-f673-4cd9-9a83-63c60ba54c5b,c0143906-9aed-447e-9436-2ae8512d1b6e,14da1725-c4c2-42b4-ab08-ee0aeb6898b3,081cab31-dccd-428e-8652-f2404cc81c47,78e0584a-4343-4727-8f37-e14e65c2a2db,ba21476f-2866-4f81-9c4d-6e359316e448,871c3b6c-7379-419d-bda3-794b239ab90d,1d08ef62-a503-4ce2-8b9a-46c90873f7d3
2024-2-8 16:01:13-debug: Number of scenes: 2
2024-2-8 16:01:13-debug: // ---- build task 查询使用的资源以及资源包配置 ---- (13ms)
2024-2-8 16:01:13-debug: run build task 查询使用的资源以及资源包配置 success in 13 ms √7%
2024-2-8 16:01:13-debug: 整理脚本分组与脚本数据 start7%
2024-2-8 16:01:13-debug: // ---- build task 整理脚本分组与脚本数据 ----
2024-2-8 16:01:13-debug: Process: heapTotal 223.35MB heapUsed 197.43MB rss 247.37MB
2024-2-8 16:01:13-debug: sort script group...
2024-2-8 16:01:13-debug: // ---- build task 整理脚本分组与脚本数据 ---- (1ms)
2024-2-8 16:01:13-debug: run build task 整理脚本分组与脚本数据 success in 1 ms √10%
2024-2-8 16:01:13-debug: Process: heapTotal 223.35MB heapUsed 197.51MB rss 247.45MB
2024-2-8 16:01:13-debug: // ---- build task 初始化 settings.json 与 config.json ----
2024-2-8 16:01:13-debug: 初始化 settings.json 与 config.json start10%
2024-2-8 16:01:13-debug: run build task 初始化 settings.json 与 config.json success in 0 ms √11%
2024-2-8 16:01:13-debug: builder.tasks.settings.macro 字段未在编辑器多语言内定义
2024-2-8 16:01:13-debug: builder.tasks.settings.macro start11%
2024-2-8 16:01:13-debug: // ---- build task builder.tasks.settings.macro ----
2024-2-8 16:01:13-debug: Process: heapTotal 223.35MB heapUsed 197.55MB rss 247.49MB
2024-2-8 16:01:13-debug: // ---- build task builder.tasks.settings.macro ---- (2ms)
2024-2-8 16:01:13-debug: run build task builder.tasks.settings.macro success in 2 ms √11%
2024-2-8 16:01:13-debug: 整理部分构建选项内数据到 settings.json start11%
2024-2-8 16:01:13-debug: // ---- build task 整理部分构建选项内数据到 settings.json ----
2024-2-8 16:01:13-debug: Process: heapTotal 223.35MB heapUsed 197.58MB rss 247.53MB
2024-2-8 16:01:13-debug: // ---- build task 整理部分构建选项内数据到 settings.json ---- (5ms)
2024-2-8 16:01:13-debug: run build task 整理部分构建选项内数据到 settings.json success in 5 ms √12%
2024-2-8 16:01:13-debug: // ---- build task custom joint texture layouts ----
2024-2-8 16:01:13-debug: Process: heapTotal 208.06MB heapUsed 191.34MB rss 239.41MB
2024-2-8 16:01:13-debug: custom joint texture layouts start12%
2024-2-8 16:01:13-debug: // ---- build task custom joint texture layouts ---- (2ms)
2024-2-8 16:01:13-debug: custom joint physics start12%
2024-2-8 16:01:13-debug: // ---- build task custom joint physics ----
2024-2-8 16:01:13-debug: Process: heapTotal 208.06MB heapUsed 191.38MB rss 239.42MB
2024-2-8 16:01:13-debug: run build task custom joint physics success in 0 ms √13%
2024-2-8 16:01:13-debug: 填充脚本数据到 settings.json start13%
2024-2-8 16:01:13-debug: // ---- build task 填充脚本数据到 settings.json ----
2024-2-8 16:01:13-debug: Process: heapTotal 208.06MB heapUsed 191.40MB rss 239.43MB
2024-2-8 16:01:13-debug: run build task custom joint texture layouts success in 2 ms √12%
2024-2-8 16:01:13-debug: // ---- build task 填充脚本数据到 settings.json ---- (1ms)
2024-2-8 16:01:13-debug: run build task 填充脚本数据到 settings.json success in 1 ms √13%
2024-2-8 16:01:13-debug: // ---- build task 填充场景数据到 settings.json ----
2024-2-8 16:01:13-debug: 填充场景数据到 settings.json start13%
2024-2-8 16:01:13-debug: Process: heapTotal 208.06MB heapUsed 191.43MB rss 239.43MB
2024-2-8 16:01:13-debug: // ---- build task 填充场景数据到 settings.json ---- (1ms)
2024-2-8 16:01:13-debug: run build task 填充场景数据到 settings.json success in 1 ms √14%
2024-2-8 16:01:13-debug: 整理资源分组，生成 packedAssets 以及 rawAssets 数据 start14%
2024-2-8 16:01:13-debug: // ---- build task 整理资源分组，生成 packedAssets 以及 rawAssets 数据 ----
2024-2-8 16:01:13-debug: Process: heapTotal 208.06MB heapUsed 191.46MB rss 238.45MB
2024-2-8 16:01:13-debug: // ---- build task 整理资源分组，生成 packedAssets 以及 rawAssets 数据 ---- (1ms)
2024-2-8 16:01:13-debug: run build task 整理资源分组，生成 packedAssets 以及 rawAssets 数据 success in 1 ms √14%
2024-2-8 16:01:13-debug: // ---- build task 从 suffixMap 生成 md5AssetsMap 到 settings.json ----
2024-2-8 16:01:13-debug: Process: heapTotal 208.06MB heapUsed 191.53MB rss 236.55MB
2024-2-8 16:01:13-debug: 从 suffixMap 生成 md5AssetsMap 到 settings.json start14%
2024-2-8 16:01:13-debug: options.md5Cache is false.
2024-2-8 16:01:13-debug: run build task 从 suffixMap 生成 md5AssetsMap 到 settings.json success in 0 ms √15%
2024-2-8 16:01:18-debug: Query all assets info in project
2024-2-8 16:01:18-debug: BuildAssetLibrary query-assets with assets 528
2024-2-8 16:01:18-debug:   Number of all scenes: 2
2024-2-8 16:01:18-debug: init custom config: keepNodeUuid: false, useCache: true
2024-2-8 16:01:18-debug:   Number of all scripts: 48
2024-2-8 16:01:18-debug: 查询 Asset Bundle start0%
2024-2-8 16:01:18-debug: // ---- build task 查询 Asset Bundle ----
2024-2-8 16:01:18-debug: Process: heapTotal 207.56MB heapUsed 191.90MB rss 235.90MB
2024-2-8 16:01:18-debug:   Number of other assets: 335
2024-2-8 16:01:18-debug: // ---- build task 查询 Asset Bundle ---- (64ms)
2024-2-8 16:01:18-debug: run build task 查询 Asset Bundle success in 64 ms √3%
2024-2-8 16:01:18-debug: 查询使用的资源以及资源包配置 start3%
2024-2-8 16:01:18-debug: // ---- build task 查询使用的资源以及资源包配置 ----
2024-2-8 16:01:18-debug: Process: heapTotal 207.56MB heapUsed 191.65MB rss 235.25MB
2024-2-8 16:01:18-debug: init bundle assets
2024-2-8 16:01:18-debug: Query preload assets from cc.config.json: 60f7195c-ec2a-45eb-ba94-8955f60e81d0,1c02ae6f-4492-4915-b8f8-7492a3b1e4cd,810e96e4-e456-4468-9b59-f4e8f39732c0,efe8e2a3-eace-427b-b4f1-cb8a937ec77d,e9aa9a3e-5b2b-4ac7-a2c7-073de2b2b24f,8bbdbcdd-5cd4-4100-b6d5-b7c9625b6107,50f4348b-c883-4e2f-8f11-ce233b859fa1,fda095cb-831d-4601-ad94-846013963de8,f92806d7-1768-443f-afe8-12bcde84d0f0,dd3a144d-ab7f-41f0-82b8-2e43a090d496,f0416e68-0200-4b77-a926-4f9d16e494da,1baf0fc9-befa-459c-8bdd-af1a450a0319,511d2633-09a7-4bdd-ac42-f778032124b3,5d45aa00-e064-4938-b314-4265f0c2258c,28d6d6b8-3f66-4a73-9795-17a0852ba2d4,ec8106fe-05bf-4e94-943c-e0d3b7bb5e45,620b6bf3-0369-4560-837f-2a2c00b73c26,2df0a40b-26c2-47ce-be0d-4d3cd4164737,ff9be190-20a4-4e48-b68c-76e3c7cff085,970b0598-bcb0-4714-91fb-2e81440dccd8,bcd64cc6-2dd9-43f6-abbe-66318d332032,d930590d-bb92-4cc8-8bd1-23cd027f9edf,a3cd009f-0ab0-420d-9278-b9fdab939bbc,9361fd90-ba52-4f84-aa93-6e878fd576ca,c27215d8-6835-4b68-bfbb-bdeac6100c04,b5d6115f-0370-4d7c-aad3-c194cc71cf98,d1346436-ac96-4271-b863-1f4fdead95b0,971bdb23-3ff6-43eb-b422-1c30165a3663,17debcc3-0a6b-4b8a-b00b-dc58b885581e,711ebe11-f673-4cd9-9a83-63c60ba54c5b,c0143906-9aed-447e-9436-2ae8512d1b6e,14da1725-c4c2-42b4-ab08-ee0aeb6898b3,081cab31-dccd-428e-8652-f2404cc81c47,78e0584a-4343-4727-8f37-e14e65c2a2db,ba21476f-2866-4f81-9c4d-6e359316e448,871c3b6c-7379-419d-bda3-794b239ab90d,1d08ef62-a503-4ce2-8b9a-46c90873f7d3
2024-2-8 16:01:18-debug: Number of scenes: 2
2024-2-8 16:01:18-debug: // ---- build task 查询使用的资源以及资源包配置 ---- (12ms)
2024-2-8 16:01:18-debug: run build task 查询使用的资源以及资源包配置 success in 12 ms √7%
2024-2-8 16:01:18-debug: 整理脚本分组与脚本数据 start7%
2024-2-8 16:01:18-debug: // ---- build task 整理脚本分组与脚本数据 ----
2024-2-8 16:01:18-debug: Process: heapTotal 207.56MB heapUsed 191.94MB rss 235.52MB
2024-2-8 16:01:18-debug: sort script group...
2024-2-8 16:01:18-debug: // ---- build task 整理脚本分组与脚本数据 ---- (3ms)
2024-2-8 16:01:18-debug: run build task 整理脚本分组与脚本数据 success in 3 ms √10%
2024-2-8 16:01:18-debug: 初始化 settings.json 与 config.json start10%
2024-2-8 16:01:18-debug: // ---- build task 初始化 settings.json 与 config.json ----
2024-2-8 16:01:18-debug: Process: heapTotal 207.56MB heapUsed 192.02MB rss 235.60MB
2024-2-8 16:01:18-debug: run build task 初始化 settings.json 与 config.json success in 18 ms √11%
2024-2-8 16:01:18-debug: builder.tasks.settings.macro start11%
2024-2-8 16:01:18-debug: builder.tasks.settings.macro 字段未在编辑器多语言内定义
2024-2-8 16:01:18-debug: // ---- build task 初始化 settings.json 与 config.json ---- (18ms)
2024-2-8 16:01:18-debug: // ---- build task builder.tasks.settings.macro ----
2024-2-8 16:01:18-debug: Process: heapTotal 207.56MB heapUsed 192.06MB rss 235.64MB
2024-2-8 16:01:18-debug: // ---- build task builder.tasks.settings.macro ---- (7ms)
2024-2-8 16:01:18-debug: run build task builder.tasks.settings.macro success in 7 ms √11%
2024-2-8 16:01:18-debug: 整理部分构建选项内数据到 settings.json start11%
2024-2-8 16:01:18-debug: // ---- build task 整理部分构建选项内数据到 settings.json ----
2024-2-8 16:01:18-debug: Process: heapTotal 207.56MB heapUsed 192.09MB rss 235.68MB
2024-2-8 16:01:18-debug: // ---- build task 整理部分构建选项内数据到 settings.json ---- (14ms)
2024-2-8 16:01:18-debug: run build task 整理部分构建选项内数据到 settings.json success in 14 ms √12%
2024-2-8 16:01:18-debug: custom joint texture layouts start12%
2024-2-8 16:01:18-debug: // ---- build task custom joint texture layouts ----
2024-2-8 16:01:18-debug: Process: heapTotal 207.56MB heapUsed 192.16MB rss 235.75MB
2024-2-8 16:01:18-debug: // ---- build task custom joint physics ----
2024-2-8 16:01:18-debug: Process: heapTotal 207.56MB heapUsed 192.19MB rss 235.79MB
2024-2-8 16:01:18-debug: run build task custom joint texture layouts success in 5 ms √12%
2024-2-8 16:01:18-debug: custom joint physics start12%
2024-2-8 16:01:18-debug: // ---- build task custom joint texture layouts ---- (5ms)
2024-2-8 16:01:18-debug: run build task custom joint physics success in 0 ms √13%
2024-2-8 16:01:18-debug: // ---- build task 填充脚本数据到 settings.json ----
2024-2-8 16:01:18-debug: Process: heapTotal 207.56MB heapUsed 192.22MB rss 235.81MB
2024-2-8 16:01:18-debug: 填充脚本数据到 settings.json start13%
2024-2-8 16:01:18-debug: run build task 填充脚本数据到 settings.json success in 0 ms √13%
2024-2-8 16:01:18-debug: // ---- build task 填充场景数据到 settings.json ----
2024-2-8 16:01:18-debug: Process: heapTotal 207.56MB heapUsed 192.24MB rss 235.84MB
2024-2-8 16:01:18-debug: 填充场景数据到 settings.json start13%
2024-2-8 16:01:18-debug: // ---- build task 填充场景数据到 settings.json ---- (1ms)
2024-2-8 16:01:18-debug: run build task 填充场景数据到 settings.json success in 1 ms √14%
2024-2-8 16:01:18-debug: // ---- build task 整理资源分组，生成 packedAssets 以及 rawAssets 数据 ----
2024-2-8 16:01:18-debug: Process: heapTotal 207.56MB heapUsed 192.28MB rss 235.88MB
2024-2-8 16:01:18-debug: 整理资源分组，生成 packedAssets 以及 rawAssets 数据 start14%
2024-2-8 16:01:18-debug: // ---- build task 整理资源分组，生成 packedAssets 以及 rawAssets 数据 ---- (1ms)
2024-2-8 16:01:18-debug: run build task 整理资源分组，生成 packedAssets 以及 rawAssets 数据 success in 1 ms √14%
2024-2-8 16:01:18-debug: 从 suffixMap 生成 md5AssetsMap 到 settings.json start14%
2024-2-8 16:01:18-debug: Process: heapTotal 207.56MB heapUsed 192.32MB rss 235.92MB
2024-2-8 16:01:18-debug: // ---- build task 从 suffixMap 生成 md5AssetsMap 到 settings.json ----
2024-2-8 16:01:18-debug: options.md5Cache is false.
2024-2-8 16:01:18-debug: // ---- build task 从 suffixMap 生成 md5AssetsMap 到 settings.json ---- (2ms)
2024-2-8 16:01:18-debug: run build task 从 suffixMap 生成 md5AssetsMap 到 settings.json success in 2 ms √15%
2024-2-8 16:01:37-debug: refresh db internal success
2024-2-8 16:01:38-debug: asset-db:worker-effect-data-processing (498ms)
2024-2-8 16:01:38-debug: refresh db assets success
2024-2-8 16:01:38-debug: asset-db:refresh-all-database (703ms)
2024-2-8 16:02:17-debug: refresh db internal success
2024-2-8 16:02:17-debug: asset-db:worker-effect-data-processing (417ms)
2024-2-8 16:02:17-debug: refresh db assets success
2024-2-8 16:02:17-debug: asset-db:refresh-all-database (501ms)
2024-2-8 16:02:58-debug: refresh db internal success
2024-2-8 16:02:58-debug: asset-db:worker-effect-data-processing (332ms)
2024-2-8 16:02:58-debug: refresh db assets success
2024-2-8 16:02:58-debug: asset-db:refresh-all-database (424ms)
2024-2-8 16:03:31-debug: refresh db internal success
2024-2-8 16:03:32-debug: asset-db:worker-effect-data-processing (328ms)
2024-2-8 16:03:32-debug: refresh db assets success
2024-2-8 16:03:32-debug: asset-db:refresh-all-database (418ms)
2024-2-8 16:03:36-debug: Query all assets info in project
2024-2-8 16:03:36-debug: BuildAssetLibrary query-assets with assets 528
2024-2-8 16:03:36-debug: init custom config: keepNodeUuid: false, useCache: true
2024-2-8 16:03:36-debug:   Number of all scenes: 2
2024-2-8 16:03:36-debug:   Number of all scripts: 48
2024-2-8 16:03:36-debug:   Number of other assets: 335
2024-2-8 16:03:36-debug: // ---- build task 查询 Asset Bundle ----
2024-2-8 16:03:36-debug: Process: heapTotal 221.43MB heapUsed 196.50MB rss 201.38MB
2024-2-8 16:03:36-debug: 查询 Asset Bundle start0%
2024-2-8 16:03:36-debug: // ---- build task 查询 Asset Bundle ---- (29ms)
2024-2-8 16:03:36-debug: run build task 查询 Asset Bundle success in 29 ms √3%
2024-2-8 16:03:36-debug: 查询使用的资源以及资源包配置 start3%
2024-2-8 16:03:36-debug: Process: heapTotal 219.20MB heapUsed 190.30MB rss 198.56MB
2024-2-8 16:03:36-debug: init bundle assets
2024-2-8 16:03:36-debug: // ---- build task 查询使用的资源以及资源包配置 ----
2024-2-8 16:03:36-debug: Query preload assets from cc.config.json: 60f7195c-ec2a-45eb-ba94-8955f60e81d0,1c02ae6f-4492-4915-b8f8-7492a3b1e4cd,810e96e4-e456-4468-9b59-f4e8f39732c0,efe8e2a3-eace-427b-b4f1-cb8a937ec77d,e9aa9a3e-5b2b-4ac7-a2c7-073de2b2b24f,8bbdbcdd-5cd4-4100-b6d5-b7c9625b6107,50f4348b-c883-4e2f-8f11-ce233b859fa1,fda095cb-831d-4601-ad94-846013963de8,f92806d7-1768-443f-afe8-12bcde84d0f0,dd3a144d-ab7f-41f0-82b8-2e43a090d496,f0416e68-0200-4b77-a926-4f9d16e494da,1baf0fc9-befa-459c-8bdd-af1a450a0319,511d2633-09a7-4bdd-ac42-f778032124b3,5d45aa00-e064-4938-b314-4265f0c2258c,28d6d6b8-3f66-4a73-9795-17a0852ba2d4,ec8106fe-05bf-4e94-943c-e0d3b7bb5e45,620b6bf3-0369-4560-837f-2a2c00b73c26,2df0a40b-26c2-47ce-be0d-4d3cd4164737,ff9be190-20a4-4e48-b68c-76e3c7cff085,970b0598-bcb0-4714-91fb-2e81440dccd8,bcd64cc6-2dd9-43f6-abbe-66318d332032,d930590d-bb92-4cc8-8bd1-23cd027f9edf,a3cd009f-0ab0-420d-9278-b9fdab939bbc,9361fd90-ba52-4f84-aa93-6e878fd576ca,c27215d8-6835-4b68-bfbb-bdeac6100c04,b5d6115f-0370-4d7c-aad3-c194cc71cf98,d1346436-ac96-4271-b863-1f4fdead95b0,971bdb23-3ff6-43eb-b422-1c30165a3663,17debcc3-0a6b-4b8a-b00b-dc58b885581e,711ebe11-f673-4cd9-9a83-63c60ba54c5b,c0143906-9aed-447e-9436-2ae8512d1b6e,14da1725-c4c2-42b4-ab08-ee0aeb6898b3,081cab31-dccd-428e-8652-f2404cc81c47,78e0584a-4343-4727-8f37-e14e65c2a2db,ba21476f-2866-4f81-9c4d-6e359316e448,871c3b6c-7379-419d-bda3-794b239ab90d,1d08ef62-a503-4ce2-8b9a-46c90873f7d3
2024-2-8 16:03:36-debug: Number of scenes: 2
2024-2-8 16:03:36-debug: // ---- build task 查询使用的资源以及资源包配置 ---- (10ms)
2024-2-8 16:03:36-debug: run build task 查询使用的资源以及资源包配置 success in 10 ms √7%
2024-2-8 16:03:36-debug: 整理脚本分组与脚本数据 start7%
2024-2-8 16:03:36-debug: Process: heapTotal 219.20MB heapUsed 190.61MB rss 198.56MB
2024-2-8 16:03:36-debug: // ---- build task 整理脚本分组与脚本数据 ----
2024-2-8 16:03:36-debug: sort script group...
2024-2-8 16:03:36-debug: // ---- build task 整理脚本分组与脚本数据 ---- (1ms)
2024-2-8 16:03:36-debug: run build task 整理脚本分组与脚本数据 success in 1 ms √10%
2024-2-8 16:03:36-debug: 初始化 settings.json 与 config.json start10%
2024-2-8 16:03:36-debug: // ---- build task 初始化 settings.json 与 config.json ----
2024-2-8 16:03:36-debug: Process: heapTotal 219.20MB heapUsed 190.68MB rss 198.57MB
2024-2-8 16:03:36-debug: run build task 初始化 settings.json 与 config.json success in 0 ms √11%
2024-2-8 16:03:36-debug: builder.tasks.settings.macro 字段未在编辑器多语言内定义
2024-2-8 16:03:36-debug: builder.tasks.settings.macro start11%
2024-2-8 16:03:36-debug: // ---- build task builder.tasks.settings.macro ----
2024-2-8 16:03:36-debug: Process: heapTotal 219.20MB heapUsed 190.72MB rss 198.56MB
2024-2-8 16:03:36-debug: // ---- build task builder.tasks.settings.macro ---- (1ms)
2024-2-8 16:03:36-debug: 整理部分构建选项内数据到 settings.json start11%
2024-2-8 16:03:36-debug: run build task builder.tasks.settings.macro success in 1 ms √11%
2024-2-8 16:03:36-debug: // ---- build task 整理部分构建选项内数据到 settings.json ----
2024-2-8 16:03:36-debug: Process: heapTotal 219.20MB heapUsed 190.76MB rss 198.57MB
2024-2-8 16:03:36-debug: // ---- build task 整理部分构建选项内数据到 settings.json ---- (3ms)
2024-2-8 16:03:36-debug: run build task 整理部分构建选项内数据到 settings.json success in 3 ms √12%
2024-2-8 16:03:36-debug: Process: heapTotal 219.20MB heapUsed 190.83MB rss 198.59MB
2024-2-8 16:03:36-debug: // ---- build task custom joint texture layouts ----
2024-2-8 16:03:36-debug: custom joint texture layouts start12%
2024-2-8 16:03:36-debug: // ---- build task custom joint texture layouts ---- (3ms)
2024-2-8 16:03:36-debug: run build task custom joint texture layouts success in 3 ms √12%
2024-2-8 16:03:36-debug: custom joint physics start12%
2024-2-8 16:03:36-debug: // ---- build task custom joint physics ----
2024-2-8 16:03:36-debug: Process: heapTotal 219.20MB heapUsed 190.86MB rss 198.59MB
2024-2-8 16:03:36-debug: // ---- build task custom joint physics ---- (3ms)
2024-2-8 16:03:36-debug: run build task custom joint physics success in 3 ms √13%
2024-2-8 16:03:36-debug: 填充脚本数据到 settings.json start13%
2024-2-8 16:03:36-debug: Process: heapTotal 219.20MB heapUsed 190.89MB rss 198.59MB
2024-2-8 16:03:36-debug: // ---- build task 填充脚本数据到 settings.json ----
2024-2-8 16:03:36-debug: // ---- build task 填充脚本数据到 settings.json ---- (1ms)
2024-2-8 16:03:36-debug: run build task 填充脚本数据到 settings.json success in 1 ms √13%
2024-2-8 16:03:36-debug: 填充场景数据到 settings.json start13%
2024-2-8 16:03:36-debug: // ---- build task 填充场景数据到 settings.json ----
2024-2-8 16:03:36-debug: Process: heapTotal 219.20MB heapUsed 190.92MB rss 198.60MB
2024-2-8 16:03:36-debug: // ---- build task 填充场景数据到 settings.json ---- (2ms)
2024-2-8 16:03:36-debug: run build task 填充场景数据到 settings.json success in 2 ms √14%
2024-2-8 16:03:36-debug: 整理资源分组，生成 packedAssets 以及 rawAssets 数据 start14%
2024-2-8 16:03:36-debug: // ---- build task 整理资源分组，生成 packedAssets 以及 rawAssets 数据 ----
2024-2-8 16:03:36-debug: Process: heapTotal 219.20MB heapUsed 190.95MB rss 198.61MB
2024-2-8 16:03:36-debug: // ---- build task 整理资源分组，生成 packedAssets 以及 rawAssets 数据 ---- (1ms)
2024-2-8 16:03:36-debug: run build task 整理资源分组，生成 packedAssets 以及 rawAssets 数据 success in 1 ms √14%
2024-2-8 16:03:36-debug: // ---- build task 从 suffixMap 生成 md5AssetsMap 到 settings.json ----
2024-2-8 16:03:36-debug: 从 suffixMap 生成 md5AssetsMap 到 settings.json start14%
2024-2-8 16:03:36-debug: options.md5Cache is false.
2024-2-8 16:03:36-debug: Process: heapTotal 219.20MB heapUsed 191.01MB rss 198.62MB
2024-2-8 16:03:36-debug: // ---- build task 从 suffixMap 生成 md5AssetsMap 到 settings.json ---- (1ms)
2024-2-8 16:03:36-debug: run build task 从 suffixMap 生成 md5AssetsMap 到 settings.json success in 1 ms √15%
2024-2-8 16:03:57-debug: refresh db internal success
2024-2-8 16:03:57-debug: asset-db:worker-effect-data-processing (494ms)
2024-2-8 16:03:57-debug: refresh db assets success
2024-2-8 16:03:57-debug: asset-db:refresh-all-database (707ms)
2024-2-8 16:04:07-debug: programming:execute-script (5ms)
2024-2-8 16:04:09-debug: Query all assets info in project
2024-2-8 16:04:09-debug: BuildAssetLibrary query-assets with assets 528
2024-2-8 16:04:09-debug: init custom config: keepNodeUuid: false, useCache: true
2024-2-8 16:04:09-debug:   Number of all scenes: 2
2024-2-8 16:04:09-debug:   Number of other assets: 335
2024-2-8 16:04:09-debug: // ---- build task 查询 Asset Bundle ----
2024-2-8 16:04:09-debug: Process: heapTotal 207.36MB heapUsed 190.92MB rss 186.86MB
2024-2-8 16:04:09-debug:   Number of all scripts: 48
2024-2-8 16:04:09-debug: 查询 Asset Bundle start0%
2024-2-8 16:04:09-debug: // ---- build task 查询 Asset Bundle ---- (18ms)
2024-2-8 16:04:09-debug: run build task 查询 Asset Bundle success in 18 ms √3%
2024-2-8 16:04:09-debug: Process: heapTotal 206.86MB heapUsed 190.65MB rss 185.74MB
2024-2-8 16:04:09-debug: 查询使用的资源以及资源包配置 start3%
2024-2-8 16:04:09-debug: init bundle assets
2024-2-8 16:04:09-debug: // ---- build task 查询使用的资源以及资源包配置 ----
2024-2-8 16:04:09-debug: Query preload assets from cc.config.json: 60f7195c-ec2a-45eb-ba94-8955f60e81d0,1c02ae6f-4492-4915-b8f8-7492a3b1e4cd,810e96e4-e456-4468-9b59-f4e8f39732c0,efe8e2a3-eace-427b-b4f1-cb8a937ec77d,e9aa9a3e-5b2b-4ac7-a2c7-073de2b2b24f,8bbdbcdd-5cd4-4100-b6d5-b7c9625b6107,50f4348b-c883-4e2f-8f11-ce233b859fa1,fda095cb-831d-4601-ad94-846013963de8,f92806d7-1768-443f-afe8-12bcde84d0f0,dd3a144d-ab7f-41f0-82b8-2e43a090d496,f0416e68-0200-4b77-a926-4f9d16e494da,1baf0fc9-befa-459c-8bdd-af1a450a0319,511d2633-09a7-4bdd-ac42-f778032124b3,5d45aa00-e064-4938-b314-4265f0c2258c,28d6d6b8-3f66-4a73-9795-17a0852ba2d4,ec8106fe-05bf-4e94-943c-e0d3b7bb5e45,620b6bf3-0369-4560-837f-2a2c00b73c26,2df0a40b-26c2-47ce-be0d-4d3cd4164737,ff9be190-20a4-4e48-b68c-76e3c7cff085,970b0598-bcb0-4714-91fb-2e81440dccd8,bcd64cc6-2dd9-43f6-abbe-66318d332032,d930590d-bb92-4cc8-8bd1-23cd027f9edf,a3cd009f-0ab0-420d-9278-b9fdab939bbc,9361fd90-ba52-4f84-aa93-6e878fd576ca,c27215d8-6835-4b68-bfbb-bdeac6100c04,b5d6115f-0370-4d7c-aad3-c194cc71cf98,d1346436-ac96-4271-b863-1f4fdead95b0,971bdb23-3ff6-43eb-b422-1c30165a3663,17debcc3-0a6b-4b8a-b00b-dc58b885581e,711ebe11-f673-4cd9-9a83-63c60ba54c5b,c0143906-9aed-447e-9436-2ae8512d1b6e,14da1725-c4c2-42b4-ab08-ee0aeb6898b3,081cab31-dccd-428e-8652-f2404cc81c47,78e0584a-4343-4727-8f37-e14e65c2a2db,ba21476f-2866-4f81-9c4d-6e359316e448,871c3b6c-7379-419d-bda3-794b239ab90d,1d08ef62-a503-4ce2-8b9a-46c90873f7d3
2024-2-8 16:04:09-debug: Number of scenes: 2
2024-2-8 16:04:09-debug: run build task 查询使用的资源以及资源包配置 success in 7 ms √7%
2024-2-8 16:04:09-debug: // ---- build task 查询使用的资源以及资源包配置 ---- (7ms)
2024-2-8 16:04:09-debug: 整理脚本分组与脚本数据 start7%
2024-2-8 16:04:09-debug: // ---- build task 整理脚本分组与脚本数据 ----
2024-2-8 16:04:09-debug: Process: heapTotal 206.86MB heapUsed 190.95MB rss 186.08MB
2024-2-8 16:04:09-debug: sort script group...
2024-2-8 16:04:09-debug: // ---- build task 整理脚本分组与脚本数据 ---- (1ms)
2024-2-8 16:04:09-debug: run build task 整理脚本分组与脚本数据 success in 1 ms √10%
2024-2-8 16:04:09-debug: 初始化 settings.json 与 config.json start10%
2024-2-8 16:04:09-debug: // ---- build task 初始化 settings.json 与 config.json ----
2024-2-8 16:04:09-debug: Process: heapTotal 206.86MB heapUsed 191.03MB rss 186.15MB
2024-2-8 16:04:09-debug: // ---- build task 初始化 settings.json 与 config.json ---- (1ms)
2024-2-8 16:04:09-debug: run build task 初始化 settings.json 与 config.json success in 1 ms √11%
2024-2-8 16:04:09-debug: builder.tasks.settings.macro 字段未在编辑器多语言内定义
2024-2-8 16:04:09-debug: Process: heapTotal 206.86MB heapUsed 191.07MB rss 186.19MB
2024-2-8 16:04:09-debug: builder.tasks.settings.macro start11%
2024-2-8 16:04:09-debug: // ---- build task builder.tasks.settings.macro ----
2024-2-8 16:04:09-debug: // ---- build task builder.tasks.settings.macro ---- (2ms)
2024-2-8 16:04:09-debug: run build task builder.tasks.settings.macro success in 2 ms √11%
2024-2-8 16:04:09-debug: 整理部分构建选项内数据到 settings.json start11%
2024-2-8 16:04:09-debug: // ---- build task 整理部分构建选项内数据到 settings.json ----
2024-2-8 16:04:09-debug: Process: heapTotal 206.86MB heapUsed 191.11MB rss 186.23MB
2024-2-8 16:04:09-debug: // ---- build task 整理部分构建选项内数据到 settings.json ---- (4ms)
2024-2-8 16:04:09-debug: run build task 整理部分构建选项内数据到 settings.json success in 4 ms √12%
2024-2-8 16:04:09-debug: Process: heapTotal 206.86MB heapUsed 191.18MB rss 186.34MB
2024-2-8 16:04:09-debug: custom joint texture layouts start12%
2024-2-8 16:04:09-debug: // ---- build task custom joint texture layouts ----
2024-2-8 16:04:09-debug: run build task custom joint texture layouts success in 1 ms √12%
2024-2-8 16:04:09-debug: // ---- build task custom joint texture layouts ---- (1ms)
2024-2-8 16:04:09-debug: // ---- build task custom joint physics ----
2024-2-8 16:04:09-debug: custom joint physics start12%
2024-2-8 16:04:09-debug: Process: heapTotal 206.86MB heapUsed 191.21MB rss 186.37MB
2024-2-8 16:04:09-debug: // ---- build task custom joint physics ---- (2ms)
2024-2-8 16:04:09-debug: run build task custom joint physics success in 2 ms √13%
2024-2-8 16:04:09-debug: 填充脚本数据到 settings.json start13%
2024-2-8 16:04:09-debug: // ---- build task 填充脚本数据到 settings.json ----
2024-2-8 16:04:09-debug: Process: heapTotal 206.86MB heapUsed 191.24MB rss 186.40MB
2024-2-8 16:04:09-debug: // ---- build task 填充脚本数据到 settings.json ---- (1ms)
2024-2-8 16:04:09-debug: run build task 填充脚本数据到 settings.json success in 1 ms √13%
2024-2-8 16:04:09-debug: // ---- build task 填充场景数据到 settings.json ----
2024-2-8 16:04:09-debug: Process: heapTotal 206.86MB heapUsed 191.27MB rss 186.43MB
2024-2-8 16:04:09-debug: 填充场景数据到 settings.json start13%
2024-2-8 16:04:09-debug: // ---- build task 填充场景数据到 settings.json ---- (1ms)
2024-2-8 16:04:09-debug: run build task 填充场景数据到 settings.json success in 1 ms √14%
2024-2-8 16:04:09-debug: 整理资源分组，生成 packedAssets 以及 rawAssets 数据 start14%
2024-2-8 16:04:09-debug: // ---- build task 整理资源分组，生成 packedAssets 以及 rawAssets 数据 ----
2024-2-8 16:04:09-debug: Process: heapTotal 206.86MB heapUsed 191.30MB rss 186.47MB
2024-2-8 16:04:09-debug: 从 suffixMap 生成 md5AssetsMap 到 settings.json start14%
2024-2-8 16:04:09-debug: // ---- build task 从 suffixMap 生成 md5AssetsMap 到 settings.json ----
2024-2-8 16:04:09-debug: Process: heapTotal 206.86MB heapUsed 190.65MB rss 185.36MB
2024-2-8 16:04:09-debug: options.md5Cache is false.
2024-2-8 16:04:09-debug: // ---- build task 整理资源分组，生成 packedAssets 以及 rawAssets 数据 ---- (3ms)
2024-2-8 16:04:09-debug: run build task 整理资源分组，生成 packedAssets 以及 rawAssets 数据 success in 3 ms √14%
2024-2-8 16:04:09-debug: run build task 从 suffixMap 生成 md5AssetsMap 到 settings.json success in 0 ms √15%
2024-2-8 16:05:06-debug: refresh db internal success
2024-2-8 16:05:06-debug: asset-db:worker-effect-data-processing (392ms)
2024-2-8 16:05:06-debug: %cImport%c: D:\cocos_projects\physics_education_game\assets\scripts\GameApp.tsbackground: #aaff85; color: #000;color: #000;
2024-2-8 16:05:06-debug: refresh db assets success
2024-2-8 16:05:06-debug: asset-db:refresh-all-database (589ms)
2024-2-8 16:05:10-debug: Query all assets info in project
2024-2-8 16:05:10-debug: BuildAssetLibrary query-assets with assets 528
2024-2-8 16:05:10-debug: init custom config: keepNodeUuid: false, useCache: true
2024-2-8 16:05:10-debug:   Number of all scripts: 48
2024-2-8 16:05:10-debug:   Number of other assets: 335
2024-2-8 16:05:10-debug: 查询 Asset Bundle start0%
2024-2-8 16:05:10-debug: // ---- build task 查询 Asset Bundle ----
2024-2-8 16:05:10-debug: Process: heapTotal 221.96MB heapUsed 194.22MB rss 200.39MB
2024-2-8 16:05:10-debug: // ---- build task 查询 Asset Bundle ---- (30ms)
2024-2-8 16:05:10-debug: run build task 查询 Asset Bundle success in 30 ms √3%
2024-2-8 16:05:10-debug: 查询使用的资源以及资源包配置 start3%
2024-2-8 16:05:10-debug: // ---- build task 查询使用的资源以及资源包配置 ----
2024-2-8 16:05:10-debug: init bundle assets
2024-2-8 16:05:10-debug:   Number of all scenes: 2
2024-2-8 16:05:10-debug: Process: heapTotal 221.96MB heapUsed 196.05MB rss 201.39MB
2024-2-8 16:05:10-debug: Query preload assets from cc.config.json: 60f7195c-ec2a-45eb-ba94-8955f60e81d0,1c02ae6f-4492-4915-b8f8-7492a3b1e4cd,810e96e4-e456-4468-9b59-f4e8f39732c0,efe8e2a3-eace-427b-b4f1-cb8a937ec77d,e9aa9a3e-5b2b-4ac7-a2c7-073de2b2b24f,8bbdbcdd-5cd4-4100-b6d5-b7c9625b6107,50f4348b-c883-4e2f-8f11-ce233b859fa1,fda095cb-831d-4601-ad94-846013963de8,f92806d7-1768-443f-afe8-12bcde84d0f0,dd3a144d-ab7f-41f0-82b8-2e43a090d496,f0416e68-0200-4b77-a926-4f9d16e494da,1baf0fc9-befa-459c-8bdd-af1a450a0319,511d2633-09a7-4bdd-ac42-f778032124b3,5d45aa00-e064-4938-b314-4265f0c2258c,28d6d6b8-3f66-4a73-9795-17a0852ba2d4,ec8106fe-05bf-4e94-943c-e0d3b7bb5e45,620b6bf3-0369-4560-837f-2a2c00b73c26,2df0a40b-26c2-47ce-be0d-4d3cd4164737,ff9be190-20a4-4e48-b68c-76e3c7cff085,970b0598-bcb0-4714-91fb-2e81440dccd8,bcd64cc6-2dd9-43f6-abbe-66318d332032,d930590d-bb92-4cc8-8bd1-23cd027f9edf,a3cd009f-0ab0-420d-9278-b9fdab939bbc,9361fd90-ba52-4f84-aa93-6e878fd576ca,c27215d8-6835-4b68-bfbb-bdeac6100c04,b5d6115f-0370-4d7c-aad3-c194cc71cf98,d1346436-ac96-4271-b863-1f4fdead95b0,971bdb23-3ff6-43eb-b422-1c30165a3663,17debcc3-0a6b-4b8a-b00b-dc58b885581e,711ebe11-f673-4cd9-9a83-63c60ba54c5b,c0143906-9aed-447e-9436-2ae8512d1b6e,14da1725-c4c2-42b4-ab08-ee0aeb6898b3,081cab31-dccd-428e-8652-f2404cc81c47,78e0584a-4343-4727-8f37-e14e65c2a2db,ba21476f-2866-4f81-9c4d-6e359316e448,871c3b6c-7379-419d-bda3-794b239ab90d,1d08ef62-a503-4ce2-8b9a-46c90873f7d3
2024-2-8 16:05:10-debug: Number of scenes: 2
2024-2-8 16:05:10-debug: // ---- build task 查询使用的资源以及资源包配置 ---- (12ms)
2024-2-8 16:05:10-debug: run build task 查询使用的资源以及资源包配置 success in 12 ms √7%
2024-2-8 16:05:10-debug: 整理脚本分组与脚本数据 start7%
2024-2-8 16:05:10-debug: // ---- build task 整理脚本分组与脚本数据 ----
2024-2-8 16:05:10-debug: Process: heapTotal 221.96MB heapUsed 196.36MB rss 201.72MB
2024-2-8 16:05:10-debug: sort script group...
2024-2-8 16:05:10-debug: // ---- build task 整理脚本分组与脚本数据 ---- (1ms)
2024-2-8 16:05:10-debug: run build task 整理脚本分组与脚本数据 success in 1 ms √10%
2024-2-8 16:05:10-debug: 初始化 settings.json 与 config.json start10%
2024-2-8 16:05:10-debug: // ---- build task 初始化 settings.json 与 config.json ----
2024-2-8 16:05:10-debug: Process: heapTotal 221.96MB heapUsed 196.43MB rss 201.80MB
2024-2-8 16:05:10-debug: builder.tasks.settings.macro 字段未在编辑器多语言内定义
2024-2-8 16:05:10-debug: builder.tasks.settings.macro start11%
2024-2-8 16:05:10-debug: // ---- build task 初始化 settings.json 与 config.json ---- (2ms)
2024-2-8 16:05:10-debug: Process: heapTotal 221.96MB heapUsed 196.48MB rss 201.84MB
2024-2-8 16:05:10-debug: // ---- build task builder.tasks.settings.macro ----
2024-2-8 16:05:10-debug: run build task 初始化 settings.json 与 config.json success in 2 ms √11%
2024-2-8 16:05:10-debug: // ---- build task builder.tasks.settings.macro ---- (2ms)
2024-2-8 16:05:10-debug: run build task builder.tasks.settings.macro success in 2 ms √11%
2024-2-8 16:05:10-debug: 整理部分构建选项内数据到 settings.json start11%
2024-2-8 16:05:10-debug: // ---- build task 整理部分构建选项内数据到 settings.json ----
2024-2-8 16:05:10-debug: Process: heapTotal 221.96MB heapUsed 196.51MB rss 201.88MB
2024-2-8 16:05:10-debug: // ---- build task 整理部分构建选项内数据到 settings.json ---- (6ms)
2024-2-8 16:05:10-debug: custom joint texture layouts start12%
2024-2-8 16:05:10-debug: run build task 整理部分构建选项内数据到 settings.json success in 6 ms √12%
2024-2-8 16:05:10-debug: // ---- build task custom joint texture layouts ----
2024-2-8 16:05:10-debug: Process: heapTotal 221.96MB heapUsed 196.58MB rss 201.96MB
2024-2-8 16:05:10-debug: // ---- build task custom joint texture layouts ---- (7ms)
2024-2-8 16:05:10-debug: run build task custom joint texture layouts success in 7 ms √12%
2024-2-8 16:05:10-debug: custom joint physics start12%
2024-2-8 16:05:10-debug: // ---- build task custom joint physics ----
2024-2-8 16:05:10-debug: Process: heapTotal 221.96MB heapUsed 196.61MB rss 201.99MB
2024-2-8 16:05:10-debug: // ---- build task custom joint physics ---- (2ms)
2024-2-8 16:05:10-debug: run build task custom joint physics success in 2 ms √13%
2024-2-8 16:05:10-debug: 填充脚本数据到 settings.json start13%
2024-2-8 16:05:10-debug: // ---- build task 填充脚本数据到 settings.json ----
2024-2-8 16:05:10-debug: Process: heapTotal 221.96MB heapUsed 196.64MB rss 202.02MB
2024-2-8 16:05:10-debug: run build task 填充脚本数据到 settings.json success in 0 ms √13%
2024-2-8 16:05:10-debug: // ---- build task 填充场景数据到 settings.json ----
2024-2-8 16:05:10-debug: 填充场景数据到 settings.json start13%
2024-2-8 16:05:10-debug: Process: heapTotal 221.96MB heapUsed 196.67MB rss 202.05MB
2024-2-8 16:05:10-debug: // ---- build task 填充场景数据到 settings.json ---- (2ms)
2024-2-8 16:05:10-debug: run build task 填充场景数据到 settings.json success in 2 ms √14%
2024-2-8 16:05:10-debug: 整理资源分组，生成 packedAssets 以及 rawAssets 数据 start14%
2024-2-8 16:05:10-debug: // ---- build task 整理资源分组，生成 packedAssets 以及 rawAssets 数据 ----
2024-2-8 16:05:10-debug: Process: heapTotal 221.96MB heapUsed 196.70MB rss 202.08MB
2024-2-8 16:05:10-debug: // ---- build task 整理资源分组，生成 packedAssets 以及 rawAssets 数据 ---- (1ms)
2024-2-8 16:05:10-debug: run build task 整理资源分组，生成 packedAssets 以及 rawAssets 数据 success in 1 ms √14%
2024-2-8 16:05:10-debug: 从 suffixMap 生成 md5AssetsMap 到 settings.json start14%
2024-2-8 16:05:10-debug: // ---- build task 从 suffixMap 生成 md5AssetsMap 到 settings.json ----
2024-2-8 16:05:10-debug: Process: heapTotal 221.96MB heapUsed 196.76MB rss 202.14MB
2024-2-8 16:05:10-debug: options.md5Cache is false.
2024-2-8 16:05:10-debug: // ---- build task 从 suffixMap 生成 md5AssetsMap 到 settings.json ---- (1ms)
2024-2-8 16:05:10-debug: run build task 从 suffixMap 生成 md5AssetsMap 到 settings.json success in 1 ms √15%
2024-2-8 16:05:35-debug: refresh db internal success
2024-2-8 16:05:35-debug: asset-db:worker-effect-data-processing (429ms)
2024-2-8 16:05:35-debug: refresh db assets success
2024-2-8 16:05:35-debug: asset-db:refresh-all-database (606ms)
